query_id,best_hit,best_evalue,best_score,score_mean,score_std,score_gmean
sp|A1A5B4|ANO9_HUMAN,5OYB_A,3.2e-107,859.51,643.35,193.54,614.67
sp|A1KXE4|F168B_HUMAN,4M9K_A,460.0,23.12,nan,nan,nan
tr|E9PFV2|E9PFV2_HUMAN,3E00_D,1.1e-76,487.43,117.42,64.30,105.55
sp|O00294|TULP1_HUMAN,3C5N_B,4.9e-63,417.04,411.53,5.51,411.49
sp|O14727|APAF_HUMAN,5JUY_B,2.1e-128,956.31,230.78,85.39,222.93
sp|O14745|NHRF1_HUMAN,2KRG_A,9e-42,272.93,80.32,33.05,76.12
sp|O14777|NDC80_HUMAN,2VE7_B,2.2e-44,331.2,294.18,46.14,290.15
sp|O15488|GLYG2_HUMAN,1ZDF_A,9.6e-57,378.57,161.99,78.62,148.33
sp|O43903|GAS2_HUMAN,1V5R_A,1.5e-21,139.87,86.54,26.25,82.79
sp|O75132|ZBED4_HUMAN,2BW3_A,5.7e-32,238.2,238.20,0.00,238.20
sp|O95154|ARK73_HUMAN,1GVE_A,3.9e-39,251.57,141.91,19.43,140.73
sp|O95163|ELP1_HUMAN,6QK7_A,1.3e-123,1024.53,386.31,341.66,256.97
sp|O95279|KCNK5_HUMAN,6WLV_A,6.8e-48,321.38,169.48,73.92,150.10
sp|O95297|MPZL1_HUMAN,6J8J_C,3.4e-14,95.61,67.31,13.43,66.02
sp|O95450|ATS2_HUMAN,6QIG_A,1.4e-83,631.28,179.37,98.93,157.77
sp|O95970|LGI1_HUMAN,5Y31_B,4.8e-64,441.38,83.89,35.62,80.80
sp|P01911|DRB1_HUMAN,4D8P_D,4e-27,169.53,107.70,31.77,101.76
sp|P02656|APOC3_HUMAN,2JQ3_A,2.3e-33,189.36,116.56,51.48,106.76
sp|P04155|TFF1_HUMAN,2PSP_A,8e-11,67.31,55.17,7.22,54.72
sp|P05387|RLA2_HUMAN,4V6I_Bv,1.1e-23,133.69,89.40,27.72,85.04
sp|P05408|7B2_HUMAN,5F4Z_E,390.0,22.28,nan,nan,nan
sp|P06576|ATPB_HUMAN,1MAB_B,1.5e-77,539.45,398.91,78.69,389.96
sp|P06753|TPM3_HUMAN,2B9C_B,1.7e-27,181.06,102.93,42.85,94.64
sp|P07196|NFL_HUMAN,3TNU_A,1.2e-11,83.23,71.01,6.44,70.72
sp|P07954|FUMH_HUMAN,3GTD_B,2.8e-90,638.3,343.14,118.87,324.80
sp|P08670|VIME_HUMAN,3TNU_A,1.2e-16,105.29,69.61,15.92,67.80
sp|P08949|NMB_HUMAN,2QC5_A,38.0,21.35,nan,nan,nan
sp|P09429|HMGB1_HUMAN,7LBW_A,2.5e-19,124.99,68.60,26.62,64.49
sp|P0C0S8|H2A1_HUMAN,7N8N_D,8.7e-23,149.41,86.04,25.07,82.58
sp|P10586|PTPRF_HUMAN,2FH7_A,1.4e-87,661.45,210.23,111.42,190.01
sp|P10915|HPLN1_HUMAN,2PF5_B,1.9e-13,84.12,84.12,0.00,84.12
sp|P11233|RALA_HUMAN,2BOV_A,3.9e-34,178.97,112.52,12.66,111.79
sp|P11532|DMD_HUMAN,1SJJ_A,1.3e-38,351.9,150.51,60.51,140.57
sp|P12109|CO6A1_HUMAN,3HR2_B,1.7e-28,256.92,86.85,34.90,82.75
sp|P12883|MYH7_HUMAN,6FSA_B,4.2e-321,2811.51,740.16,592.26,436.47
sp|P17041|ZNF32_HUMAN,6QNX_C,4.3e-34,267.78,94.94,42.70,86.54
sp|P20674|COX5A_HUMAN,2Y69_R,8.2e-60,360.92,301.37,28.22,300.14
sp|P23919|KTHY_HUMAN,1NN5_A,1e-28,171.16,84.51,26.01,80.82
sp|P27216|ANX13_HUMAN,1M9I_A,8.2e-56,377.11,293.48,45.16,285.75
sp|P28566|5HT1E_HUMAN,7E33_R,4.7e-54,365.87,212.11,35.70,208.32
sp|P32121|ARRB2_HUMAN,1JSY_A,2.8e-88,596.22,210.61,138.44,166.24
sp|P40126|TYRP2_HUMAN,5M8T_C,8.8e-104,724.8,198.29,119.97,183.26
sp|P43357|MAGA3_HUMAN,6R7T_B,8.5e-36,244.22,207.96,14.90,207.47
sp|P48052|CBPA2_HUMAN,1AYE_A,3.8e-88,594.16,211.14,141.22,172.59
sp|P48544|KCNJ5_HUMAN,7MJP_A,2.1e-70,494.93,332.76,67.30,326.39
sp|P52799|EFNB2_HUMAN,1IKO_P,1.5e-42,281.15,205.93,35.19,203.02
sp|P53794|SC5A3_HUMAN,7VSI_A,5.7e-100,748.05,235.67,202.92,175.34
sp|P54278|PMS2_HUMAN,1H7S_A,6.2e-67,473.02,125.53,92.58,107.38
sp|P54764|EPHA4_HUMAN,4M4R_E,8.3e-103,739.42,229.19,62.77,224.41
sp|P57727|TMPS3_HUMAN,7MEQ_A,5e-52,330.67,179.18,61.01,165.67
sp|P58753|TIRAP_HUMAN,7JLU_A,5.2e-06,76.57,64.60,6.79,64.24
sp|P61803|DAD1_HUMAN,6S7O_D,2.8e-45,254.41,250.99,3.42,250.96
sp|P78347|GTF2I_HUMAN,2EJE_A,4.9e-16,132.32,112.96,8.95,112.62
sp|Q00532|CDKL1_HUMAN,4AGU_C,2.3e-61,343.84,235.80,17.47,235.18
sp|Q00535|CDK5_HUMAN,1UNL_A,1.3e-58,312.6,220.78,19.26,219.99
sp|Q04912|RON_HUMAN,7MOB_D,6.6e-123,1029.24,219.62,67.41,214.59
sp|Q07021|C1QBP_HUMAN,6SZW_C,2.5e-34,225.74,171.29,39.01,166.94
sp|Q0ZGT2|NEXN_HUMAN,6FWX_A,2.3e-07,73.97,62.72,6.63,62.35
sp|Q13586|STIM1_HUMAN,3TER_B,1e-44,318.1,232.28,53.36,226.57
sp|Q13595|TRA2A_HUMAN,3CW1_K,6.9e-16,123.53,61.05,13.67,59.75
sp|Q14011|CIRBP_HUMAN,5YVG_X,9.2e-16,133.09,62.79,15.11,61.22
sp|Q14160|SCRIB_HUMAN,2XKX_B,1.7e-25,233.0,156.98,26.70,154.73
sp|Q15077|P2RY6_HUMAN,5ZKP_A,1.2e-28,193.53,152.52,21.31,150.62
sp|Q15109|RAGE_HUMAN,4P2Y_A,7e-35,205.89,89.27,15.27,88.18
sp|Q15173|2A5B_HUMAN,6NTS_B,5e-111,780.48,553.99,107.87,544.88
sp|Q15561|TEAD4_HUMAN,5GN0_C,5.9e-90,612.9,338.20,231.14,257.18
sp|Q15631|TSN_HUMAN,3AXJ_A,2.7e-40,264.45,234.72,31.42,232.43
sp|Q15643|TRIPB_HUMAN,5TBY_A,6e-09,127.46,115.29,10.21,114.84
sp|Q15743|OGR1_HUMAN,5ZKP_A,2.7e-31,211.2,162.47,24.19,160.14
sp|Q15833|STXB2_HUMAN,4CCA_A,1.2e-81,586.27,473.28,88.98,460.28
sp|Q562F6|SGO2_HUMAN,3FGA_D,6.2e-06,67.98,67.98,0.00,67.98
sp|Q5JTZ9|SYAM_HUMAN,3WQZ_B,2.5e-99,806.22,338.26,259.13,234.27
sp|Q5SZL2|CE85L_HUMAN,5OI7_A,8.6e-07,74.43,74.43,0.00,74.43
sp|Q5T1C6|THEM4_HUMAN,4GAH_B,8.2e-42,256.29,71.07,33.51,67.57
sp|Q5U5Q3|MEX3C_HUMAN,3N89_B,6e-09,94.63,84.34,7.05,84.04
sp|Q6EIG7|CLC6A_HUMAN,6INN_A,1.2e-13,113.92,74.20,10.25,73.56
sp|Q6NT76|HMBX1_HUMAN,2H8R_A,1.2e-33,239.26,131.60,63.77,116.55
sp|Q6P050|FXL22_HUMAN,7B5M_T,0.0056,47.63,nan,nan,nan
sp|Q6P9F5|TRI40_HUMAN,6QAJ_B,2.4e-15,116.79,78.50,18.03,76.46
sp|Q7Z5W3|BN3D2_HUMAN,6L8U_C,6.1e-26,174.6,174.60,0.00,174.60
sp|Q86XT2|VP37D_HUMAN,2P22_C,4.1e-14,110.78,73.51,18.97,71.48
sp|Q8IUM7|NPAS4_HUMAN,5SY7_B,4.9e-14,120.92,89.47,12.68,88.65
sp|Q8IVV7|GID4_HUMAN,7NSC_D,1.9e-101,686.05,396.57,118.71,383.55
sp|Q8IWZ5|TRI42_HUMAN,6QAJ_B,1.8e-23,183.28,106.53,42.42,98.83
sp|Q8IXW5|RPAP2_HUMAN,7F4G_R,1.8e-106,815.27,285.30,216.39,241.25
sp|Q8N9F7|GDPD1_HUMAN,1T8Q_B,7.6e-27,188.05,170.75,11.60,170.33
sp|Q8NAP8|ZBT8B_HUMAN,6WCQ_C,1.5e-11,109.43,66.12,14.20,64.66
sp|Q8NES3|LFNG_HUMAN,2J0B_A,1.5e-36,240.04,167.09,72.95,150.32
sp|Q8NFT6|DBF4B_HUMAN,6YA7_B,3.1e-23,175.95,119.42,36.91,114.36
sp|Q8NFZ0|FBH1_HUMAN,3PJR_A,4.8e-28,233.86,164.60,34.56,160.34
sp|Q8TDQ1|CLM1_HUMAN,5OR7_C,8.2e-24,153.19,64.46,21.04,62.41
sp|Q8WXF7|ATLA1_HUMAN,3X1D_A,3.5e-105,739.27,340.95,133.76,320.78
sp|Q92574|TSC1_HUMAN,7DL2_D,3.6e-194,1612.84,514.19,556.74,318.95
sp|Q93097|WNT2B_HUMAN,7DRT_A,3.5e-85,573.53,514.45,69.95,508.82
sp|Q96B97|SH3K1_HUMAN,2N64_A,6e-11,94.4,69.34,11.06,68.47
sp|Q96BK5|PINX1_HUMAN,5Y88_U,5.1e-05,72.58,nan,nan,nan
sp|Q96F81|DISP1_HUMAN,7E2I_D,5.5e-311,2676.23,404.82,533.20,279.92
sp|Q96G91|P2Y11_HUMAN,7BR3_A,1.9e-17,144.51,116.67,10.45,116.17
sp|Q96GM8|TOE1_HUMAN,3D45_A,8.7e-28,227.69,173.59,47.33,166.25
sp|Q96H22|CENPN_HUMAN,6C0W_K,1.8e-39,272.89,227.30,26.86,225.74
sp|Q96JH8|RADIL_HUMAN,4LX2_A,1.2e-21,183.2,138.41,35.77,133.35
sp|Q96K19|RN170_HUMAN,5D1L_B,2.4e-08,74.07,66.32,7.09,65.92
sp|Q96LB9|PGRP3_HUMAN,4Z8I_A,1.1e-25,175.57,98.64,27.16,94.90
sp|Q96MK3|FA20A_HUMAN,5YH2_C,4e-108,805.09,443.67,289.01,316.09
sp|Q96NI6|LRFN5_HUMAN,5XNQ_A,2.7e-40,273.79,101.88,29.02,98.85
sp|Q96S53|TESK2_HUMAN,7MN6_A,4.1e-28,252.42,202.98,12.46,202.61
sp|Q99490|AGAP2_HUMAN,3T9K_A,9.3e-27,225.95,80.87,18.60,79.43
sp|Q99572|P2RX7_HUMAN,6U9W_C,5.5e-151,1121.69,507.29,267.19,442.07
sp|Q99583|MNT_HUMAN,6G6K_C,2.4e-06,60.48,56.83,3.65,56.71
sp|Q99613|EIF3C_HUMAN,6ZP4_C,1e-211,1690.81,1170.14,357.74,1046.99
sp|Q9BQI5|SGIP1_HUMAN,5JP2_A,3.8e-36,270.08,148.47,81.07,128.35
sp|Q9BZY9|TRI31_HUMAN,6QAJ_B,2.1e-22,165.74,82.31,32.43,76.70
sp|Q9C0A1|ZFHX2_HUMAN,6QNX_C,1.1e-16,189.23,101.05,39.79,95.43
sp|Q9C0A6|SETD5_HUMAN,6PX3_S,3.9e-06,99.77,81.58,7.76,81.22
sp|Q9H3D4|P63_HUMAN,6XRE_M,7.1e-76,578.65,266.41,172.42,200.11
sp|Q9HAS3|S28A3_HUMAN,6KSW_B,6e-169,1300.54,840.16,205.94,820.29
sp|Q9HB07|MYG1_HUMAN,3R76_B,140.0,29.87,nan,nan,nan
sp|Q9HDC5|JPH1_HUMAN,7RW4_A,1.6e-51,351.6,135.41,87.05,116.54
sp|Q9NQC8|IFT46_HUMAN,4UZZ_A,8.7e-44,280.05,280.05,0.00,280.05
sp|Q9NR00|TCIM_HUMAN,6KSU_A,29.0,26.35,nan,nan,nan
sp|Q9NT68|TEN2_HUMAN,7BAM_A,7.2e-256,2300.17,224.22,434.27,140.95
sp|Q9NWT8|AKIP_HUMAN,3JD5_n,7.2e-70,445.91,233.56,165.22,176.24
sp|Q9NYK6|EURL_HUMAN,6U3G_A,190.0,26.12,nan,nan,nan
sp|Q9NZ63|TLS1_HUMAN,7OS2_C,2.6e-56,383.23,383.23,0.00,383.23
sp|Q9P267|MBD5_HUMAN,6PA7_N,0.12,61.06,nan,nan,nan
sp|Q9UBK5|HCST_HUMAN,2L35_A,2.6,27.38,nan,nan,nan
sp|Q9UBS0|KS6B2_HUMAN,4L44_A,2.8e-64,388.01,234.73,27.18,233.33
sp|Q9UI26|IPO11_HUMAN,6FVB_A,3.7e-79,606.3,192.88,95.95,177.25
sp|Q9UL33|TPC2L_HUMAN,7E93_A,4.8e-28,168.73,141.26,17.07,140.24
sp|Q9UMR7|CLC4A_HUMAN,6INN_A,1.5e-13,115.42,74.99,10.33,74.35
sp|Q9UNX4|WDR3_HUMAN,6ND4_Q,1.5e-146,1132.4,199.74,106.39,189.40
sp|Q9Y5X9|LIPG_HUMAN,6OB0_B,1.6e-78,564.68,135.26,157.30,88.81
tr|A0A1B0GTI3|A0A1B0GTI3_HUMAN,4IE5_A,1.2e-85,603.8,603.12,0.67,603.12
tr|A0A2R8Y6G5|A0A2R8Y6G5_HUMAN,6D21_A,1.6e-59,403.32,196.98,61.35,188.10
sp|A6NDU8|RIMC1_HUMAN,3NFQ_A,21.0,31.21,nan,nan,nan
sp|O75437|ZN254_HUMAN,6QNX_C,1.3e-51,423.45,98.81,53.81,88.48
sp|O75820|ZN189_HUMAN,6QNX_C,1.3e-52,428.77,99.78,54.37,89.23
sp|Q2NL82|TSR1_HUMAN,6ZMT_u,1.7e-167,1300.93,632.45,376.56,516.00
sp|Q30KQ9|DB110_HUMAN,5KI9_A,0.092,30.75,nan,nan,nan
sp|Q6JEL2|KLH10_HUMAN,6WCQ_C,1.5e-61,431.19,127.37,57.53,116.52
sp|Q86UB9|TM135_HUMAN,7ARD_Y,0.73,41.72,nan,nan,nan
sp|Q86XN7|PRSR1_HUMAN,7NRC_A,61.0,40.37,nan,nan,nan
sp|Q8IWB9|TEX2_HUMAN,5H55_A,1.3e-14,148.63,129.82,18.06,128.40
sp|Q8N5R6|CCD33_HUMAN,7DL2_D,4.2,49.48,nan,nan,nan
sp|Q8N8J6|ZN615_HUMAN,6QNX_C,4e-50,416.92,99.16,53.18,89.15
sp|Q96CW6|S7A6O_HUMAN,7P3Z_B,560.0,25.68,nan,nan,nan
sp|Q96FV3|TSN17_HUMAN,6WVG_B,2.1e-25,188.42,109.69,50.74,98.96
sp|Q9BTT6|LRRC1_HUMAN,6NZW_D,2e-26,230.2,162.41,25.05,160.47
sp|Q9H0I3|CC113_HUMAN,7KZO_C,660.0,31.91,nan,nan,nan
sp|Q9H2A3|NGN2_HUMAN,4AYA_B,4.3e-09,74.8,61.24,9.35,60.56
sp|Q9H3E2|SNX25_HUMAN,4GOU_A,3.4e-09,114.7,73.68,10.90,72.98
sp|Q9H9Y2|RPF1_HUMAN,6EM3_x,1.5e-71,473.88,236.32,117.51,211.24
sp|Q9NWH7|SPAT6_HUMAN,2SNW_B,61.0,31.43,nan,nan,nan
sp|Q9UHP9|SMPX_HUMAN,6HIZ_Ci,290.0,22.75,nan,nan,nan
sp|Q9Y2D5|AKAP2_HUMAN,7ETO_x,630.0,32.79,nan,nan,nan
sp|A0A075B6Q5|HV364_HUMAN,3N44_F,2.4e-15,119.2,59.53,8.66,58.98
sp|A0A075B767|PAL4H_HUMAN,5YZG_3,2.9e-32,245.56,126.05,28.96,123.27
tr|A0A087WYJ2|A0A087WYJ2_HUMAN,6TNY_A,4.1e-220,1757.73,678.94,356.27,595.67
sp|A0A0A6YYJ7|TVA83_HUMAN,5WTS_A,2.8e-07,67.34,49.59,5.31,49.32
sp|A0A0K0K1C4|TVB27_HUMAN,6HDC_A,3.5e-07,65.01,51.56,8.61,50.84
tr|A0A1W2PP94|A0A1W2PP94_HUMAN,6V35_C,2.4e-198,1570.86,211.21,294.91,138.60
tr|A0A2R8YFD4|A0A2R8YFD4_HUMAN,3VRP_A,4.3e-99,744.42,413.70,224.66,315.75
tr|A0A494C0B6|A0A494C0B6_HUMAN,5MSQ_A,4e-51,403.33,244.85,45.82,240.59
tr|A0A494C1J4|A0A494C1J4_HUMAN,6FZ6_B,29.0,26.14,nan,nan,nan
tr|A0A499FIX8|A0A499FIX8_HUMAN,4P42_B,1.3e-67,469.06,100.37,85.68,84.71
tr|A0A6Q8PGB5|A0A6Q8PGB5_HUMAN,3WQZ_B,2.5e-89,725.23,308.02,219.57,228.26
tr|A0A7P0TAI0|A0A7P0TAI0_HUMAN,4JNE_B,5.7e-96,656.31,230.63,174.70,182.67
tr|A0A8V8TNX9|A0A8V8TNX9_HUMAN,6DU6_C,1.6e-112,820.94,587.85,182.25,520.72
sp|A6NF89|OR6C6_HUMAN,7DDZ_A,1.3e-22,178.61,147.12,20.15,145.39
tr|A6XND0|A6XND0_HUMAN,1RMJ_A,8.6e-15,99.96,64.34,13.07,63.20
tr|C9J6X0|C9J6X0_HUMAN,7V2H_w,1.5e-21,146.96,138.18,9.40,137.85
tr|E5RGZ4|E5RGZ4_HUMAN,7E2Q_D,1.9e-34,242.96,168.76,46.17,161.29
tr|E7EM57|E7EM57_HUMAN,6JYU_A,7.2e-75,518.05,486.87,36.05,485.38
tr|E9PGR3|E9PGR3_HUMAN,3HMX_B,2.8e-40,268.36,268.36,0.00,268.36
tr|F5H5U2|F5H5U2_HUMAN,6QX9_5X,2e-32,274.5,162.90,33.90,159.23
tr|F8W9J4|F8W9J4_HUMAN,4Z6G_A,1.3e-43,375.37,167.87,70.40,154.42
tr|H0Y9S9|H0Y9S9_HUMAN,2HPA_C,0.0085,48.39,nan,nan,nan
tr|H0YJR5|H0YJR5_HUMAN,1WU2_A,9.4e-31,214.67,124.80,49.89,116.70
tr|H3BRN4|H3BRN4_HUMAN,4ZSY_D,2.1e-49,331.09,109.69,45.98,102.01
tr|J3QR41|J3QR41_HUMAN,3OUK_A,3.4e-25,167.57,129.87,8.38,129.61
sp|O76038|SEGN_HUMAN,2BE4_A,2.4e-27,164.34,67.59,17.83,65.85
sp|O95502|NPTXR_HUMAN,6V55_A,1.6e-19,167.19,91.18,24.98,88.73
sp|P0C6A0|ZGLP1_HUMAN,7AOA_A,0.31,47.94,nan,nan,nan
sp|P0C7Q2|ARMS2_HUMAN,4IRV_F,360.0,18.89,nan,nan,nan
sp|Q16048|MCHL1_HUMAN,5XLO_M,160.0,21.31,nan,nan,nan
sp|Q2KHR3|QSER1_HUMAN,7ENA_Dc,4.6,50.5,nan,nan,nan
sp|Q4G0S7|CC152_HUMAN,7NRC_A,110.0,34.31,nan,nan,nan
sp|Q5YKI7|GGNB1_HUMAN,3JYU_A,0.97,30.94,nan,nan,nan
tr|Q6JHV3|Q6JHV3_HUMAN,6QW6_U,7.4e-59,433.26,271.90,53.31,267.44
sp|Q6ZU67|BEND4_HUMAN,7BV9_A,5e-10,96.29,96.29,0.00,96.29
sp|Q7RTU5|ASCL5_HUMAN,2LFH_A,5.2e-09,74.24,61.76,9.73,60.98
sp|Q86VR8|FJX1_HUMAN,5WRR_B,1.2e-17,156.31,146.34,4.65,146.27
sp|Q86VS3|IQCH_HUMAN,3WVQ_A,1.2e-08,97.89,97.89,0.00,97.89
sp|Q8N2X6|EXAS1_HUMAN,3VVF_B,37.0,21.84,nan,nan,nan
sp|Q8N688|DB123_HUMAN,6MJV_A,2.8e-08,53.22,53.22,0.00,53.22
sp|Q8NA69|SAXO5_HUMAN,6ERI_AJ,96.0,30.17,nan,nan,nan
sp|Q8NG84|O2AK2_HUMAN,7JOZ_R,2.6e-25,185.33,149.82,21.09,147.90
sp|Q8NGD3|OR4K5_HUMAN,7DDZ_A,3.2e-24,189.32,152.97,22.20,150.92
sp|Q8NGU2|OR9A4_HUMAN,7JOZ_R,2.5e-23,172.13,136.49,18.22,134.98
sp|Q8NH63|O51H1_HUMAN,7F1T_A,1.7e-18,137.47,111.50,10.83,110.92
sp|Q8TF20|ZN721_HUMAN,6QNX_C,8.1e-48,408.42,101.21,51.91,91.77
sp|Q96R69|OR4F4_HUMAN,7JOZ_R,4.1e-26,187.84,150.61,20.32,148.93
sp|Q9BSJ1|TRI51_HUMAN,4CFG_B,7e-30,213.12,100.89,40.14,94.20
sp|Q9NRP2|COXM2_HUMAN,6TE0_I,26.0,22.72,nan,nan,nan
sp|Q9UJH8|METRN_HUMAN,6N9D_B,1.8,33.26,nan,nan,nan
tr|A0A087WT23|A0A087WT23_HUMAN,2CR5_A,1.1e-07,64.58,56.66,4.37,56.50
tr|A0A087WW81|A0A087WW81_HUMAN,1I84_S,0.0012,72.88,nan,nan,nan
tr|A0A087WZJ9|A0A087WZJ9_HUMAN,5ZTY_A,4.7e-09,75.15,63.35,4.49,63.19
tr|A0A087X2G2|A0A087X2G2_HUMAN,5EOF_A,9e-07,53.47,53.47,0.00,53.47
tr|A0A0A0MQS5|A0A0A0MQS5_HUMAN,6ZP4_A,120.0,30.55,nan,nan,nan
tr|A0A0A0MT61|A0A0A0MT61_HUMAN,2P82_B,1e-54,364.77,335.62,14.70,335.31
sp|A0A0A0MTA4|TJB25_HUMAN,2I26_N,0.1,22.49,nan,nan,nan
tr|A0A0B4J1S0|A0A0B4J1S0_HUMAN,7DDZ_A,1.3e-24,190.65,147.68,21.57,145.64
tr|A0A0C4DGX3|A0A0C4DGX3_HUMAN,1RJ7_E,5.5e-24,154.27,96.47,20.95,93.99
tr|A0A0D9SFL2|A0A0D9SFL2_HUMAN,3ZVL_A,8.6e-65,442.05,94.25,73.75,82.14
tr|A0A0J9YY01|A0A0J9YY01_HUMAN,7KOG_A,3.9e-80,692.95,580.96,64.23,576.89
tr|A0A0U1RQM3|A0A0U1RQM3_HUMAN,3HY6_A,1.9e-30,194.25,175.88,11.26,175.53
tr|A0A0U1RRF1|A0A0U1RRF1_HUMAN,3T9K_A,1.2e-26,218.31,79.86,17.46,78.53
tr|A0A1B0GTU5|A0A1B0GTU5_HUMAN,6LTH_L,0.0,3899.01,402.09,939.70,140.93
tr|A0A1W2PNX3|A0A1W2PNX3_HUMAN,5A35_A,6.4e-18,111.76,68.87,15.18,67.47
tr|A0A1W2PP77|A0A1W2PP77_HUMAN,6AT5_A,6.9e-39,238.83,133.03,54.16,119.11
sp|A0A286YF60|SCGR3_HUMAN,7KIP_A,37.0,34.02,nan,nan,nan
tr|A0A2R8Y5B5|A0A2R8Y5B5_HUMAN,1PW4_A,0.00029,57.87,nan,nan,nan
tr|A0A2R8Y5Z7|A0A2R8Y5Z7_HUMAN,6RYU_W,1.6e-284,2483.4,199.32,180.19,165.17
tr|A0A2R8Y6Z9|A0A2R8Y6Z9_HUMAN,5G0J_A,7.2e-101,755.91,415.62,101.49,406.26
tr|A0A2R8Y7E7|A0A2R8Y7E7_HUMAN,7LHW_A,3.5e-08,114.81,86.12,10.02,85.54
tr|A0A2R8Y7Z3|A0A2R8Y7Z3_HUMAN,4L0Z_A,1.1e-78,532.07,448.34,62.92,443.79
tr|A0A3B3IS62|A0A3B3IS62_HUMAN,6SNI_X,1.1e-29,206.92,206.92,0.00,206.92
tr|A0A494C0A2|A0A494C0A2_HUMAN,6ZYA_A,1e-19,170.43,93.80,29.35,89.66
tr|A0A669KBH2|A0A669KBH2_HUMAN,7VOP_f,84.0,36.44,nan,nan,nan
tr|A0A669KBI7|A0A669KBI7_HUMAN,6VEN_N,1.8e-24,234.64,127.46,39.26,121.41
tr|A0A6Q8PGG0|A0A6Q8PGG0_HUMAN,3HG3_B,1.5e-38,257.97,138.46,51.72,129.09
tr|A0A7I2V4N8|A0A7I2V4N8_HUMAN,5LC5_O,9.9e-39,277.94,86.25,48.85,79.35
tr|A0A7I2V523|A0A7I2V523_HUMAN,6EPE_N,5.7e-145,1125.54,648.30,318.34,557.21
tr|A0A7I2V597|A0A7I2V597_HUMAN,2ME8_A,2.5e-47,294.53,158.64,42.70,153.68
tr|A0A7I2V5A3|A0A7I2V5A3_HUMAN,4AVX_A,7.1e-35,233.73,144.51,60.44,129.74
tr|A0A7P0RGV0|A0A7P0RGV0_HUMAN,4D7R_A,4.6e-32,291.95,236.73,46.75,229.72
tr|A0A7P0T9D6|A0A7P0T9D6_HUMAN,6I7S_B,6.7e-51,344.64,95.25,40.92,90.24
tr|A0A7P0T9K6|A0A7P0T9K6_HUMAN,5X89_A,3.4e-09,94.77,86.87,3.98,86.78
tr|A0A7P0TBL2|A0A7P0TBL2_HUMAN,6M18_A,3.6e-82,609.53,478.55,68.82,473.85
tr|A0A7P0Z4H6|A0A7P0Z4H6_HUMAN,2A3L_A,1.7e-85,663.15,663.15,0.00,663.15
tr|A0A804HHZ3|A0A804HHZ3_HUMAN,6OCN_A,2.7e-31,206.23,106.17,23.07,104.11
tr|A0A804HJY5|A0A804HJY5_HUMAN,1QBK_B,2.3e-05,81.21,nan,nan,nan
tr|A0A804HKI3|A0A804HKI3_HUMAN,3BTN_A,2.8e-56,394.37,184.09,72.92,169.69
tr|A0A804HKJ8|A0A804HKJ8_HUMAN,5GJQ_x,0.01,51.66,nan,nan,nan
tr|A0A8C8NLQ3|A0A8C8NLQ3_HUMAN,6VP6_A,1.2e-14,126.15,89.78,9.56,89.27
tr|A0A8C8USR6|A0A8C8USR6_HUMAN,4XI7_A,3.4e-74,538.69,161.01,51.38,155.09
tr|A0A8I5KWQ7|A0A8I5KWQ7_HUMAN,4UHL_C,2e-70,474.43,213.14,95.18,185.64
tr|A0A8I5QKU8|A0A8I5QKU8_HUMAN,7MFD_A,1.5e-59,463.31,108.44,24.34,107.19
tr|A0A8Q3WL01|A0A8Q3WL01_HUMAN,3IAR_A,1.4e-41,279.5,211.38,27.15,209.82
tr|A0A8Q3WL20|A0A8Q3WL20_HUMAN,6C14_C,3.9,34.65,nan,nan,nan
tr|A0A8V8TQ92|A0A8V8TQ92_HUMAN,1H7S_A,6.4e-40,292.73,157.08,62.65,145.32
tr|A0A994J4S7|A0A994J4S7_HUMAN,3N89_B,4.8e-14,121.74,86.39,13.45,85.48
tr|A0A994J5X2|A0A994J5X2_HUMAN,6MDN_D,3.6e-154,1153.39,131.49,103.56,120.37
tr|A1PQG8|A1PQG8_HUMAN,7CO9_A,2.4e-24,179.44,92.45,37.24,86.71
tr|A6PVN8|A6PVN8_HUMAN,2G62_A,1.2e-39,259.41,256.93,2.19,256.92
tr|A8MW50|A8MW50_HUMAN,4Q3N_A,1.2e-33,211.66,153.10,18.18,152.03
tr|B0QYR6|B0QYR6_HUMAN,1OXZ_A,4.2e-27,185.79,121.01,19.29,119.73
tr|B4E1K5|B4E1K5_HUMAN,4QUV_B,4.9e-50,339.44,183.91,127.22,142.22
tr|B5MCR8|B5MCR8_HUMAN,6XPD_A,6.7e-15,121.84,117.15,4.02,117.08
tr|B5MCZ3|B5MCZ3_HUMAN,1ALU_A,2.8e-36,227.15,148.01,57.66,135.77
tr|B7Z1T1|B7Z1T1_HUMAN,6SO5_D,1.6e-27,174.73,106.88,31.45,103.21
tr|B7Z2Y2|B7Z2Y2_HUMAN,2JQQ_A,6.3e-17,146.39,146.39,0.00,146.39
tr|B7ZBF8|B7ZBF8_HUMAN,1GXC_D,2.8e-12,85.13,83.75,1.38,83.74
tr|B8ZZH7|B8ZZH7_HUMAN,6HTS_R,9.2e-68,455.9,455.90,0.00,455.90
tr|B9ZVN9|B9ZVN9_HUMAN,7VBB_A,3e-292,2526.95,1059.51,527.45,915.80
tr|C6G488|C6G488_HUMAN,5CXY_A,1.8e-58,388.65,215.88,84.74,202.29
tr|C9IZ30|C9IZ30_HUMAN,6QAJ_B,5.3e-08,64.56,60.69,3.23,60.60
tr|C9J5N7|C9J5N7_HUMAN,6XBW_P,0.017,48.88,nan,nan,nan
tr|C9J7K9|C9J7K9_HUMAN,2Q4M_A,5.9e-13,100.78,100.78,0.00,100.78
tr|C9J8T5|C9J8T5_HUMAN,6P7Z_A,1.6e-05,63.04,nan,nan,nan
tr|C9JRJ5|C9JRJ5_HUMAN,2JTN_A,2e-12,94.34,67.33,12.53,66.16
tr|C9JYX1|C9JYX1_HUMAN,7CCS_A,0.13,44.67,nan,nan,nan
tr|D6R9B6|D6R9B6_HUMAN,4V6W_AB,1.8e-34,228.96,181.21,24.38,179.48
tr|E2QRB3|E2QRB3_HUMAN,3TRI_A,7.3e-27,179.71,84.80,27.96,81.32
tr|E5RFZ7|E5RFZ7_HUMAN,6BMS_D,1.2e-26,165.63,147.13,12.72,146.59
tr|E5RGB0|E5RGB0_HUMAN,7KZN_A,830.0,28.18,nan,nan,nan
tr|E5RGC1|E5RGC1_HUMAN,6TTU_T,1.1e-96,688.03,157.31,35.46,155.17
tr|E5RHZ6|E5RHZ6_HUMAN,4C69_X,5.2e-18,125.45,88.00,21.15,85.78
tr|E5RIL3|E5RIL3_HUMAN,3UA0_B,18.0,28.23,nan,nan,nan
tr|E5RK45|E5RK45_HUMAN,5ZTY_A,2e-41,280.61,213.90,39.81,208.72
tr|E7EQB8|E7EQB8_HUMAN,2D1C_B,2.1e-62,450.6,372.17,30.31,370.88
tr|E7EV53|E7EV53_HUMAN,6HUO_C,5.8e-43,298.0,195.96,57.37,185.68
tr|E7EWX6|E7EWX6_HUMAN,5FYQ_A,2.3e-55,360.04,214.75,46.88,210.14
tr|E9PBC1|E9PBC1_HUMAN,4GZC_A,1.4e-31,218.26,174.80,32.38,171.37
tr|E9PMH9|E9PMH9_HUMAN,3QYQ_C,4e-19,142.33,99.82,21.52,97.54
tr|E9PN30|E9PN30_HUMAN,5KIU_A,3.5e-16,116.54,114.15,2.39,114.12
tr|E9PQ19|E9PQ19_HUMAN,7KAM_D,320.0,26.73,nan,nan,nan
tr|E9PQM6|E9PQM6_HUMAN,7NXD_A,95.0,23.45,nan,nan,nan
tr|F2Z2N6|F2Z2N6_HUMAN,5VFP_e,1.7e-20,114.08,99.60,17.54,97.67
tr|F5GZZ9|F5GZZ9_HUMAN,5ZE3_B,2.1e-32,262.17,109.30,67.07,95.72
tr|F5H251|F5H251_HUMAN,7PN1_A,1.2e-25,207.24,148.15,58.15,136.03
tr|F5H847|F5H847_HUMAN,6O7U_a,5.3e-29,213.27,179.99,23.50,178.31
tr|F8VNY2|F8VNY2_HUMAN,4LIM_A,4.8e-82,565.16,386.19,155.58,348.44
tr|F8WDR1|F8WDR1_HUMAN,7DRT_A,6e-15,111.45,87.39,17.32,85.68
tr|G3V0I9|G3V0I9_HUMAN,4FC7_B,2.9e-10,66.0,61.66,4.34,61.50
tr|G3V150|G3V150_HUMAN,3CU0_A,1.7e-56,384.3,297.34,58.31,291.66
tr|G3V2N3|G3V2N3_HUMAN,6T90_K,1.9e-07,85.5,64.01,11.54,63.01
tr|G3V3T6|G3V3T6_HUMAN,2KLZ_A,8.3e-11,75.05,75.05,0.00,75.05
tr|G3XAN4|G3XAN4_HUMAN,7P5C_B,44.0,32.32,nan,nan,nan
tr|G5E9H5|G5E9H5_HUMAN,4PZG_A,4.1e-25,154.45,76.65,31.02,72.17
tr|H0Y5G3|H0Y5G3_HUMAN,6Y20_D,8e-07,57.28,57.28,0.00,57.28
tr|H0Y953|H0Y953_HUMAN,7OP8_A,1.1e-51,420.82,148.64,85.83,133.60
tr|H0YC23|H0YC23_HUMAN,1WAO_1,1.8e-28,174.77,134.06,23.47,131.89
tr|H0YI98|H0YI98_HUMAN,6ZNL_n,1.3e-34,249.43,249.43,0.00,249.43
tr|H0YJJ9|H0YJJ9_HUMAN,2LAV_A,7.4e-45,275.37,110.92,15.74,110.15
tr|H0YKS4|H0YKS4_HUMAN,5LPX_A,4e-30,186.07,145.06,18.61,143.31
tr|H0YKX0|H0YKX0_HUMAN,6SC8_A,8.9e-84,614.15,200.27,161.65,161.25
tr|H0YKZ7|H0YKZ7_HUMAN,5LPX_A,1.4e-19,124.39,83.93,10.87,83.21
tr|H0YNY8|H0YNY8_HUMAN,2LK2_A,4e-09,71.59,71.59,0.00,71.59
tr|H3BNW7|H3BNW7_HUMAN,5F15_A,0.54,32.68,nan,nan,nan
tr|H3BQ92|H3BQ92_HUMAN,6LTH_L,3.2e-15,147.91,69.91,25.25,66.70
tr|H3BT25|H3BT25_HUMAN,6DU6_C,5.2e-34,234.09,162.28,21.92,160.99
tr|H3BV13|H3BV13_HUMAN,4XUV_B,88.0,22.57,nan,nan,nan
tr|H7C2E4|H7C2E4_HUMAN,6HL7_A,2.8e-55,369.85,335.25,13.25,334.99
tr|H7C3U2|H7C3U2_HUMAN,1GXZ_A,7.7e-15,105.29,105.29,0.00,105.29
tr|H7C4R8|H7C4R8_HUMAN,4AQ6_I,4.1e-08,76.88,76.38,0.61,76.38
tr|I3NI08|I3NI08_HUMAN,5SY1_B,1.2e-37,306.92,306.92,0.00,306.92
tr|K7EJM6|K7EJM6_HUMAN,6WLB_B,1700.0,22.43,nan,nan,nan
tr|K7EK95|K7EK95_HUMAN,6WTH_C,33.0,25.22,nan,nan,nan
tr|K7EKI0|K7EKI0_HUMAN,3R6N_B,1.5e-17,160.86,118.92,27.52,115.67
tr|K7ELC2|K7ELC2_HUMAN,3J7A_X,5.6e-60,343.15,210.90,77.52,196.18
tr|K7ERN1|K7ERN1_HUMAN,7BII_B,2.2e-64,570.67,325.38,130.75,290.20
tr|K7ES72|K7ES72_HUMAN,4RGJ_A,1.1e-11,91.56,63.81,9.16,63.16
tr|M0QYC7|M0QYC7_HUMAN,6TED_V,1.6e-06,71.94,71.89,0.05,71.89
sp|O95626|AN32D_HUMAN,6XZQ_G,4e-10,78.51,58.93,7.52,58.49
sp|P0CJ77|HMN10_HUMAN,7PMV_B,110.0,19.75,nan,nan,nan
sp|P0DOY5|HD101_HUMAN,5MSU_B,120.0,13.61,nan,nan,nan
tr|Q2TA70|Q2TA70_HUMAN,6OB7_A,1.2e-20,164.4,164.40,0.00,164.40
sp|Q32M92|CO032_HUMAN,7PMK_Y,75.0,29.69,nan,nan,nan
tr|Q5JSK6|Q5JSK6_HUMAN,6TMK_E,540.0,24.89,nan,nan,nan
tr|Q5JT02|Q5JT02_HUMAN,6P2R_A,1.1e-42,331.91,168.78,111.35,138.07
sp|Q5T319|F182B_HUMAN,6PVP_B,610.0,22.66,nan,nan,nan
sp|Q5T6M2|CF122_HUMAN,2XSE_A,330.0,24.65,nan,nan,nan
tr|Q5T8T7|Q5T8T7_HUMAN,7ENA_v,1.2e-38,243.98,121.93,65.93,107.91
tr|Q5T911|Q5T911_HUMAN,7ENJ_D,1.9e-50,335.14,192.54,103.29,166.61
tr|Q5TCI8|Q5TCI8_HUMAN,7CRG_C,5.9e-15,110.51,74.45,12.63,73.51
sp|Q5VZR4|MF14C_HUMAN,7PMY_A,0.0061,51.57,nan,nan,nan
tr|Q6ZN50|Q6ZN50_HUMAN,5H2D_A,5.9e-69,515.58,427.68,56.09,423.89
sp|Q6ZUL3|CH086_HUMAN,5DQR_D,82.0,29.18,nan,nan,nan
sp|Q8N5Q1|GAR5B_HUMAN,6IGM_H,2100.0,32.27,nan,nan,nan
sp|Q8NH21|OR4F5_HUMAN,7JOZ_R,4.1e-26,187.82,150.59,20.70,148.82
sp|Q9BTA0|F167B_HUMAN,6VHF_A,1.4,36.3,nan,nan,nan
sp|Q9NX31|OSER1_HUMAN,2QWU_B,380.0,26.12,nan,nan,nan
tr|X6R390|X6R390_HUMAN,5NZV_D,6.6e-13,106.01,87.58,7.94,87.23
tr|A0A075B6P7|A0A075B6P7_HUMAN,2L9D_A,74.0,23.05,nan,nan,nan
tr|A0A075B7A4|A0A075B7A4_HUMAN,6ZNQ_A,170.0,25.22,nan,nan,nan
tr|A0A087WT21|A0A087WT21_HUMAN,7C4J_H,3.6e-10,138.43,73.81,16.64,72.36
tr|A0A087WT94|A0A087WT94_HUMAN,6VJ2_B,54.0,21.16,nan,nan,nan
tr|A0A087WTC6|A0A087WTC6_HUMAN,4Y66_C,2.6e-21,133.19,101.78,31.50,95.65
tr|A0A087WVG5|A0A087WVG5_HUMAN,2JZC_A,18.0,24.16,nan,nan,nan
tr|A0A087WVI5|A0A087WVI5_HUMAN,2BSF_A,21.0,21.81,nan,nan,nan
tr|A0A087WVL7|A0A087WVL7_HUMAN,6TBM_C,82.0,27.57,nan,nan,nan
tr|A0A087WX67|A0A087WX67_HUMAN,7PY2_C,2.5e-21,146.95,59.31,18.24,57.48
tr|A0A087WXU0|A0A087WXU0_HUMAN,2HJJ_A,72.0,26.44,nan,nan,nan
tr|A0A087WYY8|A0A087WYY8_HUMAN,6SDG_A,340.0,21.33,nan,nan,nan
tr|A0A087WZK6|A0A087WZK6_HUMAN,7OVB_D,57.0,33.24,nan,nan,nan
tr|A0A087X064|A0A087X064_HUMAN,6SGA_Cn,8.9,34.16,nan,nan,nan
tr|A0A087X0G3|A0A087X0G3_HUMAN,6ZBE_A,1100.0,25.73,nan,nan,nan
tr|A0A087X0J1|A0A087X0J1_HUMAN,6T9K_D,5.4e-20,170.53,138.89,9.56,138.56
tr|A0A087X0V9|A0A087X0V9_HUMAN,6WCZ_A,6.9e-06,70.51,62.57,6.82,62.17
tr|A0A087X2D1|A0A087X2D1_HUMAN,7NVU_U,36.0,26.59,nan,nan,nan
tr|A0A096LNM5|A0A096LNM5_HUMAN,1E07_A,3.5e-20,141.29,95.04,17.47,93.45
tr|A0A096LNS2|A0A096LNS2_HUMAN,1QGR_A,1.0,31.45,nan,nan,nan
tr|A0A096LNZ0|A0A096LNZ0_HUMAN,7FFF_G,590.0,27.77,nan,nan,nan
tr|A0A096LP60|A0A096LP60_HUMAN,7REF_B,270.0,20.67,nan,nan,nan
tr|A0A0A0MSF5|A0A0A0MSF5_HUMAN,4HXI_A,4.6e-14,104.45,67.15,16.69,65.39
tr|A0A0A0MTU3|A0A0A0MTU3_HUMAN,7DJT_E,190.0,28.1,nan,nan,nan
tr|A0A0B4J1R9|A0A0B4J1R9_HUMAN,7DL2_D,0.43,50.94,nan,nan,nan
tr|A0A0B4J2C3|A0A0B4J2C3_HUMAN,1H6Q_A,1.9e-51,304.59,294.09,14.62,293.70
tr|A0A0C4DFW0|A0A0C4DFW0_HUMAN,1SRQ_A,3.5e-58,436.99,290.95,124.33,262.60
tr|A0A0C4DG10|A0A0C4DG10_HUMAN,5Y9D_A,3.4e-36,276.13,114.09,73.50,97.53
tr|A0A0C4DH01|A0A0C4DH01_HUMAN,7ASV_A,4.9e-114,866.51,529.14,337.01,407.95
tr|A0A0C4DH60|A0A0C4DH60_HUMAN,4RGJ_A,2.5e-20,144.69,110.72,8.09,110.44
tr|A0A0D9SFD8|A0A0D9SFD8_HUMAN,6EGU_B,34.0,26.72,nan,nan,nan
tr|A0A0D9SFY2|A0A0D9SFY2_HUMAN,6WZG_R,2.2e-31,207.84,114.96,34.45,109.15
tr|A0A0D9SGK2|A0A0D9SGK2_HUMAN,1R6H_A,1.3e-19,122.57,72.67,21.49,69.86
tr|A0A0G2JLK5|A0A0G2JLK5_HUMAN,4Z8L_B,20.0,15.86,nan,nan,nan
tr|A0A0G2JLX2|A0A0G2JLX2_HUMAN,3VH8_G,7.7e-31,195.09,78.29,22.18,76.17
tr|A0A0G2JMS5|A0A0G2JMS5_HUMAN,7OF0_d,2.7e-61,405.31,300.06,139.04,254.22
tr|A0A0G2JN59|A0A0G2JN59_HUMAN,1KJ6_A,0.36,29.6,nan,nan,nan
tr|A0A0G2JRC8|A0A0G2JRC8_HUMAN,6V4X_D,360.0,22.61,nan,nan,nan
tr|A0A0J9YW02|A0A0J9YW02_HUMAN,6QAJ_B,3e-12,92.89,72.11,11.11,71.16
tr|A0A0J9YW11|A0A0J9YW11_HUMAN,3FJU_B,17.0,19.9,nan,nan,nan
tr|A0A0J9YW16|A0A0J9YW16_HUMAN,5A7G_A,2.3e-38,265.07,219.30,28.23,217.22
tr|A0A0J9YW81|A0A0J9YW81_HUMAN,6CNO_D,5.1e-46,325.44,135.14,75.03,120.00
tr|A0A0J9YWJ2|A0A0J9YWJ2_HUMAN,3C25_A,12.0,20.12,nan,nan,nan
tr|A0A0J9YWM7|A0A0J9YWM7_HUMAN,7E34_B,1.5e-47,316.65,316.29,0.25,316.29
tr|A0A0J9YXE4|A0A0J9YXE4_HUMAN,6HB3_B,0.0022,51.74,nan,nan,nan
tr|A0A0U1RQL3|A0A0U1RQL3_HUMAN,7NH5_A,0.00059,58.04,nan,nan,nan
tr|A0A0U1RR68|A0A0U1RR68_HUMAN,5OF3_C,110.0,21.07,nan,nan,nan
tr|A0A0U1RRD2|A0A0U1RRD2_HUMAN,3TKA_A,17.0,30.78,nan,nan,nan
tr|A0A140T977|A0A140T977_HUMAN,4CVZ_A,8.1e-12,85.91,64.57,8.25,63.99
tr|A0A140TA16|A0A140TA16_HUMAN,3GRO_B,0.082,31.3,nan,nan,nan
tr|A0A1B0GU84|A0A1B0GU84_HUMAN,7KIK_A,40.0,21.29,nan,nan,nan
tr|A0A1B0GUV6|A0A1B0GUV6_HUMAN,7CGP_A,21.0,21.67,nan,nan,nan
tr|A0A1B0GVY7|A0A1B0GVY7_HUMAN,6K06_A,1.1e-08,73.57,71.29,2.27,71.26
tr|A0A1B0GW17|A0A1B0GW17_HUMAN,4BH6_L,44.0,20.16,nan,nan,nan
tr|A0A1B0GWF1|A0A1B0GWF1_HUMAN,7AS4_L,170.0,34.22,nan,nan,nan
tr|A0A1C7CYX2|A0A1C7CYX2_HUMAN,7VFU_D,1.4e-89,668.96,223.01,201.58,159.38
tr|A0A1W2PNW8|A0A1W2PNW8_HUMAN,6CAA_A,2.7e-27,214.16,102.02,47.98,94.01
tr|A0A1W2PP51|A0A1W2PP51_HUMAN,7MJP_A,1.6e-38,270.52,171.08,49.45,163.90
tr|A0A1W2PPN7|A0A1W2PPN7_HUMAN,6Q2R_Y,0.011,44.37,nan,nan,nan
tr|A0A1W2PQY1|A0A1W2PQY1_HUMAN,7W72_T,6.4e-37,263.87,263.87,0.00,263.87
tr|A0A1W2PS72|A0A1W2PS72_HUMAN,3C8I_B,40.0,22.8,nan,nan,nan
tr|A0A1W2PSB1|A0A1W2PSB1_HUMAN,1D0N_A,6.4e-13,110.55,73.15,14.26,71.86
tr|A0A286YER9|A0A286YER9_HUMAN,6YNY_S,98.0,20.7,nan,nan,nan
tr|A0A286YFA8|A0A286YFA8_HUMAN,5XSY_A,3e-27,217.97,160.82,48.88,152.11
tr|A0A2R8Y579|A0A2R8Y579_HUMAN,2W27_A,31.0,24.07,nan,nan,nan
tr|A0A2R8Y5E7|A0A2R8Y5E7_HUMAN,1EJ6_C,170.0,30.87,nan,nan,nan
tr|A0A2R8Y5G3|A0A2R8Y5G3_HUMAN,3DT5_A,92.0,27.31,nan,nan,nan
tr|A0A2R8Y5N4|A0A2R8Y5N4_HUMAN,3HR2_A,1.1e-19,184.03,106.95,38.22,101.37
tr|A0A2R8Y6G7|A0A2R8Y6G7_HUMAN,5ZZ8_t,2100.0,27.65,nan,nan,nan
tr|A0A2R8Y6G8|A0A2R8Y6G8_HUMAN,1Q5C_B,1.7,40.64,nan,nan,nan
tr|A0A2R8Y797|A0A2R8Y797_HUMAN,5ONI_A,4.2e-24,138.35,80.91,28.07,76.84
tr|A0A2R8Y7K4|A0A2R8Y7K4_HUMAN,6A70_B,1e-12,157.43,132.89,13.64,132.14
tr|A0A2R8Y7Q5|A0A2R8Y7Q5_HUMAN,6SEQ_A,300.0,33.29,nan,nan,nan
tr|A0A2R8Y7T1|A0A2R8Y7T1_HUMAN,5ONI_A,3.6e-22,141.05,82.78,28.60,78.64
tr|A0A2R8Y888|A0A2R8Y888_HUMAN,2KLZ_A,4.1e-10,68.33,68.33,0.00,68.33
tr|A0A2R8YCG4|A0A2R8YCG4_HUMAN,7MIT_E,2.7e-112,864.87,163.48,149.75,138.17
tr|A0A2R8YCP0|A0A2R8YCP0_HUMAN,5WFN_D,1.2e-05,82.32,66.12,7.37,65.74
tr|A0A2R8YEU0|A0A2R8YEU0_HUMAN,1NUT_B,2.2e-16,117.96,69.31,20.18,66.93
tr|A0A2R8YF04|A0A2R8YF04_HUMAN,7KWO_V,4.3e-114,1007.04,511.25,367.67,349.33
tr|A0A2R8YFK2|A0A2R8YFK2_HUMAN,3T6G_D,3.8e-62,457.65,316.14,116.16,295.92
tr|A0A2R8YFK8|A0A2R8YFK8_HUMAN,6B9H_A,2.2e-12,88.85,88.00,0.85,88.00
tr|A0A2R8YFQ7|A0A2R8YFQ7_HUMAN,4OM8_B,1.7e-24,160.66,89.88,34.36,84.25
tr|A0A2R8YG38|A0A2R8YG38_HUMAN,6XY7_AAA,9.4e-43,308.94,171.03,82.44,148.67
tr|A0A2U3TZJ2|A0A2U3TZJ2_HUMAN,5HDH_A,3.2e-25,195.21,139.51,24.38,137.38
tr|A0A384DVK7|A0A384DVK7_HUMAN,6PCV_A,1.8e-06,97.24,81.89,5.62,81.70
tr|A0A3B3IRJ3|A0A3B3IRJ3_HUMAN,4BKX_B,3.2e-46,336.39,185.50,71.21,174.10
tr|A0A3B3IS81|A0A3B3IS81_HUMAN,7NRC_A,420.0,31.03,nan,nan,nan
tr|A0A3B3IS82|A0A3B3IS82_HUMAN,5VKJ_A,9.6e-09,67.23,53.90,3.61,53.78
tr|A0A3B3ISE7|A0A3B3ISE7_HUMAN,7JYA_A,4.6,23.44,nan,nan,nan
tr|A0A3B3ITQ7|A0A3B3ITQ7_HUMAN,6SEQ_A,3.5e-43,388.95,388.95,0.00,388.95
tr|A0A494C0F0|A0A494C0F0_HUMAN,7ENN_K,1.2e-54,390.18,117.09,65.72,106.26
tr|A0A494C0Q3|A0A494C0Q3_HUMAN,4D1E_A,1e-26,176.11,103.04,31.77,98.04
tr|A0A494C113|A0A494C113_HUMAN,5T9J_B,6.8e-16,119.86,98.34,9.43,97.90
tr|A0A590UJ53|A0A590UJ53_HUMAN,2I3D_B,1.6e-05,66.97,64.54,0.00,64.54
tr|A0A590UKA6|A0A590UKA6_HUMAN,7DL2_D,0.19,54.69,nan,nan,nan
tr|A0A5F9ZH61|A0A5F9ZH61_HUMAN,7RRO_H9,0.0026,49.98,nan,nan,nan
tr|A0A5F9ZH63|A0A5F9ZH63_HUMAN,4LXR_J,11.0,17.72,nan,nan,nan
tr|A0A5F9ZHY1|A0A5F9ZHY1_HUMAN,1IC8_B,8e-11,89.58,63.31,13.42,61.99
tr|A0A5S8K7D6|A0A5S8K7D6_HUMAN,2P24_B,6.1e-22,139.36,96.96,28.38,91.85
tr|A0A6E1WXZ9|A0A6E1WXZ9_HUMAN,7NRC_A,1200.0,29.02,nan,nan,nan
tr|A0A6Q8PFP3|A0A6Q8PFP3_HUMAN,4B3F_X,6.5e-36,253.82,94.58,39.70,88.88
tr|A0A6Q8PFU7|A0A6Q8PFU7_HUMAN,5E6M_B,0.0014,56.93,nan,nan,nan
tr|A0A6Q8PGT8|A0A6Q8PGT8_HUMAN,6HLU_A,1e-09,110.47,78.79,11.01,78.03
tr|A0A6Q8PGZ0|A0A6Q8PGZ0_HUMAN,6QAJ_B,1.8e-06,57.31,55.41,1.51,55.39
tr|A0A6Q8PH22|A0A6Q8PH22_HUMAN,4NFA_A,240.0,20.62,nan,nan,nan
tr|A0A6Q8PH30|A0A6Q8PH30_HUMAN,3N9X_A,1.7e-43,300.52,217.64,17.78,216.94
tr|A0A6Q8PH91|A0A6Q8PH91_HUMAN,6LH4_D,4.8e-52,317.65,126.25,46.35,120.19
tr|A0A7D6VLH9|A0A7D6VLH9_HUMAN,3QCW_A,1.3e-35,296.33,113.15,51.51,103.69
tr|A0A7I2V2M7|A0A7I2V2M7_HUMAN,6WQK_B,1.8e-07,75.49,63.67,8.95,63.05
tr|A0A7I2V352|A0A7I2V352_HUMAN,6IGV_A,7.1e-25,176.56,131.23,32.05,127.67
tr|A0A7I2V404|A0A7I2V404_HUMAN,4ITJ_B,9.5e-27,147.26,109.88,7.96,109.61
tr|A0A7I2V429|A0A7I2V429_HUMAN,7ASE_E,1.3e-17,133.95,94.48,29.36,90.21
tr|A0A7I2V4B8|A0A7I2V4B8_HUMAN,1MQS_A,6.9e-67,502.46,310.07,64.25,303.35
tr|A0A7I2V4D6|A0A7I2V4D6_HUMAN,2WZL_A,130.0,27.32,nan,nan,nan
tr|A0A7I2V4U5|A0A7I2V4U5_HUMAN,5G6U_D,9.3e-19,124.27,78.98,11.53,78.25
tr|A0A7I2V573|A0A7I2V573_HUMAN,6NT9_B,2.2e-05,53.5,nan,nan,nan
tr|A0A7I2V5R8|A0A7I2V5R8_HUMAN,4N8D_B,8.8e-49,346.05,95.03,38.13,90.49
tr|A0A7P0P5T6|A0A7P0P5T6_HUMAN,7F6L_B,370.0,17.7,nan,nan,nan
tr|A0A7P0T910|A0A7P0T910_HUMAN,5VLQ_B,64.0,20.34,nan,nan,nan
tr|A0A7P0T9V0|A0A7P0T9V0_HUMAN,3IHP_B,0.15,38.66,nan,nan,nan
tr|A0A7P0TA02|A0A7P0TA02_HUMAN,3CP8_C,6.2e-08,72.64,55.21,3.77,55.09
tr|A0A7P0TAD2|A0A7P0TAD2_HUMAN,6L87_A,4.2e-10,107.08,75.61,12.45,74.73
tr|A0A7P0TAF5|A0A7P0TAF5_HUMAN,7AWM_A,2.2e-06,56.67,56.67,0.00,56.67
tr|A0A7P0TAT1|A0A7P0TAT1_HUMAN,6VRK_A,1.2e-11,96.18,79.31,6.63,79.04
tr|A0A7P0TAZ2|A0A7P0TAZ2_HUMAN,4LVF_B,3.6e-06,59.25,59.25,0.00,59.25
tr|A0A7P0TAZ6|A0A7P0TAZ6_HUMAN,3IJ2_B,2.2e-29,184.8,130.43,21.36,129.00
tr|A0A7P0TBC1|A0A7P0TBC1_HUMAN,3CP8_C,1.5e-07,73.41,56.35,4.69,56.17
tr|A0A804HIE7|A0A804HIE7_HUMAN,6P2R_A,2.7e-05,60.75,nan,nan,nan
tr|A0A804HJC8|A0A804HJC8_HUMAN,4I43_B,4.4e-31,284.43,119.46,51.62,110.57
tr|A0A804HKA3|A0A804HKA3_HUMAN,6Q0X_D,8.6e-10,108.38,78.13,18.32,76.07
tr|A0A804HKA4|A0A804HKA4_HUMAN,7D73_D,3.1e-12,86.97,64.43,7.65,63.99
tr|A0A804HL44|A0A804HL44_HUMAN,6Q0X_D,1.3e-09,107.55,77.49,18.37,75.41
tr|A0A8I5KQ33|A0A8I5KQ33_HUMAN,7MFD_A,2.1e-32,260.62,133.12,52.93,124.16
tr|A0A8I5KQB8|A0A8I5KQB8_HUMAN,2CSF_A,13.0,26.63,nan,nan,nan
tr|A0A8I5KQV3|A0A8I5KQV3_HUMAN,7ENC_z,110.0,39.24,nan,nan,nan
tr|A0A8I5KRC7|A0A8I5KRC7_HUMAN,6ZNL_Z,1e-09,118.39,68.65,11.38,67.82
tr|A0A8I5KTE5|A0A8I5KTE5_HUMAN,5TBY_A,3.5e-15,171.35,125.68,29.10,122.39
tr|A0A8I5KUU6|A0A8I5KUU6_HUMAN,6EKK_B,0.0001,47.1,nan,nan,nan
tr|A0A8I5KV41|A0A8I5KV41_HUMAN,6WCQ_C,1.6e-09,101.38,75.91,7.56,75.52
tr|A0A8I5KX44|A0A8I5KX44_HUMAN,6QK7_A,4.6e-19,195.57,123.10,12.41,122.52
tr|A0A8I5KX76|A0A8I5KX76_HUMAN,6IRE_B,2.8e-05,57.97,43.08,0.00,43.08
tr|A0A8I5KXL4|A0A8I5KXL4_HUMAN,1T77_B,1.6e-95,696.47,82.31,32.23,80.80
tr|A0A8I5KXP3|A0A8I5KXP3_HUMAN,7EGH_B,1.7e-66,512.12,167.37,83.74,156.37
tr|A0A8I5KXQ4|A0A8I5KXQ4_HUMAN,7CCS_A,0.13,39.01,nan,nan,nan
tr|A0A8I5KY62|A0A8I5KY62_HUMAN,6S7T_H,3.9e-49,310.71,170.63,90.11,148.82
tr|A0A8I5KZA5|A0A8I5KZA5_HUMAN,6ZP4_C,0.12,55.69,nan,nan,nan
tr|A0A8I5QJP8|A0A8I5QJP8_HUMAN,7M0X_B,8.1e-65,402.81,121.36,24.55,120.00
tr|A0A8I5QKR6|A0A8I5QKR6_HUMAN,7OBR_u,0.015,66.37,nan,nan,nan
tr|A0A8Q3SIJ2|A0A8Q3SIJ2_HUMAN,7NRC_A,590.0,34.95,nan,nan,nan
tr|A0A8Q3WKB5|A0A8Q3WKB5_HUMAN,7BFP_C,8.4e-59,449.8,93.54,44.31,89.60
tr|A0A8Q3WKN7|A0A8Q3WKN7_HUMAN,2L3O_A,210.0,18.12,nan,nan,nan
tr|A0A8Q3WL53|A0A8Q3WL53_HUMAN,7KZT_S,2.8e-284,2441.52,2374.46,94.84,2372.53
tr|A0A8Q3WLX3|A0A8Q3WLX3_HUMAN,6HG4_B,5.7e-41,311.39,258.25,53.14,252.72
tr|A0A8Q3WMB8|A0A8Q3WMB8_HUMAN,7KZQ_E,7.6e-94,692.26,523.80,238.24,447.40
tr|A0A8V8TKS9|A0A8V8TKS9_HUMAN,5MZV_C,2.5e-30,207.02,79.60,29.87,76.14
tr|A0A8V8TKX2|A0A8V8TKX2_HUMAN,6GKM_A,1.8e-17,143.71,80.18,23.33,77.39
tr|A0A8V8TKY8|A0A8V8TKY8_HUMAN,5H7V_A,20.0,30.33,nan,nan,nan
tr|A0A8V8TM98|A0A8V8TM98_HUMAN,7QDR_B,1.5e-52,396.08,94.30,76.81,80.60
tr|A0A8V8TMF3|A0A8V8TMF3_HUMAN,6QNX_C,1.2e-13,135.12,56.83,14.11,55.43
tr|A0A8V8TMX5|A0A8V8TMX5_HUMAN,5UKI_A,6.6e-56,360.27,91.49,85.10,75.38
tr|A0A8V8TNK9|A0A8V8TNK9_HUMAN,7QDR_B,1.5e-93,745.64,128.65,54.12,124.01
tr|A0A8V8TNN1|A0A8V8TNN1_HUMAN,5EC6_A,150.0,25.99,nan,nan,nan
tr|A0A8V8TNS2|A0A8V8TNS2_HUMAN,6X6C_F,5.5e-16,146.8,82.60,24.56,79.58
tr|A0A8V8TNV8|A0A8V8TNV8_HUMAN,6X6C_F,2.9e-209,1765.41,204.11,314.50,133.61
tr|A0A8V8TPD8|A0A8V8TPD8_HUMAN,7ASE_C,99.0,24.01,nan,nan,nan
tr|A0A8V8TPE0|A0A8V8TPE0_HUMAN,7CQ5_D,1.4e-177,1362.12,492.29,349.26,414.54
tr|A0A8V8TQ00|A0A8V8TQ00_HUMAN,6C9M_C,0.00093,50.04,nan,nan,nan
tr|A0A8V8TQ42|A0A8V8TQ42_HUMAN,6X4T_A,2.6e-11,80.43,58.68,8.40,58.17
tr|A0A8V8TQJ8|A0A8V8TQJ8_HUMAN,4Y93_A,1.8e-10,109.08,65.74,14.79,64.33
tr|A0A8V8TQT6|A0A8V8TQT6_HUMAN,7D3F_D,26.0,36.56,nan,nan,nan
tr|A0A994J3P2|A0A994J3P2_HUMAN,1SCF_B,120.0,24.84,nan,nan,nan
tr|A0A994J595|A0A994J595_HUMAN,6JPA_F,3.1e-160,1273.25,91.72,149.08,75.87
tr|A0A994J5M2|A0A994J5M2_HUMAN,2CJS_C,1.2e-22,168.03,79.46,27.65,75.95
tr|A0A994J6N1|A0A994J6N1_HUMAN,6LTH_R,2e-84,533.33,110.09,104.36,90.54
tr|A0A994J7C9|A0A994J7C9_HUMAN,4WPX_F,130.0,26.94,nan,nan,nan
tr|A0A994J7Q7|A0A994J7Q7_HUMAN,2D68_B,1e-11,94.89,94.89,0.00,94.89
tr|A0A9H4B933|A0A9H4B933_HUMAN,1TQ6_A,0.0055,44.19,nan,nan,nan
tr|A0A9L9PXG5|A0A9L9PXG5_HUMAN,7EPC_B,2.3e-66,460.83,252.04,90.58,235.90
tr|A0A9L9PXL6|A0A9L9PXL6_HUMAN,4P17_B,2.2e-19,132.91,113.97,14.80,112.95
tr|A6PVI1|A6PVI1_HUMAN,2MJU_A,0.021,38.34,nan,nan,nan
tr|A6QRH8|A6QRH8_HUMAN,2IAF_A,17.0,19.21,nan,nan,nan
tr|A8K0A6|A8K0A6_HUMAN,7SBN_A,6e-08,86.23,79.14,3.16,79.08
tr|A8MTQ3|A8MTQ3_HUMAN,6EM3_v,5.4,34.28,nan,nan,nan
sp|A8MTZ7|CL071_HUMAN,6KOS_A,50.0,28.62,nan,nan,nan
sp|A8MYZ5|IQCF6_HUMAN,6Z47_G,0.017,52.02,nan,nan,nan
tr|A9Z1Z2|A9Z1Z2_HUMAN,6OZY_B,480.0,18.87,nan,nan,nan
tr|B0QXZ9|B0QXZ9_HUMAN,6QX9_K,41.0,36.58,nan,nan,nan
tr|B0QY92|B0QY92_HUMAN,5A3Y_A,9.1,29.3,nan,nan,nan
tr|B0QYN4|B0QYN4_HUMAN,3BJC_A,160.0,29.33,nan,nan,nan
tr|B0QYS0|B0QYS0_HUMAN,1UJK_A,0.00044,36.39,nan,nan,nan
tr|B0QZ26|B0QZ26_HUMAN,6YTL_U,9.5e-23,155.83,123.16,15.54,122.19
tr|B0QZ72|B0QZ72_HUMAN,5XFO_A,2.6e-21,139.64,74.96,28.88,70.63
tr|B1AHC5|B1AHC5_HUMAN,6RYU_W,0.00014,81.13,74.44,1.74,74.42
tr|B2REA5|B2REA5_HUMAN,3DAL_A,3.4e-07,53.0,53.00,0.00,53.00
tr|B3KQ30|B3KQ30_HUMAN,4EB7_C,1.5e-22,144.01,129.12,7.56,128.90
tr|B4DEY6|B4DEY6_HUMAN,2JTN_A,1.3e-14,94.47,63.35,11.94,62.37
tr|B4DJ94|B4DJ94_HUMAN,7KYA_A,1.5e-11,120.85,93.55,14.08,92.51
tr|B4DPY1|B4DPY1_HUMAN,3ZVL_A,45.0,33.1,nan,nan,nan
tr|B4DQK9|B4DQK9_HUMAN,4G8L_A,83.0,23.29,nan,nan,nan
tr|B4DRP8|B4DRP8_HUMAN,6QNX_C,1.5e-45,371.4,97.18,50.13,87.48
tr|B4DX41|B4DX41_HUMAN,3ZDU_A,3e-19,132.95,78.73,22.45,76.32
tr|B4DYM6|B4DYM6_HUMAN,6J8Y_A,6e-13,103.36,79.69,16.96,77.95
tr|B4E3F4|B4E3F4_HUMAN,4G1M_A,0.06,46.48,nan,nan,nan
tr|B5MCC0|B5MCC0_HUMAN,6R3Y_A,1.1e-34,217.44,190.11,22.12,188.80
tr|B5ME25|B5ME25_HUMAN,7AOR_y,990.0,24.26,nan,nan,nan
tr|B7Z332|B7Z332_HUMAN,6XVF_D,56.0,24.9,nan,nan,nan
tr|B7Z6P3|B7Z6P3_HUMAN,7DL2_D,0.95,48.77,nan,nan,nan
tr|B8YG18|B8YG18_HUMAN,5J11_B,6e-09,68.82,60.14,6.82,59.75
tr|B8ZZB5|B8ZZB5_HUMAN,7RRO_p,940.0,24.96,nan,nan,nan
tr|B8ZZF6|B8ZZF6_HUMAN,6WRR_A,8.5e-20,150.51,150.51,0.00,150.51
tr|C9IZE0|C9IZE0_HUMAN,6QAJ_B,2.6e-14,98.9,69.00,13.14,67.73
tr|C9IZW7|C9IZW7_HUMAN,5LC2_B,2.1e-05,54.94,nan,nan,nan
tr|C9J326|C9J326_HUMAN,6ZPD_A,0.001,41.93,nan,nan,nan
tr|C9J3I0|C9J3I0_HUMAN,5F74_B,170.0,22.34,nan,nan,nan
tr|C9J4P8|C9J4P8_HUMAN,4LAX_A,1.4e-21,144.63,72.42,21.82,69.97
tr|C9J660|C9J660_HUMAN,2Q17_C,1e-33,226.4,156.03,28.91,153.48
tr|C9J756|C9J756_HUMAN,4WEB_H,5.7,24.87,nan,nan,nan
tr|C9J7Q4|C9J7Q4_HUMAN,4CCY_A,2.6e-16,110.58,91.39,6.96,91.12
tr|C9J7Z1|C9J7Z1_HUMAN,4Z86_A,7.6e-23,156.28,148.46,5.60,148.35
tr|C9JAB0|C9JAB0_HUMAN,5C5B_A,1e-10,78.88,70.15,5.90,69.90
tr|C9JBE7|C9JBE7_HUMAN,6ND4_Q,5e-05,68.44,55.38,0.91,55.37
tr|C9JCD5|C9JCD5_HUMAN,7CCS_A,3.7e-05,69.5,nan,nan,nan
tr|C9JCE0|C9JCE0_HUMAN,4OGR_G,4.7e-21,129.13,110.14,19.02,108.48
tr|C9JCK3|C9JCK3_HUMAN,6WCQ_C,2.4e-10,83.75,53.47,8.60,52.85
tr|C9JD54|C9JD54_HUMAN,3OL2_A,0.00064,49.27,nan,nan,nan
tr|C9JDG6|C9JDG6_HUMAN,7EG4_B,7.2e-24,162.91,146.64,14.00,145.95
tr|C9JDX6|C9JDX6_HUMAN,6U3S_A,6.5e-36,212.26,79.16,27.60,75.29
tr|C9JG35|C9JG35_HUMAN,6QNX_C,0.15,43.63,nan,nan,nan
tr|C9JG87|C9JG87_HUMAN,7OF0_7,4.2e-45,305.05,165.14,83.25,145.88
tr|C9JHV9|C9JHV9_HUMAN,4EKU_A,1.7e-29,197.18,124.36,41.24,117.94
tr|C9JI88|C9JI88_HUMAN,3OGL_D,2.7e-28,230.74,132.01,30.94,128.49
tr|C9JIE4|C9JIE4_HUMAN,3TNU_A,0.00032,44.87,nan,nan,nan
tr|C9JJN7|C9JJN7_HUMAN,6ZNL_Z,4.9e-17,132.83,53.34,16.83,51.71
tr|C9JKF4|C9JKF4_HUMAN,7ARD_d,6.5,21.01,nan,nan,nan
tr|C9JL85|C9JL85_HUMAN,4RLV_A,0.67,31.21,nan,nan,nan
tr|C9JP75|C9JP75_HUMAN,5YZ0_C,49.0,31.32,nan,nan,nan
tr|C9JPE5|C9JPE5_HUMAN,6YJJ_A,9.8e-19,126.68,102.78,23.91,99.96
tr|C9JQF1|C9JQF1_HUMAN,6LTJ_I,2.6e-14,131.66,70.11,23.89,66.57
tr|C9JQK5|C9JQK5_HUMAN,6R6H_F,1.4e-05,47.73,nan,nan,nan
tr|C9JRQ0|C9JRQ0_HUMAN,1W8X_P,100.0,25.05,nan,nan,nan
tr|C9JS03|C9JS03_HUMAN,3KMI_B,100.0,24.38,nan,nan,nan
tr|C9JTY5|C9JTY5_HUMAN,2JZX_A,6.4e-10,66.77,57.68,5.77,57.38
tr|C9JTZ5|C9JTZ5_HUMAN,4R7P_D,1e-07,72.61,68.76,4.76,68.59
tr|C9JVK8|C9JVK8_HUMAN,5Z7L_C,3e-15,102.19,102.19,0.00,102.19
tr|C9JVY5|C9JVY5_HUMAN,7ETO_x,440.0,33.74,nan,nan,nan
tr|C9JWL6|C9JWL6_HUMAN,2COM_A,90.0,20.32,nan,nan,nan
tr|C9JXX2|C9JXX2_HUMAN,6S24_A,2.1e-05,55.57,nan,nan,nan
tr|C9JZ81|C9JZ81_HUMAN,1JEY_B,3.4e-16,121.53,86.78,20.29,84.47
tr|C9JZH4|C9JZH4_HUMAN,6TB4_K,23.0,35.8,nan,nan,nan
tr|C9K0M1|C9K0M1_HUMAN,6HG4_B,2e-71,521.07,420.57,100.51,408.38
tr|D6R8Z7|D6R8Z7_HUMAN,2P4L_A,4.2,24.75,nan,nan,nan
tr|D6R9D8|D6R9D8_HUMAN,7KTS_B,3.3,31.0,nan,nan,nan
tr|D6R9R9|D6R9R9_HUMAN,4M0M_A,140.0,27.11,nan,nan,nan
tr|D6R9Y3|D6R9Y3_HUMAN,6TOR_B,1e-14,99.01,99.01,0.00,99.01
tr|D6RAL1|D6RAL1_HUMAN,7L20_w,3.4e-30,221.26,102.37,40.49,94.88
tr|D6RAQ7|D6RAQ7_HUMAN,4O38_A,6.2e-10,66.22,59.52,6.70,59.15
tr|D6RAY4|D6RAY4_HUMAN,4OE9_B,73.0,20.81,nan,nan,nan
tr|D6RBX6|D6RBX6_HUMAN,4YSX_G,1.6e-10,77.2,67.20,8.68,66.61
tr|D6RBZ4|D6RBZ4_HUMAN,7NRC_A,750.0,28.55,nan,nan,nan
tr|D6RCQ9|D6RCQ9_HUMAN,7SUL_D,1.1e-12,90.97,90.97,0.00,90.97
tr|D6RD22|D6RD22_HUMAN,3GEI_B,230.0,18.67,nan,nan,nan
tr|D6RDL6|D6RDL6_HUMAN,7C83_A,2.7e-06,59.86,59.47,0.39,59.46
tr|D6RDZ9|D6RDZ9_HUMAN,3SQI_A,220.0,25.53,nan,nan,nan
tr|D6RE67|D6RE67_HUMAN,6LU8_R,4.4e-17,118.1,97.53,29.09,92.31
tr|D6RER6|D6RER6_HUMAN,2AEX_A,1.7e-09,92.43,92.43,0.00,92.43
tr|D6REX0|D6REX0_HUMAN,4ON1_B,5.2,32.85,nan,nan,nan
tr|D6REY0|D6REY0_HUMAN,7VGX_R,8.1e-14,91.61,58.22,6.47,57.93
tr|D6RGX9|D6RGX9_HUMAN,1UTR_B,1.5,24.64,nan,nan,nan
tr|D6RHG4|D6RHG4_HUMAN,5LA7_A,3.2e-20,146.94,116.80,30.20,112.81
tr|D6RHX2|D6RHX2_HUMAN,6IE1_A,4e-10,84.89,80.98,3.91,80.89
tr|D6RID8|D6RID8_HUMAN,7O4L_6,8.3e-40,286.69,157.26,70.59,141.39
tr|D6RJA4|D6RJA4_HUMAN,3T5N_A,320.0,26.11,nan,nan,nan
tr|D6RJD0|D6RJD0_HUMAN,5A2V_B,3.2,25.42,nan,nan,nan
tr|E5RFJ3|E5RFJ3_HUMAN,6Y6E_A,2.1,32.51,nan,nan,nan
tr|E5RG22|E5RG22_HUMAN,2J4T_A,4.1,26.14,nan,nan,nan
tr|E5RH43|E5RH43_HUMAN,2ZFY_A,160.0,18.99,nan,nan,nan
tr|E5RHJ3|E5RHJ3_HUMAN,7JKQ_B,8.8e-28,194.53,194.53,0.00,194.53
tr|E5RHR3|E5RHR3_HUMAN,6J5K_Cb,7.3,24.48,nan,nan,nan
tr|E5RHT2|E5RHT2_HUMAN,2H8H_A,0.01,43.26,nan,nan,nan
tr|E5RIL8|E5RIL8_HUMAN,6QL9_L,71.0,27.57,nan,nan,nan
tr|E5RJ03|E5RJ03_HUMAN,7D1M_B,330.0,26.58,nan,nan,nan
tr|E5RJ92|E5RJ92_HUMAN,3GA2_A,3.6e-06,61.83,60.68,1.02,60.67
tr|E5RJX4|E5RJX4_HUMAN,2NYM_F,0.00037,38.82,nan,nan,nan
tr|E5RK79|E5RK79_HUMAN,2VX8_B,58.0,22.21,nan,nan,nan
tr|E7ERK3|E7ERK3_HUMAN,6JPA_F,3.2e-45,343.2,343.20,0.00,343.20
tr|E7ERT8|E7ERT8_HUMAN,2KAA_A,250.0,20.37,nan,nan,nan
tr|E9PAR2|E9PAR2_HUMAN,6IAK_F,3.2e-07,74.96,47.65,13.00,46.19
tr|E9PB85|E9PB85_HUMAN,2MKD_A,0.00024,41.16,nan,nan,nan
tr|E9PCC0|E9PCC0_HUMAN,4FR4_B,6.7e-57,350.2,133.90,17.19,133.03
tr|E9PCT7|E9PCT7_HUMAN,7E9Y_A,310.0,21.68,nan,nan,nan
tr|E9PIS4|E9PIS4_HUMAN,3RD7_B,4e-05,55.7,nan,nan,nan
tr|E9PJ40|E9PJ40_HUMAN,1F8V_A,100.0,23.67,nan,nan,nan
tr|E9PJ46|E9PJ46_HUMAN,1X9T_A,40.0,28.82,nan,nan,nan
tr|E9PJY4|E9PJY4_HUMAN,4WZ9_B,3.4e-09,87.84,78.05,5.68,77.84
tr|E9PKD2|E9PKD2_HUMAN,7VOP_e,1.9e-07,107.44,107.44,0.00,107.44
tr|E9PMW6|E9PMW6_HUMAN,6MBI_A,6.4e-10,67.1,63.55,3.96,63.43
tr|E9PNB8|E9PNB8_HUMAN,7VLM_A,63.0,24.49,nan,nan,nan
tr|E9PNK7|E9PNK7_HUMAN,6CD2_C,170.0,23.67,nan,nan,nan
tr|E9PP19|E9PP19_HUMAN,2WZK_A,0.0035,39.44,nan,nan,nan
tr|E9PP77|E9PP77_HUMAN,3RSR_A,7.9e-13,105.12,91.51,9.44,91.01
tr|E9PPB3|E9PPB3_HUMAN,3M0C_C,4.5e-33,291.24,88.76,30.20,85.48
tr|E9PPB8|E9PPB8_HUMAN,4RTB_A,39.0,28.53,nan,nan,nan
tr|E9PQ50|E9PQ50_HUMAN,4QUV_B,6.3e-28,188.81,188.81,0.00,188.81
tr|E9PQV4|E9PQV4_HUMAN,5TCX_A,3e-10,71.11,64.60,5.31,64.38
tr|E9PR91|E9PR91_HUMAN,4HBO_C,370.0,21.59,nan,nan,nan
tr|E9PRN7|E9PRN7_HUMAN,7A23_T,2.5e-07,65.33,54.20,4.85,53.99
tr|E9PRT7|E9PRT7_HUMAN,6UBD_A,74.0,19.17,nan,nan,nan
tr|E9PS85|E9PS85_HUMAN,6BRH_B,1.1,42.55,nan,nan,nan
tr|E9PSD5|E9PSD5_HUMAN,2XCM_E,2e-24,130.03,120.45,9.58,120.07
tr|F2Z2E3|F2Z2E3_HUMAN,5U8U_B,9.8e-19,132.26,67.80,12.91,66.76
tr|F2Z3P3|F2Z3P3_HUMAN,6AQ7_A,92.0,24.21,nan,nan,nan
tr|F2Z3Q0|F2Z3Q0_HUMAN,5HDF_B,0.0011,47.5,nan,nan,nan
tr|F2Z3Q2|F2Z3Q2_HUMAN,6VPQ_F,91.0,25.7,nan,nan,nan
tr|F5GX08|F5GX08_HUMAN,1JMZ_G,30.0,24.26,nan,nan,nan
tr|F5GX62|F5GX62_HUMAN,3REG_A,1.6e-20,115.53,89.48,8.81,89.04
tr|F5GXP7|F5GXP7_HUMAN,5C65_A,4.4e-10,77.68,74.28,3.28,74.21
tr|F5GY42|F5GY42_HUMAN,6LQO_L,99.0,16.56,nan,nan,nan
tr|F5GY58|F5GY58_HUMAN,1Q16_B,81.0,29.57,nan,nan,nan
tr|F5GYA9|F5GYA9_HUMAN,5A2F_A,0.26,30.28,nan,nan,nan
tr|F5GYH9|F5GYH9_HUMAN,7MQY_A,170.0,23.74,nan,nan,nan
tr|F5GZ94|F5GZ94_HUMAN,3UGM_A,12.0,25.22,nan,nan,nan
tr|F5H1V1|F5H1V1_HUMAN,5CK3_B,5.2e-05,48.44,40.80,2.72,40.71
tr|F5H256|F5H256_HUMAN,4YKE_B,3.4e-30,204.7,80.32,42.09,73.17
tr|F5H4F6|F5H4F6_HUMAN,6C9D_A,5.5e-33,202.71,150.74,9.99,150.42
tr|F5H4W3|F5H4W3_HUMAN,5LWW_A,75.0,21.85,nan,nan,nan
tr|F5H520|F5H520_HUMAN,4AQS_A,5.4e-29,186.99,164.26,8.85,164.04
tr|F5H5U4|F5H5U4_HUMAN,1TH1_C,120.0,21.88,nan,nan,nan
tr|F5H665|F5H665_HUMAN,1FDV_C,48.0,25.94,nan,nan,nan
tr|F5H6X6|F5H6X6_HUMAN,5IED_A,1e-160,1232.47,615.96,233.48,548.98
tr|F8VP72|F8VP72_HUMAN,5I9E_C,6.8e-07,66.11,63.71,1.90,63.68
tr|F8VRX0|F8VRX0_HUMAN,7EGH_B,2.9,37.75,nan,nan,nan
tr|F8VSE0|F8VSE0_HUMAN,6IKK_B,39.0,23.45,nan,nan,nan
tr|F8VSM8|F8VSM8_HUMAN,7D3F_D,290.0,24.67,nan,nan,nan
tr|F8VTR6|F8VTR6_HUMAN,4UJ5_C,1.3e-45,275.51,275.51,0.00,275.51
tr|F8VTT4|F8VTT4_HUMAN,4O2Z_A,0.0002,42.61,nan,nan,nan
tr|F8VUI8|F8VUI8_HUMAN,5E4I_A,0.004,38.85,nan,nan,nan
tr|F8VV53|F8VV53_HUMAN,7STY_A,5.7e-10,80.46,60.88,5.43,60.64
tr|F8VVE3|F8VVE3_HUMAN,3OPY_A,1e-07,90.27,76.75,7.73,76.35
tr|F8VVK8|F8VVK8_HUMAN,1ZBD_B,1.1e-20,117.97,78.25,27.93,73.41
tr|F8VVU2|F8VVU2_HUMAN,4UM8_B,18.0,38.15,nan,nan,nan
tr|F8VWV2|F8VWV2_HUMAN,4H8S_C,1.5e-10,82.77,70.96,7.74,70.55
tr|F8VWV8|F8VWV8_HUMAN,7K0M_H,8.9e-24,140.89,140.89,0.00,140.89
tr|F8VWY1|F8VWY1_HUMAN,6F40_V,4.6e-11,84.64,83.46,1.66,83.45
tr|F8W201|F8W201_HUMAN,6NQ7_A,1.3,29.31,nan,nan,nan
tr|F8WAR3|F8WAR3_HUMAN,6GBQ_G,60.0,21.71,nan,nan,nan
tr|F8WAV0|F8WAV0_HUMAN,6GP0_A,340.0,17.18,nan,nan,nan
tr|F8WB25|F8WB25_HUMAN,6ZMW_g,1000.0,21.15,nan,nan,nan
tr|F8WB38|F8WB38_HUMAN,6ZM6_AU,53.0,25.76,nan,nan,nan
tr|F8WCZ9|F8WCZ9_HUMAN,2XHI_A,7.2e-08,64.76,60.34,4.43,60.17
tr|F8WD52|F8WD52_HUMAN,5I2C_A,2e-08,72.09,68.19,3.90,68.08
tr|F8WDI3|F8WDI3_HUMAN,3TW6_D,4.6e-08,83.48,76.99,4.32,76.88
tr|F8WDK9|F8WDK9_HUMAN,2R03_A,6.7e-13,102.36,88.09,7.90,87.75
tr|F8WEA7|F8WEA7_HUMAN,3D34_B,44.0,22.63,nan,nan,nan
tr|F8WEN4|F8WEN4_HUMAN,7CCS_A,0.51,36.47,nan,nan,nan
tr|F8WES3|F8WES3_HUMAN,7SP5_B,0.0014,49.91,nan,nan,nan
tr|F8WFD8|F8WFD8_HUMAN,6LO8_B,0.0018,59.24,nan,nan,nan
tr|G3V188|G3V188_HUMAN,6VLT_F,9e-50,308.8,188.48,37.42,185.00
tr|G3V2Q3|G3V2Q3_HUMAN,6GZH_B,1.9e-27,218.86,133.17,35.46,128.54
tr|G3V339|G3V339_HUMAN,5UJJ_A,2e-08,73.15,64.23,12.06,62.97
tr|G3V3D6|G3V3D6_HUMAN,7K58_E,0.0012,58.39,nan,nan,nan
tr|G3V426|G3V426_HUMAN,5YJZ_A,4e-26,193.24,140.01,51.07,130.08
tr|G3V4H6|G3V4H6_HUMAN,4CGC_C,2.5e-06,47.65,47.32,0.47,47.32
tr|G3V4K6|G3V4K6_HUMAN,4O5F_A,9.2,25.26,nan,nan,nan
tr|G3V4T4|G3V4T4_HUMAN,1JSG_A,7.3e-11,73.84,67.22,5.18,67.01
tr|G3V5W2|G3V5W2_HUMAN,7B00_A,1.2e-10,86.1,70.19,9.02,69.61
tr|G5E9A8|G5E9A8_HUMAN,2LQH_B,100.0,18.85,nan,nan,nan
tr|H0Y5S4|H0Y5S4_HUMAN,7CK6_I,110.0,20.22,nan,nan,nan
tr|H0Y863|H0Y863_HUMAN,5KKP_A,8.4e-30,208.93,113.71,49.28,104.73
tr|H0Y8F7|H0Y8F7_HUMAN,1OOE_B,0.005,39.81,nan,nan,nan
tr|H0Y8Q9|H0Y8Q9_HUMAN,2H8H_A,0.12,40.6,nan,nan,nan
tr|H0Y8W8|H0Y8W8_HUMAN,2YRU_A,7.5e-14,104.18,95.51,6.77,95.28
tr|H0Y8Y8|H0Y8Y8_HUMAN,3EAY_A,4e-13,118.8,69.90,19.92,67.70
tr|H0Y993|H0Y993_HUMAN,2JX3_A,7.5e-26,177.41,116.85,60.56,99.93
tr|H0Y9C8|H0Y9C8_HUMAN,3CSQ_D,360.0,23.41,nan,nan,nan
tr|H0Y9Z7|H0Y9Z7_HUMAN,5SZJ_B,180.0,25.21,nan,nan,nan
tr|H0YA59|H0YA59_HUMAN,7RHQ_G,490.0,24.81,nan,nan,nan
tr|H0YAW6|H0YAW6_HUMAN,1G9L_A,2.8,29.8,nan,nan,nan
tr|H0YB55|H0YB55_HUMAN,7EGH_B,0.094,42.65,nan,nan,nan
tr|H0YC29|H0YC29_HUMAN,6QNX_C,0.00069,73.64,nan,nan,nan
tr|H0YD22|H0YD22_HUMAN,6U42_5G,320.0,20.83,nan,nan,nan
tr|H0YEI6|H0YEI6_HUMAN,6VP8_A,0.00061,57.59,nan,nan,nan
tr|H0YFI7|H0YFI7_HUMAN,3CRR_A,6.0,25.66,nan,nan,nan
tr|H0YFQ2|H0YFQ2_HUMAN,3J9O_J,200.0,26.65,nan,nan,nan
tr|H0YGL0|H0YGL0_HUMAN,6SWY_5,140.0,26.34,nan,nan,nan
tr|H0YGY7|H0YGY7_HUMAN,4GNK_D,7.5e-18,151.05,128.80,9.98,128.44
tr|H0YH20|H0YH20_HUMAN,3C75_L,67.0,26.09,nan,nan,nan
tr|H0YHB8|H0YHB8_HUMAN,3OPY_A,0.00082,52.04,nan,nan,nan
tr|H0YHT7|H0YHT7_HUMAN,5IM8_A,37.0,25.57,nan,nan,nan
tr|H0YIF6|H0YIF6_HUMAN,4IJD_A,4.4e-20,128.37,78.74,24.04,75.49
tr|H0YIU2|H0YIU2_HUMAN,7DXI_B,2.6e-05,64.84,nan,nan,nan
tr|H0YJB8|H0YJB8_HUMAN,4L9I_B,5.3e-10,83.43,59.46,8.10,58.95
tr|H0YJQ5|H0YJQ5_HUMAN,1DJO_A,260.0,19.12,nan,nan,nan
tr|H0YK66|H0YK66_HUMAN,1YCY_B,0.29,28.36,nan,nan,nan
tr|H0YKR0|H0YKR0_HUMAN,7LVS_F,41.0,21.08,nan,nan,nan
tr|H0YLP1|H0YLP1_HUMAN,5JL7_A,2.7e-35,229.6,73.59,22.03,71.94
tr|H0YLT3|H0YLT3_HUMAN,4TLV_C,97.0,22.87,nan,nan,nan
tr|H0YLW6|H0YLW6_HUMAN,5ANP_B,0.2,42.04,nan,nan,nan
tr|H0YM98|H0YM98_HUMAN,6UWZ_E,4.4e-20,141.4,100.33,17.78,98.84
tr|H0YMU3|H0YMU3_HUMAN,2D1C_B,3.3e-26,195.58,153.80,12.61,153.29
tr|H0YNT1|H0YNT1_HUMAN,6SC8_A,1.3e-35,227.21,107.98,59.92,95.66
tr|H0YNW8|H0YNW8_HUMAN,5ANC_K,0.033,39.65,nan,nan,nan
tr|H3BM17|H3BM17_HUMAN,4KBL_A,17.0,27.5,nan,nan,nan
tr|H3BME6|H3BME6_HUMAN,1EH6_A,17.0,19.96,nan,nan,nan
tr|H3BMJ6|H3BMJ6_HUMAN,4BG2_B,47.0,26.26,nan,nan,nan
tr|H3BMM0|H3BMM0_HUMAN,5A4P_A,1e-16,128.55,72.17,12.69,71.16
tr|H3BMP9|H3BMP9_HUMAN,6VP6_A,0.00013,53.63,43.31,2.35,43.25
tr|H3BN34|H3BN34_HUMAN,6B6U_A,3.3e-07,63.14,61.13,1.48,61.12
tr|H3BNT3|H3BNT3_HUMAN,1R00_A,2.7e-06,64.04,57.36,4.45,57.19
tr|H3BNU6|H3BNU6_HUMAN,5JM8_H,140.0,24.88,nan,nan,nan
tr|H3BPU9|H3BPU9_HUMAN,3B0U_Y,28.0,23.14,nan,nan,nan
tr|H3BQ06|H3BQ06_HUMAN,5HJQ_A,4.9e-23,169.17,101.22,25.40,98.69
tr|H3BQV6|H3BQV6_HUMAN,7MIZ_22,1.3,30.47,nan,nan,nan
tr|H3BR19|H3BR19_HUMAN,4N4A_A,0.0089,47.85,nan,nan,nan
tr|H3BRL9|H3BRL9_HUMAN,7RDS_A,1.6e-20,139.75,79.14,17.74,77.51
tr|H3BRW9|H3BRW9_HUMAN,7JUW_C,2e-47,285.55,113.52,17.41,112.64
tr|H3BS91|H3BS91_HUMAN,6E11_E,68.0,28.04,nan,nan,nan
tr|H3BT47|H3BT47_HUMAN,6FKM_A,150.0,19.13,nan,nan,nan
tr|H3BTI7|H3BTI7_HUMAN,3ML4_C,1e-09,74.39,74.39,0.00,74.39
tr|H3BU17|H3BU17_HUMAN,2ETS_A,64.0,26.06,nan,nan,nan
tr|H3BV86|H3BV86_HUMAN,3ZUK_B,170.0,20.66,nan,nan,nan
tr|H7BZ05|H7BZ05_HUMAN,5EJJ_A,240.0,25.8,nan,nan,nan
tr|H7BZ87|H7BZ87_HUMAN,5FWS_A,2.9e-12,85.61,84.20,1.05,84.19
tr|H7BZC2|H7BZC2_HUMAN,6X9O_A,2600.0,26.37,nan,nan,nan
tr|H7BZJ1|H7BZJ1_HUMAN,1LW3_A,1.3e-20,160.98,105.76,39.05,99.44
tr|H7C0H7|H7C0H7_HUMAN,7NXD_A,72.0,28.58,nan,nan,nan
tr|H7C1D9|H7C1D9_HUMAN,6RFR_C,440.0,29.43,nan,nan,nan
tr|H7C265|H7C265_HUMAN,6V6Q_A,1.1e-60,379.07,194.82,24.70,193.50
tr|H7C2L1|H7C2L1_HUMAN,4HKC_B,5.3e-05,36.58,nan,nan,nan
tr|H7C3S2|H7C3S2_HUMAN,5Y78_A,2.4e-11,88.87,73.39,12.20,72.36
tr|H7C466|H7C466_HUMAN,2HOX_B,7.5,28.53,nan,nan,nan
tr|H7C486|H7C486_HUMAN,7DV5_U,3.8e-11,91.53,73.69,13.30,72.50
tr|H7C5K3|H7C5K3_HUMAN,7MFD_A,5.4e-59,414.5,129.22,111.08,102.79
tr|H7C5M8|H7C5M8_HUMAN,6MQ7_B,2.5e-06,61.49,61.49,0.00,61.49
tr|H9KV29|H9KV29_HUMAN,4I2X_F,2.8e-13,92.54,53.45,6.32,53.11
tr|I3L073|I3L073_HUMAN,6TTU_T,1.5,40.76,nan,nan,nan
tr|I3L0U0|I3L0U0_HUMAN,7V2H_b,150.0,22.44,nan,nan,nan
tr|I3L200|I3L200_HUMAN,4A8J_E,0.0099,43.53,nan,nan,nan
tr|I3L4Z7|I3L4Z7_HUMAN,5CK3_B,4.3e-07,68.38,50.71,4.94,50.49
tr|I3NI51|I3NI51_HUMAN,6VY1_g,3.1e-08,65.38,62.44,1.46,62.42
tr|J3KPI1|J3KPI1_HUMAN,6RM3_LG0,3.1e-10,100.91,77.51,10.76,76.78
tr|J3KRW5|J3KRW5_HUMAN,5BWA_B,1.6e-10,86.43,86.43,0.00,86.43
tr|J3KSF2|J3KSF2_HUMAN,7F4G_R,37.0,24.99,nan,nan,nan
tr|J3KSK0|J3KSK0_HUMAN,5B3G_B,29.0,19.29,nan,nan,nan
tr|J3KSN4|J3KSN4_HUMAN,6XT9_I,63.0,26.35,nan,nan,nan
tr|J3KSV1|J3KSV1_HUMAN,4F4O_L,7.4e-12,81.18,80.98,0.20,80.98
tr|J3KT80|J3KT80_HUMAN,7APK_j,37.0,27.0,nan,nan,nan
tr|J3QL62|J3QL62_HUMAN,3MI9_C,60.0,23.77,nan,nan,nan
tr|J3QL75|J3QL75_HUMAN,1Q5C_B,0.17,37.54,nan,nan,nan
tr|J3QLC2|J3QLC2_HUMAN,7EMF_X,3.8e-08,75.88,75.28,0.60,75.28
tr|J3QLJ8|J3QLJ8_HUMAN,1FDV_C,1.3e-09,80.85,53.37,5.96,53.07
tr|J3QLM6|J3QLM6_HUMAN,5X89_A,1.9e-08,81.63,68.70,5.58,68.48
tr|J3QLP1|J3QLP1_HUMAN,6SCJ_A,5.4e-28,226.42,138.25,58.27,123.49
tr|J3QQN3|J3QQN3_HUMAN,7EPA_B,3.3e-05,62.28,nan,nan,nan
tr|J3QQS6|J3QQS6_HUMAN,6UHC_I,40.0,24.85,nan,nan,nan
tr|J3QQT7|J3QQT7_HUMAN,4MJG_B,120.0,23.78,nan,nan,nan
tr|J3QQV5|J3QQV5_HUMAN,7DVQ_4,1.9e-07,70.0,49.17,7.56,48.62
tr|J3QQW4|J3QQW4_HUMAN,5T13_A,210.0,22.48,nan,nan,nan
tr|J3QRC3|J3QRC3_HUMAN,5O7O_C,2.1e-07,81.29,58.90,6.20,58.59
tr|J3QSC0|J3QSC0_HUMAN,2HRQ_D,1.8e-23,162.13,132.10,14.81,131.20
tr|J3QT28|J3QT28_HUMAN,5JUL_B,2.4e-16,145.25,97.39,10.78,96.82
tr|K7EJW3|K7EJW3_HUMAN,1OQA_A,1.1e-10,66.12,59.25,4.62,59.07
tr|K7EL04|K7EL04_HUMAN,6JK8_B,2.7e-33,277.48,221.13,12.38,220.80
tr|K7ELA3|K7ELA3_HUMAN,5JXT_K,18.0,26.0,nan,nan,nan
tr|K7ELJ2|K7ELJ2_HUMAN,1DOA_B,390.0,17.68,nan,nan,nan
tr|K7EMJ1|K7EMJ1_HUMAN,6QNX_C,0.00014,58.63,39.17,4.45,38.91
tr|K7EN26|K7EN26_HUMAN,6R5K_O,0.0019,51.29,nan,nan,nan
tr|K7END0|K7END0_HUMAN,2K3Y_A,140.0,19.27,nan,nan,nan
tr|K7EPA6|K7EPA6_HUMAN,5ZWM_E,6.2e-07,47.87,45.56,1.81,45.53
tr|K7EPK8|K7EPK8_HUMAN,7RRO_H5,1.8e-63,456.13,189.47,100.80,171.39
tr|K7EPW7|K7EPW7_HUMAN,7K9T_B,1.1e-30,218.78,132.27,75.86,109.70
tr|K7EQ79|K7EQ79_HUMAN,6FML_I,4.7e-05,58.91,nan,nan,nan
tr|K7EQF8|K7EQF8_HUMAN,7SXO_F,1.4e-22,190.14,180.18,9.18,179.93
tr|M0QX48|M0QX48_HUMAN,4CCY_A,6.7e-05,52.19,nan,nan,nan
tr|M0QXP1|M0QXP1_HUMAN,6GRD_A,210.0,27.67,nan,nan,nan
tr|M0QXQ3|M0QXQ3_HUMAN,2K6T_B,1.9e-09,57.75,50.70,7.05,50.20
tr|M0QYC8|M0QYC8_HUMAN,3T4A_C,1.5e-28,189.56,139.61,36.79,134.42
tr|M0QYK9|M0QYK9_HUMAN,4IZ5_F,9.7e-06,54.42,52.72,1.57,52.69
tr|M0QYM6|M0QYM6_HUMAN,7DCO_s,12.0,26.99,nan,nan,nan
tr|M0QZR5|M0QZR5_HUMAN,7D3F_D,2.6,32.91,nan,nan,nan
tr|M0R098|M0R098_HUMAN,5JXT_K,1.0,28.8,nan,nan,nan
tr|M0R0J1|M0R0J1_HUMAN,4Y93_A,1e-07,86.47,77.30,12.38,76.16
tr|M0R197|M0R197_HUMAN,4E4V_B,240.0,20.07,nan,nan,nan
tr|M0R1E9|M0R1E9_HUMAN,3C8I_B,10.0,22.98,nan,nan,nan
tr|M0R2A6|M0R2A6_HUMAN,6QNX_C,0.007,54.25,nan,nan,nan
tr|M0R2J6|M0R2J6_HUMAN,3GIY_A,13.0,23.49,nan,nan,nan
tr|M0R2K4|M0R2K4_HUMAN,3R4D_C,2.3e-09,68.33,48.69,7.84,48.15
tr|M0R2P9|M0R2P9_HUMAN,3R4D_C,3.5e-10,75.19,49.41,9.88,48.63
tr|M0R342|M0R342_HUMAN,7LBY_A,40.0,29.31,nan,nan,nan
tr|Q0P6G1|Q0P6G1_HUMAN,5IM8_A,5.4,27.84,nan,nan,nan
tr|Q2HIZ1|Q2HIZ1_HUMAN,1YO8_A,2.5e-92,625.48,380.44,224.84,280.08
tr|Q5JUP3|Q5JUP3_HUMAN,2VTG_A,4.5e-11,71.64,63.89,10.96,62.86
tr|Q5QPQ1|Q5QPQ1_HUMAN,4F21_B,3e-14,94.26,58.68,8.04,58.21
tr|Q5SZX9|Q5SZX9_HUMAN,6QB8_g,1.3e-22,154.35,116.75,11.06,116.21
tr|Q5T2G3|Q5T2G3_HUMAN,4NUZ_A,0.55,43.75,nan,nan,nan
tr|Q5T374|Q5T374_HUMAN,5WLC_SV,75.0,27.22,nan,nan,nan
tr|Q5T4K4|Q5T4K4_HUMAN,5TSA_A,6.7e-10,90.82,90.82,0.00,90.82
tr|Q68DM5|Q68DM5_HUMAN,3ZOR_A,6.7e-06,61.94,61.94,0.00,61.94
tr|Q6UWF4|Q6UWF4_HUMAN,7N98_A,0.62,36.62,nan,nan,nan
sp|Q8N1L1|CV037_HUMAN,7SDE_A,32.0,31.84,nan,nan,nan
tr|Q8WZ67|Q8WZ67_HUMAN,6V3F_A,250.0,25.49,nan,nan,nan
tr|Q96DS5|Q96DS5_HUMAN,2RUH_A,3.6e-20,121.99,82.46,16.48,80.95
sp|Q96MT4|CF195_HUMAN,6WJE_A,0.74,34.11,nan,nan,nan
sp|Q9Y6Z2|CF123_HUMAN,6L7I_A,38.0,24.05,nan,nan,nan
tr|R4GMT1|R4GMT1_HUMAN,6QNX_C,2e-36,278.72,88.42,44.52,79.00
tr|R4GN38|R4GN38_HUMAN,4ODD_C,0.00036,42.43,nan,nan,nan
tr|R4GN47|R4GN47_HUMAN,6R5K_O,2.6e-05,66.84,60.39,3.13,60.31
tr|R4GNA5|R4GNA5_HUMAN,5E7P_B,1.5e-11,108.8,70.14,12.37,69.08
tr|R4GND5|R4GND5_HUMAN,7C6O_A,120.0,22.4,nan,nan,nan
tr|S4R373|S4R373_HUMAN,5EO6_B,230.0,21.34,nan,nan,nan
tr|S4R3S8|S4R3S8_HUMAN,6ZBE_A,4300.0,20.51,nan,nan,nan
tr|S4R3U1|S4R3U1_HUMAN,5MTV_A,4e-06,56.65,52.92,3.73,52.79
tr|U3KQA4|U3KQA4_HUMAN,6SJV_A,0.39,38.3,nan,nan,nan
tr|V9GY66|V9GY66_HUMAN,4LWK_B,110.0,24.62,nan,nan,nan
tr|V9GYZ8|V9GYZ8_HUMAN,6NYQ_C,0.067,42.64,nan,nan,nan
tr|X6R9N0|X6R9N0_HUMAN,6J6X_A,3.4e-41,292.64,187.65,70.56,174.92
tr|X6RH63|X6RH63_HUMAN,7ANE_d,120.0,23.77,nan,nan,nan
tr|X6RJ09|X6RJ09_HUMAN,5LZZ_jj,1.3e-05,72.9,nan,nan,nan