query_id,best_hit,best_evalue,best_score,score_mean,score_std,score_gmean
sp|A2RTX5|SYTC2_HUMAN,6VU9_A,6.4e-84,612.69,208.15,88.52,192.09
sp|A6ND01|JUNO_HUMAN,5JKA_B,5.3e-60,388.4,298.62,90.15,279.45
sp|O00411|RPOM_HUMAN,3SPA_A,4.2e-225,1862.55,910.78,538.71,745.98
sp|O14798|TR10C_HUMAN,4N90_R,4.2e-15,100.58,70.86,11.41,70.01
sp|O15503|INSI1_HUMAN,7ETW_A,2.9e-41,276.71,253.08,23.63,251.97
sp|O43490|PROM1_HUMAN,7P5J_A,4.8e-14,138.78,132.02,7.93,131.78
sp|O43570|CAH12_HUMAN,6G7A_A,3.1e-52,328.2,267.33,29.69,265.70
sp|O43808|PM34_HUMAN,6GCI_A,1.4e-30,204.84,173.95,20.47,172.76
sp|O60500|NPHN_HUMAN,3V2A_R,5.7e-25,208.49,128.01,25.48,125.71
sp|O75452|RDH16_HUMAN,1FDV_C,4.8e-25,186.49,97.20,13.67,96.39
sp|O94761|RECQ4_HUMAN,5LST_A,7.5e-150,1155.11,179.67,72.68,168.34
sp|O95377|CXB5_HUMAN,7JJP_D,1.4e-53,392.6,343.50,31.75,342.03
sp|O95467|GNAS3_HUMAN,7A23_l,11.0,26.58,nan,nan,nan
sp|O95707|RPP29_HUMAN,6AHU_D,9.1e-48,308.42,172.03,72.19,159.14
sp|P00995|ISK1_HUMAN,1HDL_A,4.7e-10,60.67,51.26,5.73,50.93
sp|P01185|NEU2_HUMAN,2LBH_B,4.4e-30,181.09,171.65,5.49,171.56
sp|P01375|TNFA_HUMAN,5UUI_A,1.3e-25,159.19,113.48,19.21,111.70
sp|P01859|IGHG2_HUMAN,2RCJ_S,9.8e-31,203.1,75.11,26.63,71.92
sp|P04746|AMYP_HUMAN,6OCN_A,7.8e-62,415.25,152.25,52.31,145.67
sp|P04908|H2A1B_HUMAN,7N8N_D,9.2e-23,149.29,86.36,24.97,82.92
sp|P07225|PROS_HUMAN,1H30_A,4.4e-23,171.39,85.08,24.42,81.88
sp|P07910|HNRPC_HUMAN,7DVQ_4,5.4e-07,83.93,68.39,11.97,67.35
sp|P10696|PPBN_HUMAN,3MK2_A,5e-88,636.27,327.19,190.16,259.93
sp|P11801|KPSH1_HUMAN,4RGJ_A,3.1e-41,285.52,227.16,15.56,226.65
sp|P13533|MYH6_HUMAN,6FSA_B,6.9e-318,2784.39,727.37,588.68,423.05
sp|P13765|DOB_HUMAN,2P24_B,2.1e-24,153.43,107.90,28.45,102.94
sp|P17023|ZNF19_HUMAN,6QNX_C,7.7e-47,374.1,97.81,52.23,86.98
sp|P18074|ERCC2_HUMAN,7O4J_0,1.5e-129,947.37,191.48,232.51,124.23
sp|P18124|RL7_HUMAN,4V6W_CF,1.5e-64,411.45,227.56,148.04,170.18
sp|P19438|TNR1A_HUMAN,1EXT_A,2.8e-21,140.24,85.25,19.24,83.20
sp|P21941|MATN1_HUMAN,4CN9_B,1.2e-34,239.24,102.50,27.37,99.62
sp|P29803|ODPAT_HUMAN,3EXE_A,1.5e-57,388.98,164.94,85.16,147.24
sp|P30990|NEUT_HUMAN,6K6W_C,120.0,26.45,nan,nan,nan
sp|P35712|SOX6_HUMAN,6LTJ_Q,2.6e-05,79.49,55.36,3.17,55.28
sp|P36578|RL4_HUMAN,7OBR_C,3.4e-136,960.82,360.04,245.59,288.44
sp|P38567|HYALP_HUMAN,2PE4_A,2.3e-84,614.45,523.11,52.75,520.63
sp|P48048|KCNJ1_HUMAN,7MJP_A,1.2e-64,454.1,318.97,54.64,314.53
sp|P49418|AMPH_HUMAN,4ATM_A,3.3e-24,174.42,115.45,32.81,110.74
sp|P49790|NU153_HUMAN,6LK8_T,1.5e-24,266.66,117.87,77.34,99.31
sp|P51991|ROA3_HUMAN,6WQK_B,2.2e-32,253.96,85.91,34.41,79.80
sp|P52655|TF2AA_HUMAN,7NVU_U,1.4e-76,542.42,218.17,153.29,177.28
sp|P54851|EMP2_HUMAN,6OV2_A,6.3e-15,101.33,92.72,5.36,92.56
sp|P55196|AFAD_HUMAN,4LL8_A,7.5e-37,328.31,150.89,75.11,134.47
sp|P63261|ACTG_HUMAN,6FML_J,6.6e-58,444.15,217.06,126.87,175.25
sp|P78330|SERB_HUMAN,1NNL_B,5.2e-27,149.14,76.71,15.52,75.40
sp|P84077|ARF1_HUMAN,5CK3_B,5e-26,179.97,99.42,14.15,98.49
sp|P86397|HTD2_HUMAN,6GJC_B,3e-07,95.67,77.10,11.07,76.22
sp|Q06587|RING1_HUMAN,2CKL_B,3.8e-17,114.87,74.29,13.57,73.12
sp|Q07444|NKG2E_HUMAN,5T1D_C,3.1e-11,86.22,54.04,6.85,53.67
sp|Q0VG99|MESP2_HUMAN,4AYA_B,2.4e-06,63.87,63.87,0.00,63.87
sp|Q10981|FUT2_HUMAN,3SIX_A,5.7e-16,120.38,97.25,12.29,96.49
sp|Q12824|SNF5_HUMAN,6LTH_M,1.4e-133,932.65,357.07,252.16,280.14
sp|Q13202|DUS8_HUMAN,6RZZ_s,7e-18,155.73,93.62,18.97,91.78
sp|Q13285|STF1_HUMAN,3TX7_B,2.3e-49,341.27,113.10,48.13,105.71
sp|Q13342|SP140_HUMAN,6G8R_B,1.4e-16,120.87,86.10,14.29,84.94
sp|Q13542|4EBP2_HUMAN,6BCX_X,1.7e-39,235.21,126.05,60.57,113.91
sp|Q15070|OXA1L_HUMAN,6ZM5_u,4.8e-91,643.83,293.74,175.34,258.63
sp|Q16534|HLF_HUMAN,4U5T_B,1.1e-08,65.72,59.90,3.43,59.81
sp|Q2VWA4|SKOR2_HUMAN,1MR1_C,9.5e-21,163.01,150.58,7.77,150.38
sp|Q32M45|ANO4_HUMAN,5OYB_A,8.5e-163,1306.13,916.06,337.17,854.54
sp|Q32NB8|PGPS1_HUMAN,3HSI_B,4e-17,144.18,93.53,21.10,91.63
sp|Q56UN5|M3K19_HUMAN,5NCL_A,1.3e-35,294.04,238.56,13.47,238.19
sp|Q5SQN1|SNP47_HUMAN,5YQR_A,1.4e-05,64.02,57.95,0.00,57.95
sp|Q5VTT5|MYOM3_HUMAN,2JTD_A,4.3e-33,267.15,113.63,32.65,109.84
sp|Q66K89|E4F1_HUMAN,6QNX_C,7.8e-37,320.57,94.24,43.39,86.41
sp|Q6PHW0|IYD1_HUMAN,3GFD_B,2e-30,198.76,100.63,19.34,99.25
sp|Q6PIJ6|FBX38_HUMAN,3OGL_D,1.3e-05,81.43,78.25,2.10,78.22
sp|Q6UWV6|ENPP7_HUMAN,5EGH_B,9e-53,351.5,157.39,91.45,137.52
sp|Q6UX41|BTNL8_HUMAN,4B3N_A,5.1e-15,131.39,65.14,9.66,64.56
sp|Q71F56|MD13L_HUMAN,7KPX_D,1.9e-35,361.45,361.45,0.00,361.45
sp|Q86WC4|OSTM1_HUMAN,7CQ5_B,1e-105,724.54,723.34,1.20,723.33
sp|Q8IUE6|H2A2B_HUMAN,7N8N_D,3e-23,151.79,86.73,24.88,83.34
sp|Q8IXB3|TARG1_HUMAN,7KAM_G,29.0,33.22,nan,nan,nan
sp|Q8NFZ5|TNIP2_HUMAN,5H07_D,1.3e-13,107.43,89.80,16.14,88.26
sp|Q8TAP9|MPLKI_HUMAN,7ABF_A4,470.0,27.5,nan,nan,nan
sp|Q8TB37|NUBPL_HUMAN,2PH1_A,2.7e-23,151.02,106.59,19.61,104.70
sp|Q8TC27|ADA32_HUMAN,3G5C_A,1.2e-67,506.43,182.13,117.61,154.73
sp|Q8TC84|FANK1_HUMAN,6PW5_D,1.7e-28,232.74,150.86,26.35,148.40
sp|Q8TDM6|DLG5_HUMAN,2XKX_B,2e-39,341.35,170.08,88.79,149.23
sp|Q8WUA8|TSK_HUMAN,3ZYI_A,6.7e-17,126.87,90.92,13.73,89.86
sp|Q8WV74|NUDT8_HUMAN,5T3P_C,2.6e-20,143.21,119.84,22.51,117.37
sp|Q8WVB6|CTF18_HUMAN,7TIB_A,6.5e-34,308.51,90.34,21.73,88.78
sp|Q8WVY7|UBCP1_HUMAN,3SHQ_A,3.9e-48,303.01,111.49,74.34,96.74
sp|Q8WWT9|S13A3_HUMAN,7JSJ_B,2.7e-45,346.9,178.21,82.79,160.64
sp|Q8WX92|NELFB_HUMAN,6GML_V,1.8e-135,1012.67,1012.67,0.00,1012.67
sp|Q92630|DYRK2_HUMAN,6HDP_A,1.1e-93,633.83,197.79,40.35,195.47
sp|Q92754|AP2C_HUMAN,6Y0D_A,300.0,28.43,nan,nan,nan
sp|Q92832|NELL1_HUMAN,6POG_B,5.8e-24,160.1,94.42,30.95,89.90
sp|Q969D9|TSLP_HUMAN,5J12_A,3.5e-67,410.33,353.72,47.14,350.53
sp|Q96CA5|BIRC7_HUMAN,3T6P_A,4.2e-34,216.6,121.94,20.37,120.43
sp|Q96DT7|ZBT10_HUMAN,6XMX_E,3.1e-10,113.68,67.39,14.53,65.88
sp|Q96G23|CERS2_HUMAN,1X2M_A,7.2e-08,58.33,58.33,0.00,58.33
sp|Q96HR3|MED30_HUMAN,7ENC_l,4.7e-63,384.4,363.01,30.25,361.70
sp|Q96Q04|LMTK3_HUMAN,6SEQ_A,9.1e-302,2589.57,186.95,109.13,182.31
sp|Q99424|ACOX2_HUMAN,1W07_B,1.1e-89,652.92,142.64,144.97,114.79
sp|Q99541|PLIN2_HUMAN,1SZI_A,1e-45,313.54,313.54,0.00,313.54
sp|Q99593|TBX5_HUMAN,5BQD_A,2.6e-76,506.86,297.42,55.76,293.60
sp|Q99943|PLCA_HUMAN,5KYM_B,5.9e-23,147.08,118.41,25.17,115.71
sp|Q99956|DUS9_HUMAN,6RZZ_s,4.7e-21,166.89,97.52,21.07,95.33
sp|Q9BPX1|DHB14_HUMAN,4V59_A,1.8e-26,237.09,145.74,18.42,144.71
sp|Q9BQE4|SELS_HUMAN,5KIU_A,2.2e-16,115.66,113.22,2.43,113.20
sp|Q9BQT9|CSTN3_HUMAN,6EB5_B,7.8e-07,73.31,71.06,2.25,71.02
sp|Q9BRB3|PIGQ_HUMAN,7LKH_A,250.0,32.37,nan,nan,nan
sp|Q9BTL3|RAMAC_HUMAN,5E8J_D,1.7e-13,85.41,85.41,0.00,85.41
sp|Q9BXL8|CDCA4_HUMAN,3T6G_A,360.0,23.63,nan,nan,nan
sp|Q9C000|NLRP1_HUMAN,6X6C_F,3.9e-290,2471.02,243.37,407.81,148.49
sp|Q9C0B2|CFA74_HUMAN,2QSV_A,1.9e-05,67.18,nan,nan,nan
sp|Q9GZP0|PDGFD_HUMAN,3MJK_F,2.1e-21,159.73,79.44,23.95,76.83
sp|Q9GZS1|RPA49_HUMAN,7VBB_M,2.1e-69,482.44,247.63,153.39,196.14
sp|Q9H2S6|TNMD_HUMAN,2YAD_C,5.2e-05,61.9,nan,nan,nan
sp|Q9H910|JUPI2_HUMAN,4B90_A,12.0,32.81,nan,nan,nan
sp|Q9HCX3|ZN304_HUMAN,6QNX_C,8e-52,425.09,99.14,54.22,88.62
sp|Q9NPI6|DCP1A_HUMAN,4B6H_A,5.8e-29,203.84,142.09,59.26,126.60
sp|Q9NQM4|DAAF6_HUMAN,6GXZ_D,0.00017,46.42,nan,nan,nan
sp|Q9NS71|GKN1_HUMAN,2YAD_C,6.9e-14,104.96,104.96,0.00,104.96
sp|Q9NSA0|S22AB_HUMAN,7SP5_B,3.9e-23,170.35,113.67,18.45,112.33
sp|Q9NWB1|RFOX1_HUMAN,7DVQ_4,3.9e-11,114.05,61.55,12.26,60.45
sp|Q9NWF9|RN216_HUMAN,7M4M_A,2.2e-44,306.3,160.29,41.05,155.39
sp|Q9NWZ3|IRAK4_HUMAN,7C2W_B,4e-54,312.87,211.24,15.29,210.73
sp|Q9NYP7|ELOV5_HUMAN,6Y7F_B,8.3e-53,342.4,342.40,0.00,342.40
sp|Q9NZL4|HPBP1_HUMAN,1XQR_A,3.5e-24,167.48,76.76,29.06,73.12
sp|Q9P2E9|RRBP1_HUMAN,6SO3_B,1.5e-06,104.8,97.25,5.47,97.10
sp|Q9P2F9|ZN319_HUMAN,6QNX_C,3.7e-48,393.18,93.29,49.02,84.41
sp|Q9P2L0|WDR35_HUMAN,5NZV_H,9.7e-18,191.1,93.54,15.23,92.63
sp|Q9UBS9|SUCO_HUMAN,6WMD_A,6.7e-09,94.7,88.73,5.05,88.58
sp|Q9UDV6|ZN212_HUMAN,6QNX_C,8.5e-15,148.83,75.80,22.58,72.64
sp|Q9UHH9|IP6K2_HUMAN,2IF8_A,6.8e-44,323.62,285.95,22.31,285.10
sp|Q9UK99|FBX3_HUMAN,5HDW_A,4.3e-27,187.65,147.46,40.85,140.12
sp|Q9UKA2|FBXL4_HUMAN,6VCD_B,7.6e-23,167.95,97.27,19.24,95.54
sp|Q9UKJ1|PILRA_HUMAN,5OR7_C,7.7e-13,97.1,65.48,11.36,64.66
sp|Q9UMX6|GUC1B_HUMAN,1JBA_A,2.8e-24,135.97,74.35,16.76,72.57
sp|Q9UN73|PCDA6_HUMAN,5SZP_A,2.6e-42,312.22,151.21,52.91,142.56
sp|Q9UPT8|ZC3H4_HUMAN,3U9G_A,3.9e-09,101.65,87.74,11.00,87.03
sp|Q9WJR5|POK19_HUMAN,4G1Q_B,3.8e-28,205.28,101.45,35.77,95.65
sp|Q9Y3I1|FBX7_HUMAN,4L9H_A,1.8e-21,156.56,125.62,22.05,123.80
sp|Q9Y4K0|LOXL2_HUMAN,5ZE3_B,3.4e-89,625.11,141.72,179.24,93.67
tr|A0A1B0GV98|A0A1B0GV98_HUMAN,4IE5_A,4e-126,918.89,915.47,3.42,915.47
tr|A0A2R8YFR9|A0A2R8YFR9_HUMAN,6D21_A,1.5e-59,403.24,196.82,61.31,187.95
sp|A6NCW0|U17L3_HUMAN,6TBM_Q,2.9e-39,288.1,219.90,25.20,218.48
tr|J3KP33|J3KP33_HUMAN,6XRE_M,1.4e-84,596.71,283.27,138.16,237.67
sp|O75459|PAGE1_HUMAN,6URQ_C,7.7e-16,112.37,112.37,0.00,112.37
sp|P06315|KV502_HUMAN,4OJE_H,2.2e-08,84.66,55.59,6.25,55.25
sp|P47887|OR1E2_HUMAN,7DDZ_A,4e-22,176.13,138.41,18.69,136.83
sp|P57077|M3KCL_HUMAN,6QLF_O,6.7,34.65,nan,nan,nan
sp|Q53HC5|KLH26_HUMAN,6WCQ_C,1.2e-48,349.18,113.39,41.38,107.53
sp|Q5HYJ1|TECRL_HUMAN,7C83_A,3.5e-19,142.16,135.25,6.91,135.07
sp|Q6P444|MTFR2_HUMAN,6X9O_A,200.0,37.4,nan,nan,nan
sp|Q6UX73|CP089_HUMAN,7DSK_A,1.8e-09,100.57,100.57,0.00,100.57
sp|Q7RTU9|STRC_HUMAN,7NRC_A,840.0,33.0,nan,nan,nan
sp|Q8N111|CEND_HUMAN,2J5L_A,44.0,32.91,nan,nan,nan
sp|Q8N128|F177A_HUMAN,7ENA_PA,69.0,34.37,nan,nan,nan
sp|Q8N4Q0|PTGR3_HUMAN,2X7H_B,6.6e-35,224.85,140.99,19.47,139.79
sp|Q8TDM0|BCAS4_HUMAN,7CCS_A,0.54,41.55,nan,nan,nan
sp|Q96M27|PRRC1_HUMAN,1ZWY_B,2.7e-15,127.58,121.91,5.67,121.78
sp|Q9BPW4|APOL4_HUMAN,7L6K_A,2.7e-26,184.05,172.64,6.59,172.51
sp|Q9BXT2|CCG6_HUMAN,7JPL_E,2.7e-15,105.62,85.18,12.78,84.25
sp|Q9NW68|BSDC1_HUMAN,1X3A_A,1.3e-15,116.08,116.08,0.00,116.08
sp|Q9UKH3|ENK9_HUMAN,6MAR_D,3.6e-10,104.28,104.28,0.00,104.28
sp|Q9Y2A4|ZN443_HUMAN,6QNX_C,6.3e-49,404.59,96.88,51.28,87.51
sp|Q9Y5H2|PCDGB_HUMAN,5SZP_A,1.4e-43,319.8,154.81,53.84,145.94
tr|A0A0C4DGL8|A0A0C4DGL8_HUMAN,4F4O_L,2.9e-52,322.68,124.06,32.33,120.08
tr|A0A1B0GWB6|A0A1B0GWB6_HUMAN,4GNK_D,6.8e-173,1416.99,567.07,395.76,399.63
tr|A0A1W2PPY5|A0A1W2PPY5_HUMAN,6V35_C,2.4e-198,1577.17,212.23,295.40,139.56
tr|A0A3B3ITA4|A0A3B3ITA4_HUMAN,7CMR_A,2.4e-51,407.77,214.66,153.97,158.72
tr|A0A494C0M1|A0A494C0M1_HUMAN,2O8E_B,9.5e-184,1465.84,695.51,391.10,550.00
tr|A0A6Q8PGG9|A0A6Q8PGG9_HUMAN,7MOP_A,4.7e-31,344.43,186.81,75.53,168.13
tr|A0A8Q3WL70|A0A8Q3WL70_HUMAN,2XWB_F,3.2e-44,325.36,93.67,30.85,90.43
sp|A8MVA2|KRA96_HUMAN,5TX1_N,810.0,25.02,nan,nan,nan
tr|B0QY89|B0QY89_HUMAN,6ZP4_L,3.6e-173,1298.08,1043.90,193.84,1026.25
tr|B0ZBE8|B0ZBE8_HUMAN,1Q01_A,1.1e-09,66.02,65.34,0.48,65.34
tr|E7EQS8|E7EQS8_HUMAN,7NE6_A,1.2e-160,1319.98,1317.83,2.15,1317.82
tr|E9PIN9|E9PIN9_HUMAN,6YXH_A,7.6e-25,168.58,168.58,0.00,168.58
tr|H0YJQ7|H0YJQ7_HUMAN,6P2R_A,1.4e-70,554.0,160.55,130.77,132.84
tr|H0YMP1|H0YMP1_HUMAN,3ZF6_A,1.7e-17,121.25,100.67,7.94,100.36
sp|O43246|CTR4_HUMAN,7B00_A,4.4e-34,259.63,195.17,49.22,187.30
sp|P43362|MAGA9_HUMAN,6R7T_B,5.6e-37,251.25,210.31,16.41,209.72
sp|Q5VWQ0|RSBN1_HUMAN,5UQD_A,6.5e-130,996.92,996.92,0.00,996.92
sp|Q6P474|PDXD2_HUMAN,6EBN_B,1.5e-18,179.26,113.12,28.80,109.33
sp|Q719I0|AHSA2_HUMAN,6XLF_C,4.7e-35,246.24,178.80,30.93,176.37
sp|Q7RTV5|PXL2C_HUMAN,2V32_A,4.8e-05,57.5,54.22,1.76,54.20
sp|Q7Z5A9|TAFA1_HUMAN,4G7W_C,48.0,28.01,nan,nan,nan
sp|Q8N4Z0|RAB42_HUMAN,6VIK_B,1.1e-23,147.14,115.26,12.20,114.58
sp|Q8NFR7|CC148_HUMAN,6TF9_SP1,140.0,36.08,nan,nan,nan
sp|Q8NG81|OR2M7_HUMAN,7BVQ_B,2.3e-26,186.98,144.26,20.83,142.34
sp|Q8TF27|AGA11_HUMAN,3T9K_A,1.6e-27,212.71,84.03,33.52,79.07
sp|Q92527|ANKR7_HUMAN,6PW5_D,4.5e-25,201.94,136.33,22.70,134.33
sp|Q96EI5|TCAL4_HUMAN,6TMK_N,220.0,25.71,nan,nan,nan
sp|Q96G27|WBP1_HUMAN,7S9Y_A,4.4,40.89,nan,nan,nan
sp|Q96NJ6|ZFP3_HUMAN,6QNX_C,7.2e-54,427.95,99.87,54.46,89.32
sp|Q96SA4|SERC2_HUMAN,6SP2_C,1.4e-87,637.66,637.66,0.00,637.66
sp|Q9NXZ1|SAGE1_HUMAN,7PKS_f,4.1e-18,184.29,142.44,41.84,136.16
sp|Q9NYJ1|COA4_HUMAN,6YXX_E3,70.0,29.63,nan,nan,nan
tr|S4R3W2|S4R3W2_HUMAN,6LTJ_I,310.0,32.8,nan,nan,nan
tr|V9GYM8|V9GYM8_HUMAN,3ODW_B,1e-29,247.37,147.49,40.62,141.69
tr|A0A075B785|A0A075B785_HUMAN,7NRC_A,0.00095,77.71,nan,nan,nan
tr|A0A087WT50|A0A087WT50_HUMAN,6E4V_A,120.0,23.86,nan,nan,nan
sp|A0A087WWA1|P3URF_HUMAN,4RS1_A,150.0,22.71,nan,nan,nan
tr|A0A087WY22|A0A087WY22_HUMAN,1YGU_B,4.6e-79,566.54,223.32,137.06,178.14
tr|A0A087WYJ0|A0A087WYJ0_HUMAN,6CNO_D,3.8e-47,341.07,139.59,82.67,121.54
tr|A0A087WZ50|A0A087WZ50_HUMAN,3ICU_A,2.9e-05,60.43,nan,nan,nan
tr|A0A087X2B1|A0A087X2B1_HUMAN,7DVQ_4,2.9e-11,114.13,61.37,12.23,60.26
tr|A0A096LPI3|A0A096LPI3_HUMAN,3PHU_B,1.8e-15,130.13,93.32,12.87,92.53
tr|A0A0A0MS75|A0A0A0MS75_HUMAN,5ZYW_A,15.0,29.48,nan,nan,nan
tr|A0A0A0MTR7|A0A0A0MTR7_HUMAN,6TAY_A,0.0,6189.23,327.57,1088.58,141.89
tr|A0A0C4DGB6|A0A0C4DGB6_HUMAN,6FAK_A,1.2e-97,727.38,582.33,165.46,548.06
tr|A0A0D9SFE9|A0A0D9SFE9_HUMAN,3U9S_F,3.9e-38,284.48,182.85,57.52,172.50
tr|A0A0G2JL13|A0A0G2JL13_HUMAN,7BVQ_B,1.7e-24,176.35,135.97,18.90,134.32
tr|A0A0G2JQX1|A0A0G2JQX1_HUMAN,7AS4_J,3.7e-132,1032.05,348.83,179.48,317.40
tr|A0A0J9YX56|A0A0J9YX56_HUMAN,6X0U_B,5.6e-23,174.27,106.18,25.03,103.75
tr|A0A1B0GTM2|A0A1B0GTM2_HUMAN,4PAB_A,5.8e-39,294.62,203.66,65.69,189.73
tr|A0A1B0GWD3|A0A1B0GWD3_HUMAN,6OB7_A,7.5e-21,167.71,167.71,0.00,167.71
tr|A0A1W2PQ14|A0A1W2PQ14_HUMAN,5HZV_A,6.6e-30,216.76,139.67,54.51,130.39
tr|A0A2R8Y4A2|A0A2R8Y4A2_HUMAN,5XXB_D,6.5e-48,316.12,172.87,94.91,142.52
tr|A0A2R8Y5F1|A0A2R8Y5F1_HUMAN,7DL2_A,7.2e-305,2672.95,664.42,901.17,372.74
tr|A0A2R8Y6L6|A0A2R8Y6L6_HUMAN,2HMA_A,2e-43,288.11,164.33,82.56,144.84
tr|A0A2U3TZH1|A0A2U3TZH1_HUMAN,6NYY_C,3.5e-57,425.86,122.07,47.97,115.27
tr|A0A3B3IRT5|A0A3B3IRT5_HUMAN,7TDI_C,5.4e-46,408.43,267.09,106.87,233.81
tr|A0A3B3ISS0|A0A3B3ISS0_HUMAN,1OZ2_A,7.2e-63,437.37,328.89,100.24,309.32
tr|A0A3B3ISZ7|A0A3B3ISZ7_HUMAN,6SCJ_A,8.3e-14,169.06,86.51,27.61,82.83
tr|A0A494C039|A0A494C039_HUMAN,3D2F_A,1.9e-56,433.99,171.62,95.81,149.85
tr|A0A590UJ94|A0A590UJ94_HUMAN,3PVL_A,1.5e-90,693.31,172.13,125.40,145.28
tr|A0A590UJT3|A0A590UJT3_HUMAN,1FEX_A,3.7e-11,79.69,79.69,0.00,79.69
tr|A0A590UJU2|A0A590UJU2_HUMAN,7S1U_B,240.0,26.27,nan,nan,nan
tr|A0A590UK84|A0A590UK84_HUMAN,5B4X_B,1.6e-112,808.34,238.08,190.59,176.65
tr|A0A5F9ZHD5|A0A5F9ZHD5_HUMAN,1JL0_B,6.5e-87,616.99,325.35,189.83,258.70
tr|A0A5F9ZHX2|A0A5F9ZHX2_HUMAN,5NZV_D,5.9e-14,111.9,92.55,8.01,92.22
tr|A0A6Q8PGA4|A0A6Q8PGA4_HUMAN,7MIY_A,56.0,40.03,nan,nan,nan
tr|A0A6Q8PH47|A0A6Q8PH47_HUMAN,7DCE_X,4.3e-27,191.68,158.88,32.80,155.46
tr|A0A7I2V3R4|A0A7I2V3R4_HUMAN,6QAJ_B,2.1e-06,70.38,67.54,2.01,67.51
tr|A0A7I2V3W3|A0A7I2V3W3_HUMAN,5Y31_C,2.3e-85,619.95,232.11,154.58,190.81
tr|A0A7N4I3A3|A0A7N4I3A3_HUMAN,7M8I_A,2.8e-53,359.51,275.05,25.84,273.86
tr|A0A7P0T931|A0A7P0T931_HUMAN,6E68_A,8.3e-73,518.43,266.53,102.16,252.46
tr|A0A7P0T9U7|A0A7P0T9U7_HUMAN,2M0G_A,5.3e-31,233.26,172.95,34.60,169.20
tr|A0A7P0Z4Q5|A0A7P0Z4Q5_HUMAN,6SO3_B,0.0015,87.67,nan,nan,nan
tr|A0A804HL12|A0A804HL12_HUMAN,5O6C_A,2.1e-55,468.39,127.46,75.18,117.03
tr|A0A8I5KXF2|A0A8I5KXF2_HUMAN,5MM7_K,3.5e-51,349.64,265.50,36.97,262.78
tr|A0A8I5KYH4|A0A8I5KYH4_HUMAN,1EFV_A,2.1e-61,396.39,287.81,135.30,239.20
tr|A0A8I5KYW1|A0A8I5KYW1_HUMAN,5V9T_B,2.2e-141,1140.36,351.81,277.48,255.31
tr|A0A8I5QJC8|A0A8I5QJC8_HUMAN,2J0B_A,3.2e-07,80.6,80.60,0.00,80.60
tr|A0A8Q3SI95|A0A8Q3SI95_HUMAN,7NYD_G,6e-74,515.36,283.80,151.76,240.52
tr|A0A8Q3SJG7|A0A8Q3SJG7_HUMAN,7AOA_A,0.58,44.14,nan,nan,nan
tr|A0A8Q3SJI5|A0A8Q3SJI5_HUMAN,3TJE_F,5e-20,135.59,78.87,15.14,77.62
tr|A0A8Q3WKT0|A0A8Q3WKT0_HUMAN,1WAR_A,5.6e-29,174.38,82.75,22.01,80.53
tr|A0A8Q3WL98|A0A8Q3WL98_HUMAN,5MIO_C,7.4e-52,349.91,251.11,35.46,248.67
tr|A0A8V8TL08|A0A8V8TL08_HUMAN,5G0J_A,9.7e-124,972.07,466.13,163.28,439.61
tr|A0A8V8TLW9|A0A8V8TLW9_HUMAN,4G1M_A,8.5e-136,1053.52,532.91,261.17,460.02
tr|A0A8V8TP03|A0A8V8TP03_HUMAN,6P0B_A,7.1e-80,610.68,198.61,132.08,166.14
tr|A0A8V8TQ33|A0A8V8TQ33_HUMAN,6VKL_C,1.6e-17,158.04,136.10,21.93,134.33
tr|A0A8V8TQ96|A0A8V8TQ96_HUMAN,6Z1N_A,8.6e-66,450.42,277.72,46.28,274.37
tr|A0A994J5C5|A0A994J5C5_HUMAN,6MDN_D,1.3e-135,1005.23,109.78,82.10,101.19
tr|A0A994J6C2|A0A994J6C2_HUMAN,7K95_B,1.4e-18,122.11,122.11,0.00,122.11
tr|A2ABG0|A2ABG0_HUMAN,6BXB_B,1e-08,77.1,73.66,3.45,73.57
tr|B0QZE2|B0QZE2_HUMAN,4NS5_A,2.7e-22,153.84,119.57,31.53,114.52
tr|B1B1F5|B1B1F5_HUMAN,6CET_M,3.5e-34,243.35,177.41,65.94,164.69
tr|B3KTM8|B3KTM8_HUMAN,6INE_B,6.7e-39,252.96,117.66,60.31,106.33
tr|B4DQT1|B4DQT1_HUMAN,7NS4_i,1.9e-58,422.87,156.83,109.01,130.43
tr|B9TWZ6|B9TWZ6_HUMAN,7EMF_P,1e-51,390.26,390.26,0.00,390.26
tr|C9J0G0|C9J0G0_HUMAN,1W07_B,2.2e-84,615.29,141.16,146.61,110.91
tr|C9JBE1|C9JBE1_HUMAN,6PEV_F,1.1e-61,461.04,295.07,92.62,274.61
tr|C9JC87|C9JC87_HUMAN,7P3X_M,7.7e-45,332.29,187.50,87.53,167.60
tr|C9JFS2|C9JFS2_HUMAN,3VG9_A,7.1e-12,74.38,58.40,5.70,58.13
tr|C9JK03|C9JK03_HUMAN,4F3L_A,6.8e-27,155.58,94.23,19.32,92.48
tr|C9JZ21|C9JZ21_HUMAN,7PLO_2,4.1e-23,175.32,126.88,33.11,122.70
tr|D2CFI5|D2CFI5_HUMAN,1IC8_B,1.9e-07,81.85,69.06,9.73,68.38
tr|D3YTC1|D3YTC1_HUMAN,7OF0_3,2.9e-48,309.88,232.47,109.47,195.37
tr|D6RBJ9|D6RBJ9_HUMAN,2W4L_E,6.5e-31,183.4,93.07,23.48,90.49
tr|D6RBX1|D6RBX1_HUMAN,2P82_B,57.0,27.29,nan,nan,nan
tr|D6RD18|D6RD18_HUMAN,7PY2_C,3.5e-25,182.82,81.47,28.48,76.63
tr|D6RED7|D6RED7_HUMAN,6ZU5_SB0,2.2e-29,184.15,157.05,13.52,156.47
tr|D6RHH7|D6RHH7_HUMAN,7B01_A,0.094,43.0,nan,nan,nan
tr|E5RGR6|E5RGR6_HUMAN,5MR4_C,9.9e-82,570.91,324.26,149.89,288.33
tr|E5RHJ2|E5RHJ2_HUMAN,7MIY_A,340.0,28.24,nan,nan,nan
sp|E5RJ46|CH087_HUMAN,7S78_S,240.0,22.54,nan,nan,nan
tr|E5RK26|E5RK26_HUMAN,5D5V_D,1.4e-23,152.62,133.49,13.15,132.82
tr|E7EN65|E7EN65_HUMAN,4OPC_A,540.0,26.29,nan,nan,nan
tr|E7ES84|E7ES84_HUMAN,6ZM6_AR,2.2e-06,92.13,92.13,0.00,92.13
tr|E9PAM4|E9PAM4_HUMAN,5I0N_A,1.7e-61,450.51,388.33,41.64,386.03
tr|E9PB13|E9PB13_HUMAN,7JUV_B,1.9e-54,370.01,189.02,20.08,188.18
tr|E9PI56|E9PI56_HUMAN,1HX8_A,7.7e-20,136.53,81.00,25.13,77.74
tr|E9PJP9|E9PJP9_HUMAN,4A1S_A,1.5e-09,86.2,68.97,7.24,68.60
tr|E9PM72|E9PM72_HUMAN,7ENA_q,2.6e-90,666.28,265.20,202.15,215.15
tr|E9PMU0|E9PMU0_HUMAN,6RXY_CS,9.7e-65,490.9,399.30,151.44,349.71
tr|E9PPY3|E9PPY3_HUMAN,2ZFU_B,0.21,37.79,nan,nan,nan
tr|E9PPZ9|E9PPZ9_HUMAN,7W72_A,3.4e-82,606.3,606.30,0.00,606.30
tr|F1T0D2|F1T0D2_HUMAN,6MPB_A,1.2e-23,175.7,151.26,14.30,150.60
tr|F5H5T5|F5H5T5_HUMAN,7MOP_A,2.9e-16,193.64,135.29,22.55,133.56
tr|F8VQP2|F8VQP2_HUMAN,5ZWO_s,0.19,49.98,nan,nan,nan
tr|F8VRS8|F8VRS8_HUMAN,5FU6_B,5.3e-14,113.21,110.22,2.11,110.20
tr|F8WDM3|F8WDM3_HUMAN,7PLO_2,2.1e-25,192.72,131.41,37.23,126.34
tr|F8WDX9|F8WDX9_HUMAN,5JHO_B,2.8e-83,570.1,464.51,88.69,455.73
tr|F8WF66|F8WF66_HUMAN,1ZC0_A,1.7e-09,73.21,69.72,3.48,69.64
tr|G3V445|G3V445_HUMAN,3WUH_A,1.5e-11,92.66,77.77,9.05,77.25
tr|G3V588|G3V588_HUMAN,2Q7D_B,4.3e-20,137.48,110.19,31.95,105.03
tr|H0Y3Y9|H0Y3Y9_HUMAN,6MSB_b,2.5e-27,185.07,137.46,35.39,133.09
tr|H0Y4T1|H0Y4T1_HUMAN,6Z1N_A,1.3e-30,208.21,137.65,19.42,136.46
tr|H0Y5B4|H0Y5B4_HUMAN,6TH6_Bl,1.2e-30,165.18,145.70,11.94,145.20
tr|H0Y6E9|H0Y6E9_HUMAN,6BMS_D,1.9e-28,197.2,179.59,12.23,179.18
tr|H0Y895|H0Y895_HUMAN,7CSO_C,4.2e-30,222.12,139.54,31.15,135.87
tr|H0YB98|H0YB98_HUMAN,6WVG_B,3.4e-23,175.17,114.57,53.57,101.33
tr|H0YBC8|H0YBC8_HUMAN,6LTJ_Q,3.5e-08,84.66,52.95,10.25,52.13
tr|H0YC35|H0YC35_HUMAN,5IJN_Y,120.0,32.88,nan,nan,nan
tr|H0YI58|H0YI58_HUMAN,3ZLC_B,1.2e-19,137.24,137.24,0.00,137.24
tr|H3BM11|H3BM11_HUMAN,6VRK_A,9.9e-96,692.43,548.79,69.36,544.39
tr|H3BNL9|H3BNL9_HUMAN,3RIP_A,1.9e-22,161.78,133.11,23.22,131.02
tr|H3BRY3|H3BRY3_HUMAN,2AQ5_A,5.8e-38,240.98,101.81,15.82,100.96
tr|H3BS34|H3BS34_HUMAN,1GXD_A,2.2e-47,330.38,103.95,62.87,91.13
tr|H3BS42|H3BS42_HUMAN,6QNX_C,2.8e-49,395.79,97.99,52.80,87.31
sp|H3BS89|T178B_HUMAN,7RZ5_A,1.2e-13,119.89,101.26,10.97,100.67
tr|H3BV27|H3BV27_HUMAN,3RF2_A,1.5e-05,51.05,47.43,0.86,47.42
sp|H7BZ55|CRCC2_HUMAN,5TBY_A,9e-10,132.13,115.92,18.32,114.27
tr|H7C0I2|H7C0I2_HUMAN,2H26_A,3.3e-23,149.96,95.85,28.21,91.48
tr|H7C3E9|H7C3E9_HUMAN,7OQE_p,3.8e-33,268.85,161.14,44.09,153.82
tr|I3L268|I3L268_HUMAN,2Q12_A,0.00067,44.51,nan,nan,nan
tr|I3L3S0|I3L3S0_HUMAN,7E8T_D,4.5e-16,100.16,79.22,13.55,78.02
tr|J3KSH3|J3KSH3_HUMAN,7PEQ_AH,6.3e-14,113.62,108.53,5.09,108.41
tr|J3QL47|J3QL47_HUMAN,2W1K_A,29.0,27.16,nan,nan,nan
tr|K4DI83|K4DI83_HUMAN,6YXH_A,0.00077,60.9,nan,nan,nan
tr|K7ELF8|K7ELF8_HUMAN,2CZH_B,6.4e-20,133.95,113.27,5.43,113.14
tr|K7EPC8|K7EPC8_HUMAN,5XOG_M,2.7e-33,171.95,163.53,7.67,163.34
sp|O95177|GAAS1_HUMAN,2HM6_A,0.79,29.27,nan,nan,nan
sp|P60002|ELOF1_HUMAN,5XOG_M,6.7e-34,172.59,164.15,7.65,163.97
sp|P60606|CTXN1_HUMAN,6VAM_E,48.0,28.83,nan,nan,nan
tr|Q5SQH5|Q5SQH5_HUMAN,7DVQ_x,2.9e-120,916.32,204.28,218.09,143.83
tr|Q5T4C6|Q5T4C6_HUMAN,7DL2_D,43.0,34.84,nan,nan,nan
sp|Q5T6X4|F162B_HUMAN,2K21_A,34.0,28.18,nan,nan,nan
tr|Q5VVC8|Q5VVC8_HUMAN,6ZU5_LJ0,7.2e-34,206.27,137.85,38.23,132.92
tr|Q5VXQ8|Q5VXQ8_HUMAN,5V3P_B,2e-41,281.5,236.17,54.19,229.43
sp|Q6ZQY2|LR74B_HUMAN,4K17_A,6.2e-15,127.7,87.82,17.63,86.12
sp|Q6ZRK6|CCD73_HUMAN,7DL2_D,0.0071,72.21,nan,nan,nan
sp|Q86VQ1|GLCI1_HUMAN,1K3V_A,2.8,46.15,nan,nan,nan
sp|Q8N9B4|ANR42_HUMAN,4OAV_B,2.3e-28,224.23,146.58,31.93,143.01
sp|Q96HM7|PED1B_HUMAN,5W7B_C,0.00022,64.99,60.50,2.13,60.46
tr|X6RGC9|X6RGC9_HUMAN,2L35_A,0.0011,43.03,nan,nan,nan
tr|A0A075B6T1|A0A075B6T1_HUMAN,6RXU_UA,6.3e-08,99.05,84.64,5.50,84.47
tr|A0A075B6V1|A0A075B6V1_HUMAN,4LAS_H,0.0088,27.03,nan,nan,nan
tr|A0A075B6Y2|A0A075B6Y2_HUMAN,7AM2_Al,130.0,20.83,nan,nan,nan
tr|A0A087WTH4|A0A087WTH4_HUMAN,6X0V_H,3.3e-07,108.81,108.81,0.00,108.81
tr|A0A087WU48|A0A087WU48_HUMAN,4BY6_A,1.3,27.02,nan,nan,nan
tr|A0A087WV68|A0A087WV68_HUMAN,7PY2_C,5.1e-34,226.09,86.47,23.33,83.76
tr|A0A087WW08|A0A087WW08_HUMAN,7O4L_6,0.75,34.71,nan,nan,nan
tr|A0A087WW82|A0A087WW82_HUMAN,7AIH_Ay,82.0,26.91,nan,nan,nan
tr|A0A087WWD6|A0A087WWD6_HUMAN,2V5Y_A,1.5e-30,212.83,141.13,51.23,132.80
tr|A0A087WXK3|A0A087WXK3_HUMAN,7CUN_G,2e-22,176.99,176.99,0.00,176.99
tr|A0A087WXW0|A0A087WXW0_HUMAN,7EBC_D,97.0,29.94,nan,nan,nan
tr|A0A087WZE7|A0A087WZE7_HUMAN,6SCY_A,0.71,27.06,nan,nan,nan
tr|A0A087WZL1|A0A087WZL1_HUMAN,7JKC_D,170.0,25.9,nan,nan,nan
tr|A0A087WZQ2|A0A087WZQ2_HUMAN,6QNX_C,1.2e-54,444.44,101.81,56.00,90.92
tr|A0A087X0Q7|A0A087X0Q7_HUMAN,1LPB_A,4.3e-06,51.56,51.19,0.37,51.19
tr|A0A096LNQ7|A0A096LNQ7_HUMAN,5CCB_B,110.0,24.56,nan,nan,nan
tr|A0A0A0MS97|A0A0A0MS97_HUMAN,6PPH_o,320.0,34.21,nan,nan,nan
tr|A0A0A0MSY7|A0A0A0MSY7_HUMAN,2VP4_D,1.5e-19,124.11,73.82,13.90,72.67
tr|A0A0B4J257|A0A0B4J257_HUMAN,4YJF_A,1.3e-10,76.32,67.71,9.80,66.93
tr|A0A0B4J2D7|A0A0B4J2D7_HUMAN,4ETP_B,17.0,24.67,nan,nan,nan
tr|A0A0D9SFH3|A0A0D9SFH3_HUMAN,7VBU_A,2.2,20.65,nan,nan,nan
tr|A0A0G2JMW4|A0A0G2JMW4_HUMAN,2CS4_A,3.9e-11,82.27,79.31,2.96,79.25
tr|A0A0G2JN01|A0A0G2JN01_HUMAN,3VH8_G,3.1e-29,179.6,74.83,20.12,72.97
tr|A0A0G2JN35|A0A0G2JN35_HUMAN,6AED_A,4.8e-41,262.87,85.64,27.04,82.79
tr|A0A0G2JNJ6|A0A0G2JNJ6_HUMAN,1NKR_A,2.4e-19,118.39,90.89,14.06,89.82
tr|A0A0G2JNU6|A0A0G2JNU6_HUMAN,5OR7_C,2e-06,63.07,54.75,8.32,54.12
tr|A0A0G2JQ40|A0A0G2JQ40_HUMAN,3VH8_G,5.7e-19,120.51,77.33,18.99,74.99
tr|A0A0G2JS19|A0A0G2JS19_HUMAN,4I1U_A,120.0,29.78,nan,nan,nan
tr|A0A0J9YWF9|A0A0J9YWF9_HUMAN,6HDC_A,9.4e-11,82.9,49.43,7.12,48.96
tr|A0A0U1RQP3|A0A0U1RQP3_HUMAN,1XKG_A,42.0,23.19,nan,nan,nan
tr|A0A0U1RQV3|A0A0U1RQV3_HUMAN,3M0C_C,3.5e-11,109.29,69.20,16.54,67.23
tr|A0A140T947|A0A140T947_HUMAN,7DVQ_x,9.6e-125,966.9,144.74,125.12,119.85
tr|A0A1B0GTQ9|A0A1B0GTQ9_HUMAN,7NII_D,300.0,21.85,nan,nan,nan
tr|A0A1B0GTX0|A0A1B0GTX0_HUMAN,6J8E_A,5.8e-18,147.53,126.40,15.12,125.52
tr|A0A1B0GTX8|A0A1B0GTX8_HUMAN,7MIX_C,2e-77,554.98,197.50,170.36,144.55
tr|A0A1B0GUD5|A0A1B0GUD5_HUMAN,6PGV_A,110.0,19.21,nan,nan,nan
tr|A0A1B0GW12|A0A1B0GW12_HUMAN,6Q6G_I,12.0,32.6,nan,nan,nan
tr|A0A1W2PP69|A0A1W2PP69_HUMAN,3VH8_G,2.2e-28,181.69,76.72,21.55,74.62
tr|A0A1W2PQ22|A0A1W2PQ22_HUMAN,4HR1_B,120.0,22.3,nan,nan,nan
tr|A0A1W2PQV3|A0A1W2PQV3_HUMAN,6I35_B,3.5e-47,343.84,85.45,44.02,80.57
tr|A0A1W2PR69|A0A1W2PR69_HUMAN,7DMS_A,19.0,25.28,nan,nan,nan
tr|A0A1W2PR70|A0A1W2PR70_HUMAN,7W72_T,5.5e-16,121.75,121.75,0.00,121.75
tr|A0A1W2PR94|A0A1W2PR94_HUMAN,6M3Q_E,3.4e-29,236.2,201.09,40.99,196.13
tr|A0A1W2PRJ7|A0A1W2PRJ7_HUMAN,6NE6_A,3.2e-19,125.01,89.48,18.08,87.49
tr|A0A1W2PRN9|A0A1W2PRN9_HUMAN,7ANK_A,0.00038,48.44,nan,nan,nan
tr|A0A286YEW7|A0A286YEW7_HUMAN,6S4M_A,3.7e-07,71.11,62.49,3.13,62.41
tr|A0A286YFC4|A0A286YFC4_HUMAN,7BVQ_B,4.6e-21,156.41,127.74,14.66,126.70
tr|A0A286YFF0|A0A286YFF0_HUMAN,7BVQ_B,3e-22,163.38,131.81,14.74,130.81
tr|A0A2R8Y3S1|A0A2R8Y3S1_HUMAN,7CBL_B,8.5,25.08,nan,nan,nan
tr|A0A2R8Y535|A0A2R8Y535_HUMAN,6A69_A,2.7e-70,550.0,163.01,78.85,151.59
tr|A0A2R8Y573|A0A2R8Y573_HUMAN,4FL2_A,1.4e-08,72.18,63.24,6.63,62.89
tr|A0A2R8Y6C1|A0A2R8Y6C1_HUMAN,6QNX_C,1.7e-33,247.24,247.24,0.00,247.24
tr|A0A2R8YCL6|A0A2R8YCL6_HUMAN,5FWP_E,130.0,25.41,nan,nan,nan
tr|A0A2R8YF89|A0A2R8YF89_HUMAN,4C9B_B,12.0,26.31,nan,nan,nan
tr|A0A2U3TZH9|A0A2U3TZH9_HUMAN,6APL_C,2.5e-38,274.73,210.85,36.45,207.94
tr|A0A3B3ISN8|A0A3B3ISN8_HUMAN,6DEE_A,160.0,26.7,nan,nan,nan
tr|A0A3B3ITF1|A0A3B3ITF1_HUMAN,2XKX_B,1.1e-96,722.2,141.16,119.11,114.92
tr|A0A3B3ITJ1|A0A3B3ITJ1_HUMAN,7BQ9_A,13.0,32.38,nan,nan,nan
tr|A0A3B3IU05|A0A3B3IU05_HUMAN,6MU2_D,2.4e-256,2307.3,1229.48,553.21,1063.52
tr|A0A494BZW4|A0A494BZW4_HUMAN,7DVQ_4,5.9e-07,71.57,59.53,6.70,59.16
tr|A0A494C072|A0A494C072_HUMAN,7ARD_s,110.0,21.55,nan,nan,nan
tr|A0A494C0A8|A0A494C0A8_HUMAN,6NT9_B,1.1e-114,870.76,172.53,74.43,167.12
tr|A0A494C0C9|A0A494C0C9_HUMAN,3CXL_A,6.1e-61,394.76,141.18,58.42,132.35
tr|A0A494C0I1|A0A494C0I1_HUMAN,2EJE_A,1.5e-15,130.84,102.76,18.11,101.00
tr|A0A494C117|A0A494C117_HUMAN,5ODT_B,1.5e-12,90.58,90.58,0.00,90.58
tr|A0A590UJS9|A0A590UJS9_HUMAN,2XKX_B,1.3e-102,748.57,142.80,121.88,116.17
tr|A0A590UK32|A0A590UK32_HUMAN,6TDA_L,5.8e-11,128.51,102.96,15.86,101.71
tr|A0A590UKA0|A0A590UKA0_HUMAN,6DC6_C,5.4e-14,118.3,87.49,21.53,84.79
tr|A0A590UKA2|A0A590UKA2_HUMAN,5JRW_E,13.0,26.33,nan,nan,nan
tr|A0A5F9ZGZ6|A0A5F9ZGZ6_HUMAN,3IFU_A,1100.0,23.89,nan,nan,nan
tr|A0A5F9ZHB4|A0A5F9ZHB4_HUMAN,6VGR_A,2.3e-114,832.7,293.85,207.09,252.76
tr|A0A5F9ZHF3|A0A5F9ZHF3_HUMAN,6W2E_y,430.0,31.85,nan,nan,nan
tr|A0A5F9ZHI3|A0A5F9ZHI3_HUMAN,7A8T_A,6.6e-06,69.93,68.54,1.39,68.53
tr|A0A5F9ZHW7|A0A5F9ZHW7_HUMAN,6LT0_C,1.3e-104,744.17,674.92,69.25,671.36
tr|A0A5H1ZRR4|A0A5H1ZRR4_HUMAN,5UJZ_G,0.077,23.04,nan,nan,nan
tr|A0A5K1VW81|A0A5K1VW81_HUMAN,5TBY_A,0.00034,84.89,nan,nan,nan
tr|A0A669KAR9|A0A669KAR9_HUMAN,6ZXE_y,160.0,19.03,nan,nan,nan
tr|A0A669KAU6|A0A669KAU6_HUMAN,1QXP_B,5e-17,134.28,63.89,16.77,62.06
tr|A0A669KB92|A0A669KB92_HUMAN,6LKN_F,4e-53,351.83,309.44,29.48,308.09
tr|A0A669KBI5|A0A669KBI5_HUMAN,1IJ5_A,8.9e-06,71.65,66.80,3.43,66.71
tr|A0A6E1VY70|A0A6E1VY70_HUMAN,6JBU_B,1.3e-38,259.64,115.70,24.92,113.41
tr|A0A6E1ZAN8|A0A6E1ZAN8_HUMAN,6O84_A,3.7e-25,203.55,185.16,20.57,183.96
tr|A0A6Q8PFK6|A0A6Q8PFK6_HUMAN,5G06_P,2.2e-08,76.84,57.86,10.56,56.84
tr|A0A6Q8PFP7|A0A6Q8PFP7_HUMAN,7CMR_A,160.0,25.55,nan,nan,nan
tr|A0A6Q8PG57|A0A6Q8PG57_HUMAN,6TS8_B,2.4e-07,102.52,88.05,10.27,87.45
tr|A0A6Q8PHP5|A0A6Q8PHP5_HUMAN,7K1W_F,3.4e-190,1512.36,894.65,436.81,803.59
tr|A0A7I2PE23|A0A7I2PE23_HUMAN,7OPD_a,1.7e-39,240.66,113.91,15.23,113.11
tr|A0A7I2V3R2|A0A7I2V3R2_HUMAN,1XSZ_B,0.14,37.32,nan,nan,nan
tr|A0A7I2V476|A0A7I2V476_HUMAN,6NT9_B,6.4e-06,62.18,61.36,0.84,61.35
tr|A0A7I2V4F2|A0A7I2V4F2_HUMAN,5YZG_3,1.1e-125,987.2,110.86,94.03,102.02
tr|A0A7I2V4Z2|A0A7I2V4Z2_HUMAN,6NT9_B,1.5e-110,834.23,171.67,70.98,166.56
tr|A0A7I2V561|A0A7I2V561_HUMAN,2IA1_B,61.0,26.93,nan,nan,nan
tr|A0A7I2V590|A0A7I2V590_HUMAN,1MQS_A,2.7e-63,472.2,301.79,58.28,295.98
tr|A0A7I2V5H5|A0A7I2V5H5_HUMAN,1MQS_A,2.8e-52,386.58,255.19,53.30,247.87
tr|A0A7I2V5H7|A0A7I2V5H7_HUMAN,6C9D_A,3.3e-19,130.45,84.69,6.11,84.49
tr|A0A7I2V5P3|A0A7I2V5P3_HUMAN,1TO0_D,39.0,20.81,nan,nan,nan
tr|A0A7P0T858|A0A7P0T858_HUMAN,6GMH_M,390.0,28.32,nan,nan,nan
tr|A0A7P0T885|A0A7P0T885_HUMAN,2CG9_B,2.8e-30,228.07,122.31,57.36,110.06
tr|A0A7P0T8P3|A0A7P0T8P3_HUMAN,4JHN_D,2.7e-18,163.11,95.80,25.85,92.79
tr|A0A7P0T959|A0A7P0T959_HUMAN,7A5P_p,4.9e-18,175.3,137.70,11.10,137.26
tr|A0A7P0T980|A0A7P0T980_HUMAN,4JHN_D,1.7e-16,162.03,106.34,18.27,104.85
tr|A0A7P0T9B7|A0A7P0T9B7_HUMAN,5AYL_A,6.6e-36,249.91,76.89,20.53,74.83
tr|A0A7P0T9F5|A0A7P0T9F5_HUMAN,7N9F_T,140.0,26.63,nan,nan,nan
tr|A0A7P0T9N3|A0A7P0T9N3_HUMAN,7CRQ_I,7.2e-15,150.48,84.11,25.72,80.83
tr|A0A7P0TAJ4|A0A7P0TAJ4_HUMAN,3IHP_B,5.7e-07,71.47,71.47,0.00,71.47
tr|A0A804CHP1|A0A804CHP1_HUMAN,6WCQ_C,1.8e-62,444.87,140.93,65.45,127.66
tr|A0A804HHW3|A0A804HHW3_HUMAN,7D87_A,3.4e-28,194.07,126.22,39.61,120.26
tr|A0A804HI56|A0A804HI56_HUMAN,6GCI_A,3.7e-38,253.83,188.06,68.40,170.34
tr|A0A804HJ74|A0A804HJ74_HUMAN,3ODW_B,97.0,26.57,nan,nan,nan
tr|A0A804HJD9|A0A804HJD9_HUMAN,2XZE_A,6.2e-13,88.2,80.65,7.55,80.29
tr|A0A804HJH8|A0A804HJH8_HUMAN,6YXY_Ao,6.7e-14,163.1,113.62,22.40,111.36
tr|A0A804HJK7|A0A804HJK7_HUMAN,7O4R_A,0.052,45.4,nan,nan,nan
tr|A0A804HL34|A0A804HL34_HUMAN,7FH1_B,0.00031,70.85,nan,nan,nan
tr|A0A8C8L741|A0A8C8L741_HUMAN,5JPO_E,0.0087,36.28,nan,nan,nan
tr|A0A8I5KS24|A0A8I5KS24_HUMAN,6GCI_A,4.3e-17,119.48,106.13,6.11,105.96
tr|A0A8I5KSJ2|A0A8I5KSJ2_HUMAN,4UYB_A,1.3e-55,358.21,137.78,57.92,129.39
tr|A0A8I5KSM4|A0A8I5KSM4_HUMAN,7MFD_A,4.2e-19,153.53,115.08,16.32,113.99
tr|A0A8I5KUT1|A0A8I5KUT1_HUMAN,7W72_A,1e-16,163.12,112.07,12.61,111.31
tr|A0A8I5KXT9|A0A8I5KXT9_HUMAN,4GNK_D,20.0,27.51,nan,nan,nan
tr|A0A8I5QKK6|A0A8I5QKK6_HUMAN,6RZ0_A,5.7e-23,155.78,85.59,13.89,84.64
tr|A0A8I5QKQ4|A0A8I5QKQ4_HUMAN,6VWA_A,150.0,24.94,nan,nan,nan
tr|A0A8I5QKW1|A0A8I5QKW1_HUMAN,7DL2_D,0.045,56.6,nan,nan,nan
tr|A0A8Q3SJ37|A0A8Q3SJ37_HUMAN,6HG4_B,1.5e-27,217.76,217.76,0.00,217.76
tr|A0A8Q3WL12|A0A8Q3WL12_HUMAN,2VO1_A,6.6e-24,139.29,74.45,27.33,70.74
tr|A0A8Q3WL42|A0A8Q3WL42_HUMAN,5IJO_F,1e-85,617.99,461.51,133.35,440.79
tr|A0A8Q3WM71|A0A8Q3WM71_HUMAN,3GAW_A,1.9e-74,551.01,109.69,75.94,94.31
tr|A0A8V8TKK6|A0A8V8TKK6_HUMAN,6NZ0_Z,2.4e-16,122.56,82.94,17.83,81.38
tr|A0A8V8TMX6|A0A8V8TMX6_HUMAN,6LK8_T,2.2e-71,634.23,141.41,71.47,133.16
tr|A0A8V8TNB8|A0A8V8TNB8_HUMAN,5D6D_C,4.1e-21,130.91,66.63,7.85,66.24
tr|A0A8V8TNQ7|A0A8V8TNQ7_HUMAN,1H7S_A,1.4e-06,54.23,53.74,0.48,53.74
tr|A0A8V8TP36|A0A8V8TP36_HUMAN,6X6C_F,5e-19,153.62,84.64,36.79,78.21
tr|A0A8V8TP46|A0A8V8TP46_HUMAN,7C3M_C,3.2e-14,114.28,88.39,17.56,86.72
tr|A0A8V8TP98|A0A8V8TP98_HUMAN,1HUL_B,170.0,21.48,nan,nan,nan
tr|A0A8V8TPU7|A0A8V8TPU7_HUMAN,7VOP_V,0.02,70.64,nan,nan,nan
tr|A0A8V8TQA4|A0A8V8TQA4_HUMAN,4RLV_A,9.1e-06,75.84,62.46,4.95,62.29
tr|A0A8V8TR41|A0A8V8TR41_HUMAN,6C9M_C,8.4e-33,229.7,223.39,5.51,223.33
tr|A0A8V8TR93|A0A8V8TR93_HUMAN,7D3F_D,0.16,47.84,nan,nan,nan
tr|A0A994J4B1|A0A994J4B1_HUMAN,7ROZ_A,750.0,20.21,nan,nan,nan
tr|A0A994J544|A0A994J544_HUMAN,4ES8_B,69.0,23.66,nan,nan,nan
tr|A0A994J6V9|A0A994J6V9_HUMAN,6Z47_G,0.0012,76.57,nan,nan,nan
tr|A0A994J6Z1|A0A994J6Z1_HUMAN,6PEQ_B,2e-47,341.85,117.81,72.44,102.89
tr|A0A994J7S5|A0A994J7S5_HUMAN,7JTH_E,57.0,26.29,nan,nan,nan
tr|A0A9L9PXJ0|A0A9L9PXJ0_HUMAN,2YF0_A,2.9e-117,866.16,736.16,81.70,731.80
tr|A6NHA5|A6NHA5_HUMAN,3WHD_C,1.2e-12,73.02,47.58,5.17,47.33
tr|A6NHR2|A6NHR2_HUMAN,7OF0_5,4.5e-59,417.55,288.94,92.35,275.09
tr|A8MU33|A8MU33_HUMAN,2SNW_B,60.0,31.35,nan,nan,nan
tr|B0QYG8|B0QYG8_HUMAN,4BNE_B,5.4e-21,140.53,88.82,20.33,86.77
tr|B1AMN9|B1AMN9_HUMAN,4CHT_B,3.1e-17,119.65,117.23,1.68,117.22
tr|B1AP52|B1AP52_HUMAN,2XKX_B,1.8e-05,65.46,52.11,1.57,52.09
tr|B1ARF3|B1ARF3_HUMAN,2KIG_A,2.1e-20,140.15,121.67,18.48,120.26
tr|B1B1J0|B1B1J0_HUMAN,6YOV_K,9.8e-13,121.65,82.36,22.68,79.65
tr|B3KR06|B3KR06_HUMAN,6COK_A,3.6e-24,185.67,89.58,31.44,85.67
tr|B4DMT0|B4DMT0_HUMAN,2YB0_E,17.0,34.29,nan,nan,nan
tr|B4DPZ9|B4DPZ9_HUMAN,6FGZ_A,4.6e-32,219.38,123.31,46.40,114.87
tr|B4DWB8|B4DWB8_HUMAN,3M0C_C,1.2e-11,116.52,79.54,16.85,77.74
tr|B4E3H0|B4E3H0_HUMAN,5CK3_B,6.7e-13,105.37,69.77,7.49,69.37
tr|B5A982|B5A982_HUMAN,4P2Y_A,1.2e-10,71.37,54.73,9.48,53.93
tr|B5MCQ4|B5MCQ4_HUMAN,6I2O_A,34.0,28.64,nan,nan,nan
tr|B7Z676|B7Z676_HUMAN,7B4M_A,5.4e-57,415.44,146.00,91.44,130.22
tr|B7Z6Q2|B7Z6Q2_HUMAN,6AHD_v,0.22,44.21,nan,nan,nan
tr|B7ZBD5|B7ZBD5_HUMAN,5KUT_C,5.3e-06,52.2,49.47,2.21,49.42
tr|B8ZZY4|B8ZZY4_HUMAN,6UKJ_A,1.2e-10,101.37,90.64,7.49,90.32
tr|C9J0L2|C9J0L2_HUMAN,4AWN_A,9.4e-06,48.78,48.78,0.00,48.78
tr|C9J0V4|C9J0V4_HUMAN,2P3X_A,280.0,20.57,nan,nan,nan
tr|C9J2T1|C9J2T1_HUMAN,6WCQ_C,1.6e-24,173.09,94.39,27.80,90.74
tr|C9J695|C9J695_HUMAN,6ZRX_CCC,73.0,27.54,nan,nan,nan
tr|C9J6W0|C9J6W0_HUMAN,2QSV_A,0.58,29.22,nan,nan,nan
tr|C9J6Z7|C9J6Z7_HUMAN,7NRC_A,430.0,26.59,nan,nan,nan
tr|C9J7C3|C9J7C3_HUMAN,2M76_A,2.2e-18,98.88,89.87,9.01,89.42
tr|C9J884|C9J884_HUMAN,5MMM_E,54.0,26.67,nan,nan,nan
tr|C9J950|C9J950_HUMAN,4FMB_E,35.0,30.08,nan,nan,nan
tr|C9J9E4|C9J9E4_HUMAN,6YVU_B,1.3e-34,248.17,87.56,35.06,83.14
tr|C9JBX7|C9JBX7_HUMAN,4V16_A,6.9e-10,80.19,67.92,7.22,67.56
tr|C9JDB3|C9JDB3_HUMAN,6TGB_A,4.1e-18,157.25,110.53,40.91,102.71
tr|C9JE35|C9JE35_HUMAN,6R83_4a,68.0,32.95,nan,nan,nan
tr|C9JEC8|C9JEC8_HUMAN,5G0J_A,2.2e-20,157.44,144.00,9.24,143.70
tr|C9JF76|C9JF76_HUMAN,4P7A_A,1.3e-34,217.0,93.53,42.66,87.03
tr|C9JFW8|C9JFW8_HUMAN,4TWE_A,2.6e-97,727.68,175.21,167.78,137.96
tr|C9JH92|C9JH92_HUMAN,6EQO_A,1.2e-22,188.08,136.68,13.47,136.02
tr|C9JIP7|C9JIP7_HUMAN,4N06_B,77.0,22.9,nan,nan,nan
tr|C9JIS7|C9JIS7_HUMAN,3X37_A,7.6,26.79,nan,nan,nan
tr|C9JJU3|C9JJU3_HUMAN,6DNE_B,6.6e-30,214.34,79.38,31.12,75.47
tr|C9JKP5|C9JKP5_HUMAN,4P02_B,71.0,27.24,nan,nan,nan
tr|C9JM00|C9JM00_HUMAN,1UHG_C,1.7e-18,126.26,110.06,10.65,109.43
tr|C9JMG5|C9JMG5_HUMAN,7B2L_B,4.5e-19,130.96,108.06,22.24,105.68
tr|C9JQ07|C9JQ07_HUMAN,6A6W_A,24.0,28.36,nan,nan,nan
tr|C9JQ90|C9JQ90_HUMAN,1FDV_C,6e-15,117.43,60.64,8.46,60.15
tr|C9JR84|C9JR84_HUMAN,4RE1_D,1.5e-27,179.69,113.55,57.95,98.85
tr|C9JUM7|C9JUM7_HUMAN,6R7T_B,2e-10,88.51,71.81,7.08,71.48
tr|C9JUV9|C9JUV9_HUMAN,5KYM_B,0.00067,44.93,nan,nan,nan
tr|C9JWU5|C9JWU5_HUMAN,6X9O_A,380.0,32.35,nan,nan,nan
tr|C9JXJ4|C9JXJ4_HUMAN,4Z7K_B,160.0,19.56,nan,nan,nan
tr|C9JXP4|C9JXP4_HUMAN,2BW3_A,1.2e-12,97.96,97.96,0.00,97.96
tr|C9JY11|C9JY11_HUMAN,7AA5_A,480.0,23.42,nan,nan,nan
tr|C9JYR0|C9JYR0_HUMAN,3IKM_D,96.0,24.18,nan,nan,nan
tr|C9JYT6|C9JYT6_HUMAN,7M0R_D,1.4e-39,290.35,173.57,49.39,167.30
tr|C9JZ94|C9JZ94_HUMAN,7AOH_E,64.0,24.26,nan,nan,nan
tr|C9JZE2|C9JZE2_HUMAN,6HIX_Be,200.0,18.89,nan,nan,nan
tr|C9K0E5|C9K0E5_HUMAN,4GUA_A,0.32,42.15,nan,nan,nan
tr|D3DX14|D3DX14_HUMAN,6IWR_C,1.9,35.58,nan,nan,nan
tr|D6R941|D6R941_HUMAN,6BI6_A,25.0,22.92,nan,nan,nan
tr|D6R9F5|D6R9F5_HUMAN,7MWR_B,350.0,23.31,nan,nan,nan
tr|D6R9Q3|D6R9Q3_HUMAN,5DFZ_D,64.0,31.03,nan,nan,nan
tr|D6R9R8|D6R9R8_HUMAN,1N26_A,2.9e-11,78.95,65.84,8.00,65.38
tr|D6RA50|D6RA50_HUMAN,6UD5_B,2.6e-13,98.35,84.31,11.86,83.49
tr|D6RAL0|D6RAL0_HUMAN,5T3T_F,1900.0,21.8,nan,nan,nan
tr|D6RBC9|D6RBC9_HUMAN,5OIX_G,46.0,27.3,nan,nan,nan
tr|D6RBH8|D6RBH8_HUMAN,4WKR_A,8.9e-05,40.79,nan,nan,nan
tr|D6RC43|D6RC43_HUMAN,5A4P_A,0.00022,55.0,nan,nan,nan
tr|D6RC89|D6RC89_HUMAN,6OJJ_A,1.9,27.0,nan,nan,nan
tr|D6RCE0|D6RCE0_HUMAN,4GWM_B,1.4e-06,65.19,58.22,4.82,58.02
tr|D6RCF8|D6RCF8_HUMAN,7QE7_U,0.0063,43.14,nan,nan,nan
tr|D6RDG5|D6RDG5_HUMAN,6QNX_C,5.6e-31,249.12,86.11,39.71,78.11
tr|D6RDP1|D6RDP1_HUMAN,2QAG_A,2.2e-17,119.74,56.52,14.07,55.26
tr|D6RE88|D6RE88_HUMAN,6RZZ_s,3.1e-12,94.78,94.78,0.00,94.78
tr|D6RER4|D6RER4_HUMAN,7D76_R,2.0,27.74,nan,nan,nan
tr|D6RFH5|D6RFH5_HUMAN,6ULG_N,1.9e-142,1147.71,1146.71,1.00,1146.71
tr|D6RFY1|D6RFY1_HUMAN,5XEY_C,26.0,25.86,nan,nan,nan
tr|D6RGE9|D6RGE9_HUMAN,3AR4_A,1.8e-06,64.55,63.75,1.00,63.74
tr|D6RIB0|D6RIB0_HUMAN,3ZEU_A,1.9,23.12,nan,nan,nan
tr|D6RIT2|D6RIT2_HUMAN,6DHS_B,1.2e-13,83.12,56.17,8.81,55.57
tr|D6RIV2|D6RIV2_HUMAN,5LDW_d,19.0,26.88,nan,nan,nan
tr|D6RJD3|D6RJD3_HUMAN,7O4L_6,1.4e-26,193.05,111.80,45.11,103.80
tr|E3W983|E3W983_HUMAN,6PW5_D,3.3e-18,150.13,102.21,13.75,101.26
tr|E5RFF4|E5RFF4_HUMAN,7ECV_J,260.0,18.32,nan,nan,nan
tr|E5RFT9|E5RFT9_HUMAN,6XN7_J,41.0,23.01,nan,nan,nan
tr|E5RFU2|E5RFU2_HUMAN,5AM2_A,5.8e-58,373.51,118.23,25.89,116.37
tr|E5RG81|E5RG81_HUMAN,1RJ6_A,7.7e-27,161.15,136.17,15.22,135.29
tr|E5RG86|E5RG86_HUMAN,6CB0_A,2.1e-08,65.26,61.68,3.58,61.58
tr|E5RGA7|E5RGA7_HUMAN,4X82_B,0.24,36.15,nan,nan,nan
tr|E5RGH3|E5RGH3_HUMAN,6R5K_H,4.7e-25,164.07,72.94,15.83,71.59
tr|E5RGR0|E5RGR0_HUMAN,1FJ2_B,2.9e-22,128.32,79.06,7.93,78.70
tr|E5RI40|E5RI40_HUMAN,7KGV_B,1.7,31.61,nan,nan,nan
tr|E5RI75|E5RI75_HUMAN,5IAA_D,33.0,22.18,nan,nan,nan
tr|E5RIP8|E5RIP8_HUMAN,6C26_B,50.0,22.54,nan,nan,nan
tr|E5RIY7|E5RIY7_HUMAN,1WVK_A,0.025,32.15,nan,nan,nan
tr|E5RIZ1|E5RIZ1_HUMAN,1TUZ_A,3.5e-25,143.89,69.64,18.68,67.45
tr|E5RJD2|E5RJD2_HUMAN,4V59_A,1.3e-09,106.65,66.59,7.48,66.22
tr|E5RJD7|E5RJD7_HUMAN,7EMF_O,300.0,23.39,nan,nan,nan
tr|E5RK05|E5RK05_HUMAN,3VPJ_E,16.0,25.08,nan,nan,nan
tr|E5RK46|E5RK46_HUMAN,5IYC_U,0.00057,42.76,nan,nan,nan
tr|E5RK48|E5RK48_HUMAN,1FDV_C,9.1e-11,93.21,58.81,7.64,58.37
tr|E5RK96|E5RK96_HUMAN,4FHN_B,130.0,27.94,nan,nan,nan
tr|E7ESC5|E7ESC5_HUMAN,5X6O_G,75.0,33.06,nan,nan,nan
tr|E7EW18|E7EW18_HUMAN,4I2F_A,1.1e-34,245.93,176.78,63.01,162.48
tr|E7EX83|E7EX83_HUMAN,4U3Y_A,2.6e-24,179.28,127.11,9.75,126.75
tr|E7EXB4|E7EXB4_HUMAN,7K3Z_C,9e-26,184.09,138.55,16.85,137.54
tr|E9PD39|E9PD39_HUMAN,7C83_A,1.4e-13,109.01,101.25,7.76,100.95
tr|E9PGN7|E9PGN7_HUMAN,2OAY_A,4.2e-53,361.8,229.63,31.70,227.44
tr|E9PI31|E9PI31_HUMAN,5IXI_B,81.0,21.28,nan,nan,nan
tr|E9PIE6|E9PIE6_HUMAN,3J8F_7,0.059,38.44,nan,nan,nan
tr|E9PIH8|E9PIH8_HUMAN,1UJ8_A,180.0,17.42,nan,nan,nan
tr|E9PK39|E9PK39_HUMAN,7LHW_A,5.6e-23,238.15,102.59,23.03,99.94
tr|E9PK90|E9PK90_HUMAN,7KTR_F,3.6e-12,100.06,82.33,15.25,80.92
tr|E9PKG5|E9PKG5_HUMAN,7TBW_A,2.7e-38,297.34,283.31,14.02,282.97
tr|E9PLG3|E9PLG3_HUMAN,2ZVC_A,16.0,26.26,nan,nan,nan
tr|E9PNF6|E9PNF6_HUMAN,7NSB_7,2.6,32.68,nan,nan,nan
tr|E9PP22|E9PP22_HUMAN,2AYU_A,3.4e-20,155.29,103.00,17.32,101.65
tr|E9PP28|E9PP28_HUMAN,3GRO_B,3.3,22.8,nan,nan,nan
tr|E9PPE9|E9PPE9_HUMAN,6XMX_E,1.8e-11,95.57,67.25,9.74,66.53
tr|E9PPI0|E9PPI0_HUMAN,7EEB_L,6.5e-07,82.46,82.46,0.00,82.46
tr|E9PQ70|E9PQ70_HUMAN,1GPZ_A,1.1e-26,194.6,101.20,23.33,98.71
tr|E9PQB0|E9PQB0_HUMAN,4UF5_B,1.9e-19,126.29,120.11,4.51,120.02
tr|E9PQH7|E9PQH7_HUMAN,6RUI_S,87.0,21.14,nan,nan,nan
tr|E9PR90|E9PR90_HUMAN,7JPT_A,2.1e-08,87.7,52.96,13.50,51.51
tr|E9PRM7|E9PRM7_HUMAN,6S4M_A,6.1e-08,80.55,68.00,4.17,67.88
tr|F2Z2A3|F2Z2A3_HUMAN,7O01_1,30.0,22.98,nan,nan,nan
tr|F2Z3N0|F2Z3N0_HUMAN,6MCK_D,170.0,19.45,nan,nan,nan
tr|F5GWJ3|F5GWJ3_HUMAN,7DSK_A,0.77,43.51,nan,nan,nan
tr|F5GWN9|F5GWN9_HUMAN,7DVQ_4,2.3e-05,76.0,nan,nan,nan
tr|F5GX61|F5GX61_HUMAN,6VP8_A,0.0001,58.61,45.41,2.22,45.35
tr|F5GYP3|F5GYP3_HUMAN,7O4J_R,28.0,28.47,nan,nan,nan
tr|F5GZR9|F5GZR9_HUMAN,7B00_B,2.8e-12,83.89,81.93,1.98,81.91
tr|F5H079|F5H079_HUMAN,7DSK_A,0.0032,49.28,nan,nan,nan
tr|F5H0K7|F5H0K7_HUMAN,7C06_J,30.0,26.38,nan,nan,nan
tr|F5H362|F5H362_HUMAN,6HIX_BC,6.5e-21,155.06,78.52,11.94,77.70
tr|F5H3Z5|F5H3Z5_HUMAN,1JB6_A,9.2e-06,41.42,41.42,0.00,41.42
tr|F5H4K9|F5H4K9_HUMAN,6YXY_BX,0.00086,41.34,nan,nan,nan
tr|F5H5N6|F5H5N6_HUMAN,1XI4_E,1.5e-38,280.66,265.83,7.42,265.72
tr|F5H655|F5H655_HUMAN,1RUT_X,2.2e-05,44.38,nan,nan,nan
tr|F5H7B4|F5H7B4_HUMAN,6PW5_D,1.5e-10,96.15,62.91,10.55,62.01
tr|F5H889|F5H889_HUMAN,5GUH_A,5.3e-12,110.54,89.81,20.73,87.39
tr|F6S878|F6S878_HUMAN,1Z45_A,140.0,23.09,nan,nan,nan
tr|F6TC96|F6TC96_HUMAN,6GLC_A,7e-05,56.92,43.35,0.62,43.35
tr|F6UZH7|F6UZH7_HUMAN,4PGR_A,2.7e-13,96.09,95.70,0.39,95.70
tr|F8VSH3|F8VSH3_HUMAN,3T4N_C,2e-10,73.18,63.76,7.88,63.25
tr|F8VU63|F8VU63_HUMAN,3PS5_A,5e-19,133.78,96.77,11.80,96.08
tr|F8VUB7|F8VUB7_HUMAN,7K36_G,40.0,28.71,nan,nan,nan
tr|F8VVN1|F8VVN1_HUMAN,7WB4_N,240.0,28.22,nan,nan,nan
tr|F8VVQ4|F8VVQ4_HUMAN,6PW5_D,4.8e-27,235.78,159.87,28.85,157.08
tr|F8VVX5|F8VVX5_HUMAN,4RXV_A,260.0,22.31,nan,nan,nan
tr|F8VVY9|F8VVY9_HUMAN,6C9A_A,1.3e-08,84.91,84.91,0.00,84.91
tr|F8VWB2|F8VWB2_HUMAN,5NQG_A,38.0,31.23,nan,nan,nan
tr|F8VWK7|F8VWK7_HUMAN,7DSK_A,34.0,30.33,nan,nan,nan
tr|F8VX11|F8VX11_HUMAN,6FEC_u,3.5e-87,639.44,136.03,190.55,84.48
tr|F8VX63|F8VX63_HUMAN,7QE7_J,710.0,24.87,nan,nan,nan
tr|F8VXR6|F8VXR6_HUMAN,6ZJ3_Le,5.3e-08,68.78,62.19,3.44,62.09
tr|F8W084|F8W084_HUMAN,3Q2T_C,2.7e-15,100.99,100.99,0.00,100.99
tr|F8W6N5|F8W6N5_HUMAN,5CQR_A,12.0,32.65,nan,nan,nan
tr|F8WAX1|F8WAX1_HUMAN,4OLI_A,0.094,33.22,nan,nan,nan
tr|F8WB23|F8WB23_HUMAN,6UXE_A,3.4e-10,79.07,63.07,5.23,62.86
tr|F8WB69|F8WB69_HUMAN,5HWA_A,22.0,26.16,nan,nan,nan
tr|F8WBC5|F8WBC5_HUMAN,6C14_C,3.6,27.83,nan,nan,nan
tr|F8WCN7|F8WCN7_HUMAN,7DCO_N,5.5e-10,66.76,64.43,1.59,64.41
tr|F8WCR3|F8WCR3_HUMAN,7PTR_B,160.0,26.17,nan,nan,nan
tr|F8WCW1|F8WCW1_HUMAN,5DSE_C,30.0,24.53,nan,nan,nan
tr|F8WCX5|F8WCX5_HUMAN,1YAX_A,200.0,26.81,nan,nan,nan
tr|F8WCZ7|F8WCZ7_HUMAN,4QOY_C,110.0,26.35,nan,nan,nan
tr|F8WD02|F8WD02_HUMAN,3HQI_B,7.7e-21,132.25,88.55,13.69,87.65
tr|F8WDF8|F8WDF8_HUMAN,6UKJ_A,0.00024,51.58,nan,nan,nan
tr|F8WDN7|F8WDN7_HUMAN,4TU3_X,5e-59,430.07,395.17,25.38,394.38
tr|F8WDV7|F8WDV7_HUMAN,5WM0_A,110.0,27.81,nan,nan,nan
tr|F8WDW1|F8WDW1_HUMAN,6V92_N,680.0,24.32,nan,nan,nan
tr|F8WE05|F8WE05_HUMAN,2J0B_A,0.35,34.39,nan,nan,nan
tr|F8WEU7|F8WEU7_HUMAN,2JR3_A,17.0,24.09,nan,nan,nan
tr|F8WF45|F8WF45_HUMAN,7DL2_D,0.00019,82.04,nan,nan,nan
tr|F8WF49|F8WF49_HUMAN,4R0Y_B,9.5e-26,179.44,179.44,0.00,179.44
tr|F8WF64|F8WF64_HUMAN,7ND2_D,8.7e-13,91.41,64.84,5.96,64.59
tr|F8WF99|F8WF99_HUMAN,7JPT_A,0.012,52.25,43.41,0.63,43.40
tr|F8WFB6|F8WFB6_HUMAN,5TOS_A,78.0,22.39,nan,nan,nan
tr|G3V1B8|G3V1B8_HUMAN,6HCZ_A,1e-33,210.93,210.93,0.00,210.93
tr|G3V220|G3V220_HUMAN,7ABF_A4,2.7e-193,1588.52,299.68,476.87,147.63
tr|G3V319|G3V319_HUMAN,6WCZ_A,3.6e-13,108.62,78.45,14.85,77.18
tr|G3V3I6|G3V3I6_HUMAN,2VY7_A,150.0,17.49,nan,nan,nan
tr|G3XAD0|G3XAD0_HUMAN,1V0D_A,3.4e-14,111.39,79.27,10.26,78.70
tr|G5E9I4|G5E9I4_HUMAN,4ZQA_A,4e-13,95.64,67.12,16.86,65.27
tr|G5E9V6|G5E9V6_HUMAN,6SWY_5,2.1e-25,221.79,80.22,18.44,78.91
tr|H0Y2P7|H0Y2P7_HUMAN,6TTU_T,0.98,32.77,nan,nan,nan
tr|H0Y3H2|H0Y3H2_HUMAN,7E7I_A,1.8e-142,1299.17,248.06,108.68,237.52
tr|H0Y3V3|H0Y3V3_HUMAN,7V9M_R,4e-07,83.57,79.28,3.05,79.22
tr|H0Y3W3|H0Y3W3_HUMAN,5YU7_A,1.2e-39,287.9,287.90,0.00,287.90
tr|H0Y5A3|H0Y5A3_HUMAN,7KAM_G,420.0,26.8,nan,nan,nan
tr|H0Y7J7|H0Y7J7_HUMAN,7DPA_D,2.4,37.24,nan,nan,nan
tr|H0Y7W5|H0Y7W5_HUMAN,7A0M_C,92.0,26.63,nan,nan,nan
tr|H0Y968|H0Y968_HUMAN,6CW1_B,0.00087,43.76,nan,nan,nan
tr|H0Y9W3|H0Y9W3_HUMAN,7TKV_B,1.5e-11,95.78,95.78,0.00,95.78
tr|H0YA84|H0YA84_HUMAN,3C0F_B,170.0,22.97,nan,nan,nan
tr|H0YAR7|H0YAR7_HUMAN,6YXY_Bf,21.0,26.57,nan,nan,nan
tr|H0YAU0|H0YAU0_HUMAN,7AD3_G,130.0,25.21,nan,nan,nan
tr|H0YBA6|H0YBA6_HUMAN,4UDE_A,430.0,16.73,nan,nan,nan
tr|H0YBB3|H0YBB3_HUMAN,6ASO_A,3.1e-12,112.94,74.22,16.17,72.62
tr|H0YBB8|H0YBB8_HUMAN,4E18_B,1.2e-22,122.69,94.89,10.43,94.37
tr|H0YCL6|H0YCL6_HUMAN,7FE4_B,0.13,42.88,nan,nan,nan
tr|H0YCN3|H0YCN3_HUMAN,6QNX_C,6.5e-45,360.55,93.56,47.71,84.47
tr|H0YCY3|H0YCY3_HUMAN,6ND4_N,6.7e-06,63.1,55.54,2.17,55.50
tr|H0YDE5|H0YDE5_HUMAN,7E5N_B,21.0,39.22,nan,nan,nan
tr|H0YDM6|H0YDM6_HUMAN,3M3W_B,9.6e-05,48.1,nan,nan,nan
tr|H0YDW8|H0YDW8_HUMAN,3S63_B,1.2e-07,71.78,60.77,11.02,59.76
tr|H0YE10|H0YE10_HUMAN,6C23_E,190.0,19.57,nan,nan,nan
tr|H0YE27|H0YE27_HUMAN,7O7Y_Ab,7.3e-13,93.48,83.51,5.84,83.31
tr|H0YEB7|H0YEB7_HUMAN,2CH5_D,8.7e-15,107.61,72.56,15.24,71.16
tr|H0YEM9|H0YEM9_HUMAN,6QNX_C,3.4e-16,162.42,80.71,19.34,78.38
tr|H0YEW1|H0YEW1_HUMAN,7LHW_A,2.7e-19,208.5,139.24,10.95,138.85
tr|H0YFN4|H0YFN4_HUMAN,6NEP_B,31.0,23.38,nan,nan,nan
tr|H0YGX7|H0YGX7_HUMAN,1DOA_B,3.6e-55,344.64,310.80,39.11,308.09
tr|H0YH32|H0YH32_HUMAN,7MN6_A,5.8e-05,58.9,48.00,2.66,47.92
tr|H0YHZ2|H0YHZ2_HUMAN,2ZXE_A,170.0,26.89,nan,nan,nan
tr|H0YI14|H0YI14_HUMAN,7PXD_F,2.7e-17,160.44,77.29,13.95,76.38
tr|H0YIE9|H0YIE9_HUMAN,5YCQ_A,2.4e-21,148.0,131.44,12.32,130.88
tr|H0YIZ4|H0YIZ4_HUMAN,5DSE_C,0.005,50.54,nan,nan,nan
tr|H0YJ94|H0YJ94_HUMAN,6FEC_w,1.1e-10,94.56,74.18,8.95,73.67
tr|H0YJA1|H0YJA1_HUMAN,5H7V_A,4.8e-07,73.14,46.65,11.29,45.47
tr|H0YJQ3|H0YJQ3_HUMAN,7P5V_B,86.0,22.33,nan,nan,nan
tr|H0YKH7|H0YKH7_HUMAN,6N2B_B,200.0,23.29,nan,nan,nan
tr|H0YM82|H0YM82_HUMAN,5SZS_C,250.0,30.98,nan,nan,nan
tr|H0YMA5|H0YMA5_HUMAN,2FAH_D,3.6e-23,169.22,165.16,3.34,165.13
tr|H0YMF8|H0YMF8_HUMAN,3HD6_A,2.1e-72,509.73,211.39,114.26,189.85
tr|H0YMH0|H0YMH0_HUMAN,4JHN_D,0.00018,47.29,nan,nan,nan
tr|H0YMN6|H0YMN6_HUMAN,6JWJ_A,340.0,24.79,nan,nan,nan
tr|H0YN86|H0YN86_HUMAN,5F74_B,74.0,24.83,nan,nan,nan
tr|H3BMC8|H3BMC8_HUMAN,2MH0_A,0.077,30.28,nan,nan,nan
tr|H3BMX6|H3BMX6_HUMAN,5OA9_A,13.0,24.52,nan,nan,nan
tr|H3BN05|H3BN05_HUMAN,3VZA_F,2.0,25.88,nan,nan,nan
tr|H3BPL6|H3BPL6_HUMAN,5MEK_A,1.4e-14,95.95,76.52,11.59,75.56
tr|H3BQI9|H3BQI9_HUMAN,5CZ3_B,230.0,24.53,nan,nan,nan
tr|H3BQJ0|H3BQJ0_HUMAN,3VZA_F,8.4e-06,50.84,50.84,0.00,50.84
tr|H3BQL8|H3BQL8_HUMAN,6GY4_C,36.0,23.65,nan,nan,nan
tr|H3BQQ6|H3BQQ6_HUMAN,7EGG_D,370.0,27.08,nan,nan,nan
tr|H3BRX8|H3BRX8_HUMAN,6FLJ_A,0.00036,45.74,nan,nan,nan
tr|H3BSE1|H3BSE1_HUMAN,4P17_B,3.2e-18,121.92,98.66,10.08,98.14
tr|H3BSW3|H3BSW3_HUMAN,6FD4_A,1.8e-08,58.5,50.30,3.32,50.19
tr|H3BSZ2|H3BSZ2_HUMAN,3RAY_A,1.2e-22,170.31,91.23,34.37,86.39
tr|H3BTA0|H3BTA0_HUMAN,4RLE_A,9.7,27.73,nan,nan,nan
tr|H3BTE0|H3BTE0_HUMAN,6FG9_B,0.053,58.58,nan,nan,nan
tr|H3BTR0|H3BTR0_HUMAN,6QNX_C,9.5e-16,149.94,72.87,19.01,70.58
tr|H3BUT1|H3BUT1_HUMAN,7FIM_R,52.0,29.53,nan,nan,nan
tr|H3BUY4|H3BUY4_HUMAN,3AQQ_B,1.4e-27,158.97,91.17,55.40,75.42
tr|H3BVH7|H3BVH7_HUMAN,6VP6_A,5e-16,130.19,89.54,9.49,89.04
tr|H7BYX9|H7BYX9_HUMAN,3F1S_B,5.6e-31,187.92,124.50,31.83,119.42
tr|H7BZ74|H7BZ74_HUMAN,6HM8_A,1.3e-12,99.66,97.79,2.64,97.75
tr|H7BZL8|H7BZL8_HUMAN,3HR2_A,3.7e-14,124.81,102.20,22.61,99.67
tr|H7C033|H7C033_HUMAN,6XP5_I,0.61,34.65,nan,nan,nan
tr|H7C177|H7C177_HUMAN,6HTO_A,510.0,21.97,nan,nan,nan
tr|H7C1T2|H7C1T2_HUMAN,3GHG_J,200.0,31.34,nan,nan,nan
tr|H7C1Y2|H7C1Y2_HUMAN,7AP9_F,34.0,26.21,nan,nan,nan
tr|H7C204|H7C204_HUMAN,7EGG_D,140.0,31.72,nan,nan,nan
tr|H7C2X6|H7C2X6_HUMAN,2DKD_A,430.0,14.38,nan,nan,nan
tr|H7C3T1|H7C3T1_HUMAN,7KIQ_E,2.3e-08,67.4,66.92,0.67,66.92
tr|H7C429|H7C429_HUMAN,2H8H_A,0.051,38.75,nan,nan,nan
tr|H7C492|H7C492_HUMAN,6UKO_G,1.3e-25,179.01,128.05,36.85,122.85
tr|H7C4K2|H7C4K2_HUMAN,5HEE_A,25.0,22.97,nan,nan,nan
tr|H7C553|H7C553_HUMAN,7BY0_K,210.0,24.83,nan,nan,nan
tr|H7C570|H7C570_HUMAN,2ACM_A,0.0029,40.21,nan,nan,nan
tr|H7C5N2|H7C5N2_HUMAN,2RR8_A,1.2e-06,53.06,53.06,0.00,53.06
tr|H7C5Q2|H7C5Q2_HUMAN,6VFY_D,2.8e-05,61.88,nan,nan,nan
tr|H7C5Q4|H7C5Q4_HUMAN,3MP6_A,21.0,22.96,nan,nan,nan
tr|H7C603|H7C603_HUMAN,6NF9_A,10.0,31.92,nan,nan,nan
tr|I3L0Q8|I3L0Q8_HUMAN,3RQG_C,280.0,25.72,nan,nan,nan
tr|I3L180|I3L180_HUMAN,4XU6_A,6.2,21.01,nan,nan,nan
tr|I3L1U7|I3L1U7_HUMAN,6CFC_A,150.0,26.1,nan,nan,nan
tr|I3L2B6|I3L2B6_HUMAN,5SY1_B,3.6e-28,224.75,224.75,0.00,224.75
tr|I3L301|I3L301_HUMAN,3UGM_A,260.0,25.15,nan,nan,nan
tr|I3L387|I3L387_HUMAN,2RKU_A,2.6e-14,92.91,58.31,7.05,57.96
tr|I3L424|I3L424_HUMAN,7JSJ_B,6.5e-08,73.31,73.31,0.00,73.31
tr|I3L471|I3L471_HUMAN,1T27_A,1.4e-34,208.01,204.07,2.85,204.05
tr|I3L4J0|I3L4J0_HUMAN,1KOO_C,50.0,23.37,nan,nan,nan
tr|I3L4Y5|I3L4Y5_HUMAN,6ODM_B,2500.0,25.82,nan,nan,nan
tr|J3KN99|J3KN99_HUMAN,6KIP_B,0.0008,61.44,nan,nan,nan
tr|J3KNE1|J3KNE1_HUMAN,5FIR_F,1.6e-20,115.27,115.27,0.00,115.27
tr|J3KRN7|J3KRN7_HUMAN,2RHU_A,2.9e-12,90.79,79.69,10.98,78.83
tr|J3KRS2|J3KRS2_HUMAN,3LMC_A,3.6e-08,78.01,67.80,10.25,67.02
tr|J3KRY6|J3KRY6_HUMAN,6GCI_A,1.4e-22,149.31,131.22,11.55,130.72
tr|J3KSJ3|J3KSJ3_HUMAN,4X3N_B,150.0,27.29,nan,nan,nan
tr|J3KSW6|J3KSW6_HUMAN,5YZG_Z,6.2e-46,356.07,111.95,75.85,97.53
tr|J3KT75|J3KT75_HUMAN,5XPD_A,0.0036,46.25,nan,nan,nan
tr|J3QL14|J3QL14_HUMAN,6XBW_d,7.9e-15,113.87,99.34,14.18,98.26
tr|J3QL45|J3QL45_HUMAN,2JDO_A,4e-24,136.32,71.98,12.86,70.99
tr|J3QLN5|J3QLN5_HUMAN,2Y1B_A,23.0,18.13,nan,nan,nan
tr|J3QLR8|J3QLR8_HUMAN,6NF8_b,1.1e-43,270.68,174.64,71.42,160.66
tr|J3QQL6|J3QQL6_HUMAN,6H3C_A,140.0,25.42,nan,nan,nan
tr|J3QR80|J3QR80_HUMAN,6IKN_A,7.3e-13,86.86,82.25,4.60,82.13
tr|J3QS09|J3QS09_HUMAN,4O7G_B,3.3e-26,169.17,164.91,5.22,164.82
tr|J9JIE4|J9JIE4_HUMAN,7D3F_D,1.2,41.54,nan,nan,nan
tr|J9JII2|J9JII2_HUMAN,2GYS_B,0.0021,44.26,nan,nan,nan
tr|K7EIP0|K7EIP0_HUMAN,2E0A_A,57.0,20.81,nan,nan,nan
tr|K7EJY9|K7EJY9_HUMAN,3AYG_A,17.0,27.23,nan,nan,nan
tr|K7EK92|K7EK92_HUMAN,2JYE_A,6.8e-07,53.45,50.20,2.32,50.15
tr|K7EKG6|K7EKG6_HUMAN,7CP9_I,9.4e-08,60.67,60.67,0.00,60.67
tr|K7EKU8|K7EKU8_HUMAN,2XKX_B,9.7e-34,230.97,84.08,35.54,79.17
tr|K7ELH7|K7ELH7_HUMAN,7NSC_D,6.8e-48,304.75,230.10,30.74,228.34
tr|K7ELX5|K7ELX5_HUMAN,7O4H_D,350.0,28.67,nan,nan,nan
tr|K7ELY1|K7ELY1_HUMAN,4D5P_A,28.0,28.24,nan,nan,nan
tr|K7ELZ8|K7ELZ8_HUMAN,6QDV_G,0.00061,40.99,nan,nan,nan
tr|K7EM99|K7EM99_HUMAN,5JXT_K,3.1,29.31,nan,nan,nan
tr|K7EMA3|K7EMA3_HUMAN,1QBK_B,1.2e-06,58.8,58.80,0.00,58.80
tr|K7EMI5|K7EMI5_HUMAN,7DSK_A,0.074,37.5,nan,nan,nan
tr|K7EMQ6|K7EMQ6_HUMAN,5XIX_D,1.5e-16,121.7,72.28,12.38,71.39
tr|K7ENP7|K7ENP7_HUMAN,7DYR_G,57.0,24.53,nan,nan,nan
tr|K7ENZ6|K7ENZ6_HUMAN,4JGN_A,67.0,24.6,nan,nan,nan
tr|K7EPB9|K7EPB9_HUMAN,2EFS_D,8.9e-17,110.18,82.00,24.22,78.34
tr|K7EPF4|K7EPF4_HUMAN,2IF4_A,3.3e-06,63.34,61.96,1.00,61.95
tr|K7EPL2|K7EPL2_HUMAN,6XOG_B,2.9e-55,390.68,152.27,89.80,132.03
tr|K7EPN1|K7EPN1_HUMAN,5XQI_B,1.4e-28,191.56,189.72,1.84,189.71
tr|K7EPV8|K7EPV8_HUMAN,7PPJ_A,4.7e-21,149.57,132.65,13.75,131.90
tr|K7EQC1|K7EQC1_HUMAN,6QNX_C,1.4e-10,93.09,60.69,10.53,59.82
tr|K7EQT7|K7EQT7_HUMAN,6XM1_C,170.0,26.81,nan,nan,nan
tr|K7ESB6|K7ESB6_HUMAN,3SV0_A,9.1e-35,252.49,118.02,14.07,117.32
tr|M0QWZ6|M0QWZ6_HUMAN,2QSV_A,5.5e-08,66.44,62.50,3.94,62.38
tr|M0QX76|M0QX76_HUMAN,3J7A_M,1.7e-10,68.35,57.72,3.89,57.60
tr|M0QXC2|M0QXC2_HUMAN,5YNR_A,0.00037,40.69,nan,nan,nan
tr|M0QXH3|M0QXH3_HUMAN,2B39_B,1e-08,93.91,84.41,10.65,83.62
tr|M0QXP7|M0QXP7_HUMAN,1NG0_C,250.0,24.18,nan,nan,nan
tr|M0QYL6|M0QYL6_HUMAN,5JCA_L,15.0,24.73,nan,nan,nan
tr|M0QYU7|M0QYU7_HUMAN,7F09_A,4.1e-12,73.9,59.37,10.42,58.41
tr|M0QZ95|M0QZ95_HUMAN,2RJ2_A,4.4e-19,116.17,112.45,4.07,112.38
tr|M0QZK8|M0QZK8_HUMAN,3CRY_B,1.3e-12,83.29,69.18,11.61,68.19
tr|M0QZR2|M0QZR2_HUMAN,5JXT_K,5.0,29.2,nan,nan,nan
tr|M0R055|M0R055_HUMAN,7DVQ_4,0.00048,58.23,nan,nan,nan
tr|M0R0L3|M0R0L3_HUMAN,7OKY_M,1.3e-08,94.04,78.54,10.26,77.86
tr|M0R0M0|M0R0M0_HUMAN,3GGH_A,310.0,19.72,nan,nan,nan
tr|M0R0Q5|M0R0Q5_HUMAN,7ELH_M,18.0,36.9,nan,nan,nan
tr|M0R0U8|M0R0U8_HUMAN,3R4D_C,2.2e-22,151.13,85.33,17.22,83.65
tr|M0R1A6|M0R1A6_HUMAN,5K1R_B,100.0,19.92,nan,nan,nan
tr|M0R1E7|M0R1E7_HUMAN,7DVQ_8,3.8e-33,237.18,99.06,69.35,83.32
tr|M0R216|M0R216_HUMAN,4NYI_S,530.0,22.02,nan,nan,nan
tr|Q05DJ0|Q05DJ0_HUMAN,6TED_Z,8.0,38.9,nan,nan,nan
tr|Q3MS94|Q3MS94_HUMAN,4XI2_A,1.5e-38,231.54,95.58,13.97,94.77
tr|Q5BQ99|Q5BQ99_HUMAN,6BQM_A,2.8e-10,78.75,66.70,6.50,66.34
tr|Q5JPT9|Q5JPT9_HUMAN,3EXE_A,5.1e-25,174.9,120.65,29.04,117.19
tr|Q5JXB8|Q5JXB8_HUMAN,6TEC_A,5.8e-22,168.08,162.86,7.38,162.69
tr|Q5TF55|Q5TF55_HUMAN,4E3X_A,4.2e-20,150.93,92.44,27.83,88.72
tr|Q5VU10|Q5VU10_HUMAN,6AHU_J,1.8e-30,192.14,128.61,53.05,116.29
tr|Q5VXA5|Q5VXA5_HUMAN,2QAS_A,70.0,25.86,nan,nan,nan
sp|Q6ZR03|YU004_HUMAN,5DA9_A,40.0,27.11,nan,nan,nan
sp|Q96M66|YP010_HUMAN,4QSG_A,170.0,24.34,nan,nan,nan
tr|R4GN09|R4GN09_HUMAN,1M0O_A,250.0,18.78,nan,nan,nan
tr|S4R2Z9|S4R2Z9_HUMAN,5LPI_D,3.1e-09,66.94,66.94,0.00,66.94
tr|S4R3A4|S4R3A4_HUMAN,6RZZ_s,7.3e-12,87.81,56.17,8.30,55.65
tr|S4R3F2|S4R3F2_HUMAN,6QNX_C,5.2e-08,86.63,49.16,9.07,48.45
tr|S4R3F7|S4R3F7_HUMAN,5B6B_G,37.0,15.65,nan,nan,nan
tr|U3KPR3|U3KPR3_HUMAN,5XTS_A,1000.0,12.47,nan,nan,nan
tr|U3KPV5|U3KPV5_HUMAN,2M4G_A,87.0,24.88,nan,nan,nan
tr|U3KQ37|U3KQ37_HUMAN,6AHD_v,6.2,32.82,nan,nan,nan
tr|U3KQB5|U3KQB5_HUMAN,4EGC_A,3.2,29.89,nan,nan,nan
tr|U3KQE4|U3KQE4_HUMAN,7NRC_A,2.1,48.34,nan,nan,nan
tr|U3KQF9|U3KQF9_HUMAN,7CCS_A,0.054,40.84,nan,nan,nan
tr|U3KQN3|U3KQN3_HUMAN,6Q2E_B,2.7e-09,80.05,77.71,2.18,77.68
tr|V9GYW3|V9GYW3_HUMAN,2YGW_B,4.1e-25,174.5,158.81,10.12,158.49
tr|V9GZ46|V9GZ46_HUMAN,6QNX_C,4.4e-65,499.15,80.68,46.67,73.95
tr|V9GZ65|V9GZ65_HUMAN,7PUA_IA,30.0,27.57,nan,nan,nan
tr|X6R507|X6R507_HUMAN,7D63_RD,0.00012,76.73,59.14,3.42,59.04
tr|X6RD31|X6RD31_HUMAN,6URQ_C,1.3e-06,57.6,57.60,0.00,57.60