query_id,best_hit,best_evalue,best_score,score_mean,score_std,score_gmean
sp|A8MTJ6|FOXI3_HUMAN,6FEC_w,8e-26,221.76,150.61,23.05,149.09
sp|O14494|PLPP1_HUMAN,5JWY_A,7.1e-09,80.9,71.25,7.44,70.87
sp|O14960|LECT2_HUMAN,5B0H_A,1.4e-10,67.08,67.08,0.00,67.08
sp|O15212|PFD6_HUMAN,3AEI_B,6.6e-12,82.84,58.86,8.30,58.37
sp|O15265|ATX7_HUMAN,7KTS_N,8.6e-238,1907.54,425.22,663.29,198.24
sp|O75038|PLCH2_HUMAN,4GNK_D,9.8e-121,1030.62,449.11,393.03,250.20
sp|O75084|FZD7_HUMAN,7EVW_R,6.4e-80,570.89,172.15,122.90,142.89
sp|O75317|UBP12_HUMAN,5K16_B,6.4e-57,332.81,255.31,30.71,253.48
sp|O75400|PR40A_HUMAN,7ABF_A4,3.6e-62,540.5,170.05,167.22,122.04
sp|O75509|TNR21_HUMAN,3U3S_A,3.6e-61,454.18,128.70,81.26,116.02
sp|O76013|KRT36_HUMAN,3TNU_A,2.8e-12,84.72,66.12,11.47,65.09
sp|O77932|DXO_HUMAN,6AIX_A,8.6e-59,398.35,346.46,29.06,345.30
sp|O94967|WDR47_HUMAN,7K36_G,8e-18,176.12,136.92,11.44,136.46
sp|O95562|SFT2B_HUMAN,6V4D_A,3.8,31.24,nan,nan,nan
sp|O95876|FRITZ_HUMAN,7KEK_E,39.0,36.14,nan,nan,nan
sp|P01833|PIGR_HUMAN,2OCW_A,1.4e-67,448.82,91.36,36.54,88.28
sp|P03905|NU4M_HUMAN,5XTH_r,1.5e-53,376.42,225.05,34.93,222.61
sp|P07199|CENPB_HUMAN,1UFI_A,2e-24,174.49,115.22,34.25,110.99
sp|P07585|PGS2_HUMAN,1XKU_A,2e-38,234.84,104.75,23.97,102.39
sp|P09210|GSTA2_HUMAN,6ATR_A,9.5e-24,140.29,91.58,12.70,90.72
sp|P0C7W6|CC172_HUMAN,7DL2_C,55.0,35.15,nan,nan,nan
sp|P0DI82|TPC2B_HUMAN,7KMT_K,2.6e-23,146.5,119.67,17.63,118.38
sp|P0DMS8|AA3R_HUMAN,5UEN_A,3.2e-34,217.8,174.25,24.61,172.04
sp|P11169|GTR3_HUMAN,4ZW9_A,1e-46,303.63,120.25,40.70,115.74
sp|P16104|H2AX_HUMAN,7N8N_D,2.7e-23,154.1,86.79,25.72,83.20
sp|P17643|TYRP1_HUMAN,5M8T_C,1.5e-104,732.69,201.40,121.07,186.27
sp|P20290|BTF3_HUMAN,6T59_NB,1.7e-55,349.64,159.54,101.81,131.39
sp|P20815|CP3A5_HUMAN,5VEU_C,2.3e-84,518.61,348.72,35.54,346.98
sp|P21953|ODBB_HUMAN,2BFD_B,4.7e-43,287.34,173.85,46.50,166.84
sp|P23378|GCSP_HUMAN,6I35_B,4.6e-116,880.45,97.94,77.70,91.09
sp|P24347|MMP11_HUMAN,1GXD_A,1.9e-55,411.87,138.26,74.06,124.82
sp|P27544|CERS1_HUMAN,4H3T_A,620.0,25.09,nan,nan,nan
sp|P30711|GSTT1_HUMAN,2C3N_C,1.2e-28,171.72,108.62,14.92,107.58
sp|P31947|1433S_HUMAN,7NFW_A,8.3e-55,339.55,307.43,17.16,306.96
sp|P32239|GASR_HUMAN,7BR3_A,2.3e-46,329.85,206.81,34.59,203.15
sp|P33240|CSTF2_HUMAN,7DVQ_4,3.8e-13,132.64,66.87,15.11,65.42
sp|P35558|PCKGC_HUMAN,4GMU_A,1.9e-130,970.7,622.66,336.97,511.36
sp|P38570|ITAE_HUMAN,4NEH_A,8.3e-80,660.06,139.69,120.86,111.63
sp|P47901|V1BR_HUMAN,7BR3_A,4.3e-34,250.9,178.66,28.27,175.68
sp|P48307|TFPI2_HUMAN,7V1N_K,1e-24,152.03,83.98,36.13,77.37
sp|P48745|CCN3_HUMAN,5NB8_C,3.2e-10,76.0,76.00,0.00,76.00
sp|P54845|NRL_HUMAN,2WT7_B,1.1e-13,94.44,79.48,10.47,78.80
sp|P55287|CAD11_HUMAN,1Q5C_B,6e-57,429.14,139.82,47.93,133.00
sp|P55289|CAD12_HUMAN,1Q5C_B,4.2e-56,423.26,143.51,47.71,136.67
sp|P60709|ACTB_HUMAN,6FML_J,1.5e-57,441.58,220.71,126.05,179.20
sp|P62906|RL10A_HUMAN,7O7Y_Bv,7.4e-33,203.51,166.57,30.30,163.28
sp|P78540|ARGI2_HUMAN,6SS2_AAA,7.2e-56,372.77,264.43,33.70,262.39
sp|P98172|EFNB1_HUMAN,6P7S_B,5.7e-36,230.61,181.60,29.00,179.31
sp|Q00978|IRF9_HUMAN,2O61_A,1.6e-19,164.99,150.35,8.02,150.13
sp|Q02218|ODO1_HUMAN,6VEF_A,4.2e-141,1110.42,382.92,401.27,229.14
sp|Q0PNE2|ELP6_HUMAN,4A8J_F,2.7e-30,210.65,148.64,61.14,135.47
sp|Q0VAQ4|SMAGP_HUMAN,7E5N_B,0.79,35.6,nan,nan,nan
sp|Q12974|TP4A2_HUMAN,1R6H_A,1.7e-25,153.55,68.87,15.22,67.62
sp|Q13469|NFAC2_HUMAN,1P7H_N,1.8e-47,357.99,183.72,64.98,172.80
sp|Q13641|TPBG_HUMAN,4CNM_A,8.6e-26,172.0,86.13,19.25,84.23
sp|Q14190|SIM2_HUMAN,5SY7_B,1.8e-29,209.8,114.27,41.46,106.49
sp|Q14332|FZD2_HUMAN,7EVW_R,2.9e-72,519.04,176.07,121.78,147.06
sp|Q14839|CHD4_HUMAN,6RYU_W,0.0,4074.72,206.34,240.08,168.06
sp|Q14865|ARI5B_HUMAN,6L87_A,6.9e-13,125.73,96.12,11.23,95.50
sp|Q15036|SNX17_HUMAN,4GXB_A,7.6e-30,209.7,79.00,28.54,75.94
sp|Q15256|PTPRR_HUMAN,1JLN_A,1.2e-53,349.36,196.04,71.85,178.19
sp|Q15435|PP1R7_HUMAN,6HKW_D,1.1e-41,264.51,107.04,18.13,105.87
sp|Q16671|AMHR2_HUMAN,6SEQ_A,5.3e-21,211.95,150.70,14.37,150.08
sp|Q3T906|GNPTA_HUMAN,7DXI_B,4.2e-75,623.79,164.77,145.31,137.98
sp|Q5BJD5|TM41B_HUMAN,2PFD_B,120.0,30.75,nan,nan,nan
sp|Q5RL73|RBM48_HUMAN,7DVQ_I,3e-93,656.63,656.63,0.00,656.63
tr|Q5T9B7|Q5T9B7_HUMAN,3L0S_C,3e-37,229.8,96.84,25.97,93.89
sp|Q5TCY1|TTBK1_HUMAN,4BTK_A,1.2e-36,262.07,148.58,16.63,147.80
sp|Q5VTY9|HHAT_HUMAN,7MHZ_A,1.7e-74,519.01,238.70,140.45,210.83
sp|Q5VU43|MYOME_HUMAN,6X0V_H,2.9e-172,1583.59,583.64,707.07,222.98
sp|Q5VV43|K0319_HUMAN,6NZ0_Z,7.8e-17,129.25,89.64,15.08,88.55
sp|Q68G75|LEMD1_HUMAN,7NDY_G,5e-06,68.45,58.10,6.58,57.73
sp|Q6NUJ2|CK087_HUMAN,6C13_A,0.0017,51.96,nan,nan,nan
sp|Q6ZUM4|RHG27_HUMAN,1XA6_A,1.9e-25,208.64,160.00,24.01,158.07
sp|Q7Z4H4|ADM2_HUMAN,6UVA_P,4e-13,86.82,86.03,0.79,86.03
sp|Q7Z6E9|RBBP6_HUMAN,6I1D_B,4.4e-23,198.03,116.78,46.64,107.72
sp|Q7Z6J9|SEN54_HUMAN,4FZ2_A,6.6e-13,124.26,86.80,20.82,84.54
sp|Q7Z7H5|TMED4_HUMAN,7RRM_A,1.1e-13,97.94,90.83,6.11,90.61
sp|Q86UP3|ZFHX4_HUMAN,6QNX_C,7e-19,213.06,90.00,30.00,86.67
sp|Q86V20|SHLD2_HUMAN,6WWA_Y,9.8e-14,123.04,106.04,17.00,104.67
sp|Q8IUG1|KRA13_HUMAN,4M3O_B,360.0,21.31,nan,nan,nan
sp|Q8IWT3|CUL9_HUMAN,4KBL_A,2.9e-40,363.25,190.42,68.93,178.58
sp|Q8N144|CXD3_HUMAN,7JJP_D,2.4e-50,374.36,320.74,36.97,318.62
sp|Q8N3J6|CADM2_HUMAN,5ZO2_C,1.7e-28,176.5,111.03,23.09,108.73
sp|Q8N5Z5|KCD17_HUMAN,3DRY_C,5.3e-46,290.72,89.75,50.52,82.00
sp|Q8N6R1|SERP2_HUMAN,6M17_D,54.0,26.48,nan,nan,nan
sp|Q8NCL4|GALT6_HUMAN,6S24_A,3.9e-133,946.86,171.35,178.05,129.35
sp|Q8NFA2|NOXO1_HUMAN,2DYB_B,1e-08,81.09,76.16,6.97,75.83
sp|Q8NG50|RDM1_HUMAN,1H2I_O,0.072,44.86,nan,nan,nan
sp|Q8TAP8|PPR35_HUMAN,7BUJ_B,110.0,28.71,nan,nan,nan
sp|Q8TE99|PXYP1_HUMAN,4JOD_A,2.7e-32,228.8,198.04,11.35,197.73
sp|Q8WWR8|NEUR4_HUMAN,1SO7_A,1.7e-15,119.46,85.03,13.43,84.11
sp|Q8WYB5|KAT6B_HUMAN,7CMR_A,3.7e-71,610.55,262.51,223.32,180.78
sp|Q92753|RORB_HUMAN,3E00_D,1.1e-48,321.93,128.93,54.87,118.10
sp|Q92904|DAZL_HUMAN,7DVQ_4,3.4e-09,97.74,63.39,12.47,62.25
sp|Q96A32|MYL11_HUMAN,5T9R_G,8.2e-13,140.1,68.50,9.46,67.91
sp|Q96BF3|TMIG2_HUMAN,6X4G_A,9.5e-08,65.76,61.25,3.81,61.13
sp|Q96BT7|ALKB8_HUMAN,3THT_B,2.7e-38,273.06,84.63,15.45,83.66
sp|Q96C03|MID49_HUMAN,5WP9_J,1.3e-30,217.78,126.26,45.76,118.89
sp|Q96C23|GALM_HUMAN,1LUR_A,6e-44,294.71,194.22,72.17,179.48
sp|Q96C45|ULK4_HUMAN,6U5L_A,1.1e-42,279.85,189.22,11.84,188.87
sp|Q96EL3|RM53_HUMAN,7OF0_k,3.6e-19,113.57,71.56,15.63,70.17
sp|Q96H20|SNF8_HUMAN,3CUQ_A,7.1e-52,330.41,261.75,59.26,254.71
sp|Q96MV8|ZDH15_HUMAN,6BMS_D,2.9e-58,370.93,309.29,36.46,307.28
sp|Q96MX0|CKLF3_HUMAN,6OCE_B,59.0,30.81,nan,nan,nan
sp|Q96RT1|ERBIN_HUMAN,6NZW_D,6.2e-26,250.6,171.95,30.25,169.23
sp|Q96S37|S22AC_HUMAN,7SP5_B,8.8e-21,156.69,106.68,15.10,105.68
sp|Q99674|CGRE1_HUMAN,4YGE_F,0.035,41.32,nan,nan,nan
sp|Q99788|CML1_HUMAN,7BR3_A,1.8e-31,230.85,181.60,29.11,178.47
sp|Q9BRT9|SLD5_HUMAN,7PLO_G,2.6e-43,277.66,156.74,46.67,150.38
sp|Q9BT88|SYT11_HUMAN,1DQV_A,8.8e-27,172.94,75.99,30.06,71.71
sp|Q9BXN1|ASPN_HUMAN,2FT3_F,8e-30,189.92,90.95,20.72,88.90
sp|Q9BYX2|TBD2A_HUMAN,4P17_B,2.2e-35,254.54,185.23,41.68,178.41
sp|Q9BZZ5|API5_HUMAN,3U0R_A,7.8e-128,920.92,869.45,51.46,867.93
sp|Q9GZU8|PIP30_HUMAN,5YZG_Y,10.0,35.47,nan,nan,nan
sp|Q9GZW8|MS4A7_HUMAN,6Y92_B,2.1e-15,111.4,106.14,5.27,106.00
sp|Q9H0A8|COMD4_HUMAN,6BP6_B,5.3e-07,58.74,58.74,0.00,58.74
sp|Q9H0B8|CRLD2_HUMAN,3NT8_A,5.8e-23,172.47,142.10,22.18,140.20
sp|Q9H0C5|BTBD1_HUMAN,6WCQ_C,1.6e-24,189.65,93.44,35.46,88.01
sp|Q9H1P6|CMIP1_HUMAN,5C6M_A,170.0,23.06,nan,nan,nan
sp|Q9H254|SPTN4_HUMAN,4D1E_A,3.4e-57,484.93,150.99,91.11,132.23
sp|Q9H2W2|MIXL1_HUMAN,6T90_K,2.3e-06,80.22,65.73,10.99,64.78
sp|Q9H5Q4|TFB2M_HUMAN,6ERQ_J,1e-51,359.18,140.14,81.23,123.85
sp|Q9H6R3|ACSS3_HUMAN,7MMZ_A,1.4e-70,495.88,246.39,62.06,238.63
sp|Q9HAV5|TNR27_HUMAN,7RFP_A,4.3e-11,108.96,69.55,9.76,68.94
sp|Q9HCE7|SMUF1_HUMAN,7BII_B,1.2e-60,549.17,314.52,132.46,275.89
sp|Q9HD23|MRS2_HUMAN,3RKG_A,3e-29,216.09,216.09,0.00,216.09
sp|Q9NRS6|SNX15_HUMAN,6MBI_A,8.5e-11,75.22,70.57,4.66,70.42
sp|Q9NRY4|RHG35_HUMAN,3FK2_C,2.5e-29,224.98,133.23,45.58,124.17
sp|Q9NVM4|ANM7_HUMAN,4C4A_A,2e-106,772.7,222.29,189.19,176.64
sp|Q9NWS1|PARI_HUMAN,4P1M_B,58.0,28.13,nan,nan,nan
sp|Q9NYQ8|FAT2_HUMAN,4AK1_A,2.5e-37,347.19,163.43,50.47,156.19
sp|Q9P258|RCC2_HUMAN,5GWN_A,2e-47,298.91,146.24,48.01,139.55
sp|Q9P2K5|MYEF2_HUMAN,3VF0_B,1.3e-20,159.29,87.01,26.84,83.18
sp|Q9P2K8|E2AK4_HUMAN,7QQ6_B,1e-49,340.7,189.16,18.90,188.36
sp|Q9UG56|PISD_HUMAN,7CNW_C,3.4e-39,271.93,271.93,0.00,271.93
sp|Q9UI30|TR112_HUMAN,2J6A_A,5.3e-36,211.75,195.30,13.26,194.84
sp|Q9UIV8|SPB13_HUMAN,1JMO_A,1.8e-53,381.17,313.34,27.69,312.07
sp|Q9UJX3|APC7_HUMAN,4UI9_Y,1e-40,277.57,96.51,22.05,94.70
sp|Q9ULF5|S39AA_HUMAN,5TSA_A,8.5e-18,157.27,157.27,0.00,157.27
sp|Q9UPW5|CBPC1_HUMAN,3L2N_B,4.3e-40,317.39,122.98,67.90,111.95
sp|Q9Y2G5|OFUT2_HUMAN,5FOE_B,5.2e-72,484.14,175.55,125.18,145.18
sp|Q9Y6F9|WNT6_HUMAN,7DRT_A,9.3e-73,491.43,441.77,61.80,436.61
sp|Q9Y6P5|SESN1_HUMAN,5CUF_D,1.1e-100,722.35,206.44,254.42,120.02
sp|Q9Y6Y8|S23IP_HUMAN,6X9O_A,49.0,46.03,nan,nan,nan
tr|A0A0C4DG17|A0A0C4DG17_HUMAN,5VYC_A5,4.5e-100,640.33,314.58,153.20,280.53
sp|O71037|ENK19_HUMAN,6MAR_D,1.2e-09,101.01,101.01,0.00,101.01
sp|P01733|TVBL3_HUMAN,6HDC_A,3.1e-09,75.37,50.25,7.46,49.76
sp|P0CG38|POTEI_HUMAN,6HTS_H,3.8e-50,425.36,160.53,65.32,151.22
sp|P58557|YBEY_HUMAN,1OZ9_A,4.3e-27,165.98,157.17,5.97,157.06
sp|P61565|ENK21_HUMAN,6MAR_D,4.9e-10,103.39,103.39,0.00,103.39
sp|P82933|RT09_HUMAN,6ZM6_AG,2.7e-132,924.39,263.01,170.92,233.06
sp|Q2M3G4|SHRM1_HUMAN,5F4Y_A,2.6e-20,167.7,163.03,3.76,162.98
sp|Q2TAC6|KIF19_HUMAN,5MM7_K,8.6e-56,425.14,312.00,46.44,308.35
sp|Q3SY17|S2552_HUMAN,6GCI_A,1e-23,165.57,140.97,11.39,140.54
sp|Q4G0A6|MINY4_HUMAN,5JQS_A,130.0,31.39,nan,nan,nan
sp|Q6A555|TXND8_HUMAN,3QDN_A,2.1e-12,86.29,58.97,5.96,58.67
sp|Q6IFH4|OR6B2_HUMAN,7JOZ_R,1.8e-23,172.88,134.56,15.33,133.50
sp|Q6IPT4|NB5R5_HUMAN,4P6V_F,5.6e-27,194.94,121.77,24.14,119.25
sp|Q6PEY0|CXB7_HUMAN,7JJP_D,3.4e-51,368.35,323.11,31.56,321.56
sp|Q6UXX5|ITIH6_HUMAN,6FPZ_B,3.2e-64,516.64,88.81,72.24,80.05
sp|Q7Z3V4|UBE3B_HUMAN,7MOP_A,4.1e-41,414.17,240.81,88.91,217.93
sp|Q86SH2|ZAR1_HUMAN,2FIY_A,3.1,39.34,nan,nan,nan
sp|Q8TBZ5|ZN502_HUMAN,6QNX_C,6.8e-54,431.75,99.49,54.91,88.77
sp|Q96LA9|MRGX4_HUMAN,7S8O_R,2.1e-29,200.6,127.85,14.82,126.83
sp|Q96LL3|FIMP_HUMAN,1V8D_C,27.0,30.47,nan,nan,nan
sp|Q9BQS6|HSPB9_HUMAN,7BZY_12,0.0093,45.46,nan,nan,nan
sp|Q9BY21|GPR87_HUMAN,4PXZ_A,1.2e-32,212.81,156.50,21.87,154.54
sp|Q9BZ76|CNTP3_HUMAN,3POY_A,4.5e-42,342.32,107.54,56.28,97.37
sp|Q9H158|PCDC1_HUMAN,5SZP_A,1.6e-39,294.63,138.83,49.38,130.81
sp|Q9P2E7|PCD10_HUMAN,6VG4_A,4.6e-47,351.13,159.39,59.25,149.41
sp|A0A0B4J248|TVA11_HUMAN,6HDC_A,2.6e-09,74.98,47.91,5.68,47.60
sp|A0A0B4J2H0|HV69D_HUMAN,3N44_F,3.9e-13,106.66,56.31,7.61,55.84
tr|A0A0G2JJM1|A0A0G2JJM1_HUMAN,1OQY_A,0.0036,59.25,nan,nan,nan
tr|A0A2U3TZI3|A0A2U3TZI3_HUMAN,6A69_A,8e-268,2209.24,456.33,359.76,307.58
tr|A0A669KA36|A0A669KA36_HUMAN,3J09_A,2.1e-83,665.23,191.47,151.52,141.33
tr|A0A804F6T5|A0A804F6T5_HUMAN,6DU6_C,5.6e-113,818.2,587.60,182.48,519.59
tr|B4E1E0|B4E1E0_HUMAN,7MIP_G,1.4e-49,347.34,115.67,66.86,102.15
tr|B4E1Z4|B4E1Z4_HUMAN,3HRZ_D,2.1e-79,591.26,125.85,55.74,120.17
tr|B7Z7U4|B7Z7U4_HUMAN,6JK8_B,1.5e-25,230.48,142.31,14.45,141.66
tr|C9JWG1|C9JWG1_HUMAN,6VK0_D,470.0,22.37,nan,nan,nan
tr|F5H875|F5H875_HUMAN,6ZH3_A,2e-12,97.5,84.49,9.50,83.93
tr|H0Y3C5|H0Y3C5_HUMAN,5H0B_A,2.9e-88,556.66,228.05,44.01,225.15
tr|H0Y9Q6|H0Y9Q6_HUMAN,6YAI_N,3.2e-17,117.0,93.33,23.00,90.32
tr|H0YH81|H0YH81_HUMAN,5D80_b,3.2e-46,349.94,301.84,39.53,298.61
tr|H3BV55|H3BV55_HUMAN,7O1B_B,3e-17,111.02,95.60,13.64,94.43
sp|I1YAP6|TRI77_HUMAN,4CFG_B,1.3e-22,169.77,95.16,30.40,91.20
sp|O14604|TYB4Y_HUMAN,4PL7_B,1.6e-11,74.13,67.52,7.28,67.09
sp|P0DP04|HV43D_HUMAN,3N44_F,6.8e-15,116.62,62.34,8.80,61.79
sp|Q16559|TAL2_HUMAN,2LFH_A,7.2e-10,69.42,54.03,11.25,52.87
sp|Q17R55|F187B_HUMAN,3OL2_A,2.4,41.32,nan,nan,nan
sp|Q2VY69|ZN284_HUMAN,6QNX_C,1.1e-48,397.64,96.72,50.41,87.39
sp|Q5HYR2|DMRTC_HUMAN,6PBY_A,270.0,25.27,nan,nan,nan
tr|Q5VUC6|Q5VUC6_HUMAN,1RXT_C,1.8e-93,654.24,415.24,102.70,404.34
sp|Q6NT04|TIGD7_HUMAN,1IUF_A,4.4e-11,83.49,76.86,6.63,76.57
sp|Q6PJE2|POZP3_HUMAN,3NK4_B,8.6e-07,62.05,62.05,0.00,62.05
sp|Q8N162|OR8H2_HUMAN,7EIB_A,4.6e-21,164.24,130.31,17.75,128.83
sp|Q8NG83|OR2M3_HUMAN,7BVQ_B,6e-26,184.57,145.71,22.00,143.56
sp|Q8NGE9|OR9Q2_HUMAN,7BVQ_B,3.3e-26,186.17,144.47,19.26,142.90
sp|Q8NGN4|O10G9_HUMAN,7JOZ_R,5.5e-27,193.44,151.34,21.99,149.30
sp|Q8NGY6|OR6N2_HUMAN,7JOZ_R,7.3e-24,175.54,136.06,18.10,134.58
sp|Q8NH70|O4A16_HUMAN,6WWZ_R,4.9e-20,150.89,120.58,14.83,119.50
sp|Q8NHU0|CT453_HUMAN,7PKS_f,2.1e-13,124.22,104.25,19.98,102.31
sp|Q8WUH6|TM263_HUMAN,2VO1_A,100.0,24.18,nan,nan,nan
sp|Q96DD0|LRC39_HUMAN,6NZW_D,5.8e-18,161.74,120.26,13.03,119.56
sp|Q96E66|LRC51_HUMAN,4WWU_H,1e-07,81.73,71.11,9.07,70.47
sp|Q9GZM3|RPB1B_HUMAN,5FMF_K,7.7e-25,137.95,120.30,12.61,119.66
sp|Q9GZP1|NRSN2_HUMAN,7DDQ_X,2.0,33.71,nan,nan,nan
sp|Q9H7J1|PPR3E_HUMAN,2EEF_A,8.3e-17,125.67,109.06,18.95,107.13
sp|Q9H939|PPIP2_HUMAN,5C1F_B,8.9e-30,195.69,175.11,12.25,174.67
sp|Q9Y426|C2CD2_HUMAN,5TOD_D,4.1e-29,221.05,221.05,0.00,221.05
tr|A0A087WT99|A0A087WT99_HUMAN,1XCR_A,1.4e-84,557.67,557.67,0.00,557.67
tr|A0A087WVT6|A0A087WVT6_HUMAN,6TYD_A,1.9e-17,113.06,104.36,7.62,104.08
tr|A0A087WY02|A0A087WY02_HUMAN,7BVQ_B,2.2e-24,175.64,135.41,18.88,133.77
tr|A0A087WY31|A0A087WY31_HUMAN,4RCJ_A,1.5e-33,235.96,162.17,18.56,161.24
tr|A0A0A0MRF4|A0A0A0MRF4_HUMAN,7OF0_Q,1.3e-46,315.07,91.61,68.82,78.84
tr|A0A0A0MRN1|A0A0A0MRN1_HUMAN,3HTX_D,1.5e-21,202.2,122.26,52.76,111.40
tr|A0A0A0MSA4|A0A0A0MSA4_HUMAN,6D21_A,3.2e-27,214.27,112.56,34.95,108.24
tr|A0A0C4DGC9|A0A0C4DGC9_HUMAN,6JK8_B,1.2e-28,240.31,189.16,11.88,188.79
tr|A0A0D9SG51|A0A0D9SG51_HUMAN,6VLT_F,4.6e-34,214.89,134.03,22.02,132.40
tr|A0A0U1RRB6|A0A0U1RRB6_HUMAN,6VKL_F,5.3e-112,899.46,678.01,221.45,640.83
tr|A0A1B0GU12|A0A1B0GU12_HUMAN,6VQH_p,2.6e-53,354.05,349.42,4.63,349.39
tr|A0A1B0GU30|A0A1B0GU30_HUMAN,7PBZ_C,7.1e-35,226.84,162.00,47.44,153.25
sp|A0A1B0GUA7|TEX51_HUMAN,6X62_AX,27.0,35.01,nan,nan,nan
sp|A0A1B0GW64|SIM33_HUMAN,5Z0V_A,12.0,27.36,nan,nan,nan
tr|A0A1C7CYZ0|A0A1C7CYZ0_HUMAN,6PCV_A,2.4e-17,187.44,137.84,26.93,134.79
sp|A0A1W2PQC6|S72L4_HUMAN,3P9Y_B,3.7e-75,469.51,457.56,9.30,457.47
tr|A0A1W2PQM1|A0A1W2PQM1_HUMAN,1NKR_A,4.4e-17,105.48,78.71,12.70,77.69
tr|A0A1W2PQS8|A0A1W2PQS8_HUMAN,6AT5_A,1.5e-52,323.3,192.44,84.30,167.59
tr|A0A1X7SBT4|A0A1X7SBT4_HUMAN,6IDF_B,120.0,30.29,nan,nan,nan
tr|A0A2C9F2M8|A0A2C9F2M8_HUMAN,7JOZ_R,1.7e-25,185.41,149.70,21.04,147.80
tr|A0A2R8Y523|A0A2R8Y523_HUMAN,6LTJ_I,7.8e-133,1090.01,144.49,131.53,118.45
tr|A0A2R8Y526|A0A2R8Y526_HUMAN,6LTJ_I,5.6e-178,1485.6,209.43,171.46,173.76
tr|A0A2R8Y765|A0A2R8Y765_HUMAN,6LTJ_Q,1.8e-57,394.26,394.26,0.00,394.26
tr|A0A2R8Y7G1|A0A2R8Y7G1_HUMAN,5NJ8_C,2.8e-29,212.55,125.58,31.97,122.15
tr|A0A2R8YCH5|A0A2R8YCH5_HUMAN,2Z6G_A,4.1e-105,768.96,143.69,101.95,128.58
tr|A0A3B3ISL5|A0A3B3ISL5_HUMAN,6SEQ_A,1.9e-301,2590.37,186.70,109.19,182.05
tr|A0A3B3ITS3|A0A3B3ITS3_HUMAN,4AH6_B,4e-61,448.2,219.29,69.42,204.98
tr|A0A3B3IU66|A0A3B3IU66_HUMAN,6J4Z_W,0.0014,74.42,nan,nan,nan
tr|A0A494C0Z0|A0A494C0Z0_HUMAN,1F6F_A,5.8e-37,226.53,192.95,16.97,192.26
tr|A0A590UJ74|A0A590UJ74_HUMAN,4N78_D,6.8e-55,401.52,344.30,57.22,339.51
tr|A0A590UK38|A0A590UK38_HUMAN,7DCO_A,2000.0,27.6,nan,nan,nan
tr|A0A5F9ZHA5|A0A5F9ZHA5_HUMAN,1XDT_R,7.2e-08,64.39,56.37,6.13,56.02
tr|A0A5F9ZI08|A0A5F9ZI08_HUMAN,4RLV_A,1.9e-111,854.14,290.54,125.40,272.42
tr|A0A669KBH0|A0A669KBH0_HUMAN,6LTJ_L,2.9e-10,120.28,92.09,9.84,91.60
tr|A0A6Q8PG32|A0A6Q8PG32_HUMAN,6FUL_A,2.2e-111,883.35,112.72,104.00,98.22
tr|A0A6Q8PGJ3|A0A6Q8PGJ3_HUMAN,5MM7_K,9.8e-62,467.98,327.18,70.83,315.00
tr|A0A6Q8PGN9|A0A6Q8PGN9_HUMAN,4YKN_A,3e-87,686.96,418.19,168.77,375.35
tr|A0A6Q8PHR1|A0A6Q8PHR1_HUMAN,4RWN_A,1.7e-33,233.17,121.20,52.21,112.33
tr|A0A7I2V398|A0A7I2V398_HUMAN,6TF9_SP1,120.0,38.75,nan,nan,nan
tr|A0A7I2V445|A0A7I2V445_HUMAN,6P2R_A,6.1e-70,550.44,242.00,201.23,173.67
tr|A0A7I2YQL8|A0A7I2YQL8_HUMAN,5FFO_D,1.9e-40,273.17,161.98,67.66,148.77
tr|A0A7P0T870|A0A7P0T870_HUMAN,2HYE_A,3.1e-121,939.77,690.04,168.69,660.93
tr|A0A7P0T9K2|A0A7P0T9K2_HUMAN,5NUG_B,0.0,4639.34,780.54,1223.24,271.47
tr|A0A7P0T9R4|A0A7P0T9R4_HUMAN,5NUG_B,0.0,5396.96,898.84,1440.44,285.32
tr|A0A7P0TA68|A0A7P0TA68_HUMAN,4UUY_B,67.0,30.28,nan,nan,nan
tr|A0A7P0TBE6|A0A7P0TBE6_HUMAN,5X89_A,7.1e-16,139.19,122.22,13.51,121.43
tr|A0A804HHV6|A0A804HHV6_HUMAN,5JP2_A,4.5e-37,268.96,147.57,80.81,127.48
tr|A0A804HJV1|A0A804HJV1_HUMAN,6FUL_A,1e-105,844.51,117.06,102.02,102.89
tr|A0A8I5KP17|A0A8I5KP17_HUMAN,6TB4_K,2.6e-26,189.58,162.08,40.16,154.90
tr|A0A8I5KQR8|A0A8I5KQR8_HUMAN,5V9T_B,5.5e-141,1136.64,351.59,277.07,255.00
tr|A0A8I5KU67|A0A8I5KU67_HUMAN,7ADO_C,2.1e-46,299.09,277.55,30.46,275.78
tr|A0A8I5KUU7|A0A8I5KUU7_HUMAN,6QX9_5X,2.2e-43,346.77,204.98,60.06,193.72
tr|A0A8Q3WKZ9|A0A8Q3WKZ9_HUMAN,3IAR_A,7.3e-41,277.25,202.32,40.81,196.35
tr|A0A8V8TN28|A0A8V8TN28_HUMAN,4ZRP_A,4.2e-40,285.58,209.15,66.87,193.07
tr|A0A8V8TPP7|A0A8V8TPP7_HUMAN,1GXZ_A,7.8e-21,151.78,151.78,0.00,151.78
tr|A0A8V8TQ76|A0A8V8TQ76_HUMAN,6QX9_5X,1.4e-110,807.54,144.49,58.92,138.81
tr|A0A994J428|A0A994J428_HUMAN,1QHA_A,3.9e-71,531.37,278.57,115.18,253.77
tr|A6NNM2|A6NNM2_HUMAN,1Y0K_A,38.0,27.97,nan,nan,nan
tr|A6PVH4|A6PVH4_HUMAN,3BXD_A,7.7e-84,558.76,522.61,25.56,522.00
tr|B0YIW6|B0YIW6_HUMAN,5NZV_D,1.1e-64,465.04,184.48,86.11,171.47
tr|B4DJ81|B4DJ81_HUMAN,7A23_C,3.6e-127,943.97,257.21,200.29,210.27
tr|B4DTF9|B4DTF9_HUMAN,6WCJ_B,2.1e-15,116.54,108.40,10.88,107.83
tr|B4DTW4|B4DTW4_HUMAN,6P2R_A,9.8e-77,608.03,193.41,172.83,147.46
tr|B5MDW0|B5MDW0_HUMAN,6VGG_A,1.2e-31,203.42,114.54,28.53,111.23
tr|B8ZZX6|B8ZZX6_HUMAN,6HCY_B,5.6e-46,325.02,107.77,64.46,96.65
tr|C9J296|C9J296_HUMAN,4AQS_A,1.3e-104,718.18,324.26,186.32,254.56
tr|C9J8U2|C9J8U2_HUMAN,4YUB_B,8.9e-77,555.98,193.60,120.76,161.21
tr|C9JB29|C9JB29_HUMAN,3J9K_L,2.3e-37,264.79,124.77,47.81,115.25
tr|C9JE82|C9JE82_HUMAN,6JPA_F,1.4e-144,1163.15,91.78,137.48,77.06
tr|C9JUL4|C9JUL4_HUMAN,6HIX_BK,6.4e-16,130.71,77.07,23.13,73.88
tr|C9JVP0|C9JVP0_HUMAN,6FEC_w,3.8e-23,200.87,142.97,17.05,142.12
tr|C9JYR8|C9JYR8_HUMAN,1JZS_A,6e-12,98.69,76.51,11.12,75.75
tr|D6RAC2|D6RAC2_HUMAN,7O7Y_AF,2.9e-40,230.22,153.50,14.54,152.83
tr|D6RBR5|D6RBR5_HUMAN,6Y7F_B,4.5e-18,118.13,118.13,0.00,118.13
tr|D6RCA8|D6RCA8_HUMAN,1M9I_A,5.5e-24,162.71,134.07,15.45,132.80
tr|D6RF63|D6RF63_HUMAN,7ANE_Av,48.0,25.92,nan,nan,nan
tr|D6RFE8|D6RFE8_HUMAN,5TJ3_A,2e-11,114.52,92.77,8.24,92.41
tr|E5RGZ1|E5RGZ1_HUMAN,4K25_A,3.3e-05,60.52,nan,nan,nan
tr|E7ENL9|E7ENL9_HUMAN,4RAF_A,4e-05,54.77,nan,nan,nan
tr|E7EP60|E7EP60_HUMAN,4IRZ_A,6e-79,561.11,371.46,151.37,323.78
tr|E7EUV9|E7EUV9_HUMAN,4QOZ_C,7.7e-33,216.83,158.06,48.23,148.13
tr|E9PCA1|E9PCA1_HUMAN,4V8R_Be,3e-70,485.61,389.18,70.82,379.12
tr|E9PE72|E9PE72_HUMAN,6WFJ_BcB,3.4e-80,585.72,208.46,136.55,170.28
tr|E9PI09|E9PI09_HUMAN,6W2L_A,7.2e-48,311.13,182.78,35.88,179.43
tr|E9PK73|E9PK73_HUMAN,4YXD_D,6.2e-29,182.28,182.28,0.00,182.28
tr|E9PQC4|E9PQC4_HUMAN,2VE7_D,2.8e-24,180.47,170.75,9.72,170.48
tr|F1DAL7|F1DAL7_HUMAN,3E00_A,4.7e-53,362.36,142.03,60.50,129.51
tr|F5H5F3|F5H5F3_HUMAN,6O7T_a,8.5e-38,296.06,230.34,63.07,219.88
tr|F5H895|F5H895_HUMAN,6EZN_B,8.7e-08,64.54,63.69,0.85,63.68
tr|F6TRA5|F6TRA5_HUMAN,7APK_h,4.6e-39,243.7,121.69,24.40,119.44
tr|F8W1F4|F8W1F4_HUMAN,1YRB_B,3.8e-09,72.0,65.78,6.23,65.48
tr|F8W9W3|F8W9W3_HUMAN,7OP8_A,1.2e-09,93.02,92.23,0.56,92.22
tr|F8WB72|F8WB72_HUMAN,6XU8_Cf,1.7e-16,105.42,90.62,7.51,90.30
tr|F8WE11|F8WE11_HUMAN,3FHC_B,0.00023,45.99,nan,nan,nan
tr|G3V1A9|G3V1A9_HUMAN,5ME3_A,2e-25,243.63,148.75,56.43,137.97
tr|G3V4N7|G3V4N7_HUMAN,1QH4_C,3.2e-50,329.24,260.24,75.83,241.75
tr|G3V4S9|G3V4S9_HUMAN,6L4H_A,3.5e-25,168.89,68.40,13.52,67.51
tr|G3V5E1|G3V5E1_HUMAN,6GZH_B,2.7e-31,259.12,149.80,42.86,143.84
tr|H0Y4P9|H0Y4P9_HUMAN,5M6U_B,1.7e-18,160.0,124.67,16.19,123.64
tr|H0Y5K5|H0Y5K5_HUMAN,3ZLC_B,3.9e-48,324.56,324.56,0.00,324.56
tr|H0Y922|H0Y922_HUMAN,4XZS_A,4.5,30.65,nan,nan,nan
tr|H0YEN4|H0YEN4_HUMAN,7VCI_F,3.7e-163,1381.59,410.28,394.81,290.28
tr|H0YHS6|H0YHS6_HUMAN,3TS1_A,4.8e-52,352.48,193.80,69.56,183.50
tr|H0YJH6|H0YJH6_HUMAN,4Y5U_A,1.2e-108,846.89,377.08,240.57,290.64
tr|H0YKC9|H0YKC9_HUMAN,1X2M_A,4.1e-05,45.73,nan,nan,nan
sp|H0YKK7|GG6LS_HUMAN,6K06_A,3.5e-11,84.89,82.69,2.20,82.66
sp|H3BQL2|GOG8T_HUMAN,6K06_A,1.1e-08,73.59,71.31,2.27,71.28
tr|H3BR34|H3BR34_HUMAN,4MT2_A,1.1e-13,86.31,84.29,2.02,84.27
tr|H3BSF1|H3BSF1_HUMAN,4MT2_A,5.1e-19,100.49,82.63,10.37,82.04
tr|H7BYJ3|H7BYJ3_HUMAN,6SO3_B,5e-13,160.59,117.42,23.12,115.31
tr|H7C4Y1|H7C4Y1_HUMAN,2E5S_A,1.2e-10,70.95,58.30,7.27,57.87
tr|H7C5E9|H7C5E9_HUMAN,3VIQ_B,6.9e-25,147.97,147.97,0.00,147.97
tr|I3L4K6|I3L4K6_HUMAN,5LSJ_C,2.8e-22,142.01,116.57,20.17,114.83
sp|I6L899|GOG8R_HUMAN,6K06_A,1.1e-08,73.49,71.12,2.37,71.08
tr|J3KQA0|J3KQA0_HUMAN,5W5C_F,1.6e-38,227.33,90.55,36.81,85.24
tr|J3KQU7|J3KQU7_HUMAN,7EIB_A,9.6e-20,158.45,131.80,13.09,131.01
tr|J3QL89|J3QL89_HUMAN,6JMU_B,7.3e-22,140.32,138.19,2.13,138.17
tr|J3QRV5|J3QRV5_HUMAN,6N8S_A,4.1e-210,1657.74,162.31,338.39,94.46
tr|K7EKH4|K7EKH4_HUMAN,7D3F_D,36.0,30.41,nan,nan,nan
tr|M0R2F9|M0R2F9_HUMAN,4NQA_I,4e-55,348.65,134.02,50.50,126.52
tr|Q14899|Q14899_HUMAN,6QDV_c,62.0,29.89,nan,nan,nan
sp|Q5DJT8|CT452_HUMAN,7PKS_f,2.3e-13,123.89,104.23,19.66,102.36
tr|Q5JX45|Q5JX45_HUMAN,6KXU_C,1.5e-63,429.77,209.07,136.77,168.70
tr|Q5QPI7|Q5QPI7_HUMAN,4A57_C,6.6e-21,168.97,144.65,9.98,144.32
tr|Q5SY34|Q5SY34_HUMAN,5Y86_A,9e-55,365.68,171.16,97.19,146.93
sp|Q5T036|F120S_HUMAN,6YXY_EH,110.0,33.12,nan,nan,nan
tr|Q5T2Z0|Q5T2Z0_HUMAN,4DJA_A,130.0,26.74,nan,nan,nan
tr|Q5T5I6|Q5T5I6_HUMAN,4TU3_A,1.7e-46,330.19,287.56,66.80,277.20
tr|Q5T6L5|Q5T6L5_HUMAN,6E5Y_A,2e-31,217.07,93.43,46.61,85.59
sp|Q5T6R2|TPT2L_HUMAN,7JVX_A,0.0034,48.91,nan,nan,nan
sp|Q5T750|KPLCE_HUMAN,6ZM6_A3,290.0,25.75,nan,nan,nan
sp|Q5TBK1|N42L1_HUMAN,2IA5_H,6.1e-12,92.7,65.60,9.11,65.03
tr|Q5TEH5|Q5TEH5_HUMAN,4DUR_A,8.4e-25,171.32,125.79,43.44,116.17
tr|Q5W006|Q5W006_HUMAN,6VWU_A,2.5e-14,114.16,103.53,8.68,103.17
sp|Q69YW2|STUM_HUMAN,7P5C_B,130.0,26.54,nan,nan,nan
sp|Q8N6N2|TTC9B_HUMAN,2IF4_A,8e-08,77.58,77.58,0.00,77.58
sp|Q8N8J7|F241A_HUMAN,6QP6_A,35.0,32.29,nan,nan,nan
sp|Q8N9T2|CX042_HUMAN,5INE_A,380.0,25.38,nan,nan,nan
sp|Q96MC9|CA147_HUMAN,4DT2_B,530.0,21.54,nan,nan,nan
sp|Q9NYP8|CU062_HUMAN,5YYS_B,340.0,26.57,nan,nan,nan
tr|S4R418|S4R418_HUMAN,2FIC_B,5.2e-16,125.08,95.74,23.22,92.82
tr|A0A024R3B8|A0A024R3B8_HUMAN,6X5S_B,22.0,29.25,nan,nan,nan
tr|A0A075B735|A0A075B735_HUMAN,3CB2_B,0.00066,47.94,nan,nan,nan
tr|A0A087WT38|A0A087WT38_HUMAN,4JHN_D,2.5e-05,61.91,nan,nan,nan
tr|A0A087WWN2|A0A087WWN2_HUMAN,2HYE_C,1.1e-30,214.95,100.66,31.97,97.01
tr|A0A087WY77|A0A087WY77_HUMAN,6XJX_Q,68.0,23.5,nan,nan,nan
tr|A0A087WZQ0|A0A087WZQ0_HUMAN,2KG4_A,1.9e-22,145.62,133.56,9.13,133.26
tr|A0A087WZZ6|A0A087WZZ6_HUMAN,2ACM_A,2.1e-06,53.47,53.47,0.00,53.47
tr|A0A087X0Y3|A0A087X0Y3_HUMAN,5X6O_C,400.0,28.63,nan,nan,nan
tr|A0A087X1C0|A0A087X1C0_HUMAN,6ZYW_Y,5.7e-17,147.09,81.83,34.91,75.65
tr|A0A096LNX6|A0A096LNX6_HUMAN,7OOP_S,45.0,31.08,nan,nan,nan
tr|A0A096LPB2|A0A096LPB2_HUMAN,7K31_A,28.0,24.85,nan,nan,nan
tr|A0A0C4DGA7|A0A0C4DGA7_HUMAN,7AM2_Ax,1.5e-13,121.54,79.19,18.73,77.11
tr|A0A0C4DGA9|A0A0C4DGA9_HUMAN,7BV9_A,8.2e-05,63.32,nan,nan,nan
tr|A0A0C4DGD3|A0A0C4DGD3_HUMAN,7OC9_A,270.0,23.32,nan,nan,nan
tr|A0A0D9SEM4|A0A0D9SEM4_HUMAN,6X89_S5,3.2e-24,173.42,80.25,24.12,76.67
tr|A0A0D9SFZ4|A0A0D9SFZ4_HUMAN,7MN6_A,4.7e-11,108.18,67.56,8.39,67.11
tr|A0A0G2JLL1|A0A0G2JLL1_HUMAN,6HGO_C,43.0,22.88,nan,nan,nan
tr|A0A0G2JMA0|A0A0G2JMA0_HUMAN,1Q5C_B,3.2,40.88,nan,nan,nan
tr|A0A0G2JMF9|A0A0G2JMF9_HUMAN,6QNX_C,1.1e-21,187.16,76.43,27.82,71.72
tr|A0A0G2JMV9|A0A0G2JMV9_HUMAN,3VH8_G,0.00024,47.8,nan,nan,nan
tr|A0A0G2JN09|A0A0G2JN09_HUMAN,3VH8_G,4.1e-29,179.01,74.83,20.41,72.91
tr|A0A0G2JNR0|A0A0G2JNR0_HUMAN,6GRT_B,2.4e-10,82.54,61.94,10.69,60.96
tr|A0A0G2JPW3|A0A0G2JPW3_HUMAN,4BNE_B,2.6e-10,97.51,73.66,15.50,72.02
tr|A0A0S2Z3I2|A0A0S2Z3I2_HUMAN,5LGD_A,4.9e-42,288.04,256.57,19.08,255.89
tr|A0A0U1RQG2|A0A0U1RQG2_HUMAN,6X9O_A,120.0,33.26,nan,nan,nan
tr|A0A0U1RQL4|A0A0U1RQL4_HUMAN,3IHP_B,0.0012,59.56,nan,nan,nan
tr|A0A140T997|A0A140T997_HUMAN,6AT5_A,3e-37,230.29,162.08,54.30,151.54
tr|A0A140T9K2|A0A140T9K2_HUMAN,7LUV_M,3.8e-06,53.45,53.45,0.00,53.45
tr|A0A140TA11|A0A140TA11_HUMAN,6AT5_A,2.6e-35,217.29,139.63,53.01,127.30
tr|A0A1B0GTQ5|A0A1B0GTQ5_HUMAN,5C8J_L,35.0,27.74,nan,nan,nan
tr|A0A1B0GTV4|A0A1B0GTV4_HUMAN,7RRO_U,3.6e-15,119.15,107.34,8.35,107.03
tr|A0A1B0GUC1|A0A1B0GUC1_HUMAN,6T36_B,87.0,25.81,nan,nan,nan
tr|A0A1B0GUH2|A0A1B0GUH2_HUMAN,6JP8_A,6e-48,387.98,121.87,64.56,110.62
tr|A0A1B0GUI5|A0A1B0GUI5_HUMAN,7MIX_C,3e-60,426.39,214.96,127.75,176.01
tr|A0A1B0GUZ4|A0A1B0GUZ4_HUMAN,3JB9_M,140.0,24.4,nan,nan,nan
tr|A0A1B0GV17|A0A1B0GV17_HUMAN,6Y5A_D,4.2e-34,246.3,135.28,58.27,123.95
tr|A0A1B0GVR1|A0A1B0GVR1_HUMAN,1JO5_A,260.0,18.58,nan,nan,nan
tr|A0A1B0GXL9|A0A1B0GXL9_HUMAN,6T9K_Q,46.0,35.88,nan,nan,nan
tr|A0A1D5RMP5|A0A1D5RMP5_HUMAN,6N4V_I,130.0,17.37,nan,nan,nan
tr|A0A1D5RMR8|A0A1D5RMR8_HUMAN,4B0T_A,48.0,17.61,nan,nan,nan
tr|A0A1W2PP76|A0A1W2PP76_HUMAN,3NAF_A,0.0081,39.69,nan,nan,nan
tr|A0A1W2PQ00|A0A1W2PQ00_HUMAN,3GNI_B,1.6e-34,215.26,126.21,10.23,125.84
tr|A0A286YF41|A0A286YF41_HUMAN,4PX7_A,0.47,32.17,nan,nan,nan
tr|A0A2R8Y4V9|A0A2R8Y4V9_HUMAN,5OET_B,5.1e-12,99.1,85.38,10.20,84.75
tr|A0A2R8Y5A1|A0A2R8Y5A1_HUMAN,5KZ5_H,7.2e-33,209.19,107.18,30.47,104.26
tr|A0A2R8Y6A4|A0A2R8Y6A4_HUMAN,6Z9U_D,9.6e-40,249.91,217.56,45.75,212.13
tr|A0A2R8Y6Q2|A0A2R8Y6Q2_HUMAN,7EEB_B,3.7e-16,107.14,107.14,0.00,107.14
tr|A0A2R8Y6Q5|A0A2R8Y6Q5_HUMAN,2FZ0_A,210.0,20.85,nan,nan,nan
tr|A0A2R8Y784|A0A2R8Y784_HUMAN,6ZNL_Z,1.8e-06,82.43,75.34,7.10,75.00
tr|A0A2R8Y8A3|A0A2R8Y8A3_HUMAN,6ZFB_h,1.7e-07,103.07,91.24,9.98,90.65
tr|A0A2R8YCV2|A0A2R8YCV2_HUMAN,2ML5_A,30.0,22.46,nan,nan,nan
tr|A0A2R8YD12|A0A2R8YD12_HUMAN,1JMO_A,6.6e-47,332.67,265.30,22.41,264.35
tr|A0A2R8YDL0|A0A2R8YDL0_HUMAN,7KWO_V,1.1e-116,1021.99,359.05,325.05,250.74
tr|A0A2R8YET2|A0A2R8YET2_HUMAN,6IGM_H,5.1,54.85,nan,nan,nan
tr|A0A2R8YF63|A0A2R8YF63_HUMAN,6Q6H_A,2.7e-34,288.24,268.10,25.69,266.81
tr|A0A2R8YFF1|A0A2R8YFF1_HUMAN,6AR0_A,1.6e-08,82.45,72.22,6.13,71.96
tr|A0A2R8YGH2|A0A2R8YGH2_HUMAN,6R5K_O,9.3e-15,126.19,81.00,7.66,80.66
tr|A0A2R8YH87|A0A2R8YH87_HUMAN,6APL_C,1.4e-12,97.49,81.81,9.19,81.31
tr|A0A2R8YHG0|A0A2R8YHG0_HUMAN,6Z9U_D,2.3e-27,175.85,148.56,38.59,142.71
tr|A0A2U3TZJ0|A0A2U3TZJ0_HUMAN,6HZN_A,4.7e-43,308.99,110.63,46.94,104.52
tr|A0A3B3IRS1|A0A3B3IRS1_HUMAN,6GCI_A,5.9e-33,222.6,189.66,15.82,189.04
tr|A0A3B3IS97|A0A3B3IS97_HUMAN,2MF8_A,0.19,31.36,nan,nan,nan
tr|A0A3B3ISG3|A0A3B3ISG3_HUMAN,2YAD_C,2.4,28.25,nan,nan,nan
tr|A0A3B3ISW0|A0A3B3ISW0_HUMAN,7D85_A,16.0,29.32,nan,nan,nan
tr|A0A3B3ITG2|A0A3B3ITG2_HUMAN,3UF1_D,4.1e-05,48.07,44.86,0.00,44.86
tr|A0A3B3ITU3|A0A3B3ITU3_HUMAN,6S48_A,270.0,23.25,nan,nan,nan
tr|A0A3B3ITX8|A0A3B3ITX8_HUMAN,2KJX_A,5.5e-07,54.29,54.29,0.00,54.29
tr|A0A3B3IUB7|A0A3B3IUB7_HUMAN,3UA0_B,130.0,21.24,nan,nan,nan
tr|A0A494C0E7|A0A494C0E7_HUMAN,6AED_A,0.0006,38.77,nan,nan,nan
tr|A0A494C0J6|A0A494C0J6_HUMAN,7ENN_K,2.7e-67,484.49,134.48,77.01,121.36
tr|A0A494C0R2|A0A494C0R2_HUMAN,5DAG_A,5.3e-27,156.34,103.09,34.99,97.18
tr|A0A494C178|A0A494C178_HUMAN,2EEF_A,6.3e-12,109.34,98.83,7.65,98.54
tr|A0A494C1A0|A0A494C1A0_HUMAN,4D1E_A,1.5e-99,722.32,116.32,104.25,95.13
tr|A0A494C1C3|A0A494C1C3_HUMAN,7DSK_A,0.0064,62.5,nan,nan,nan
tr|A0A494C1N2|A0A494C1N2_HUMAN,3TSZ_A,9.7e-27,222.81,125.80,45.17,118.93
tr|A0A494C1R6|A0A494C1R6_HUMAN,6RAX_4,850.0,21.32,nan,nan,nan
tr|A0A590UIX9|A0A590UIX9_HUMAN,7O0V_H1,21.0,25.86,nan,nan,nan
tr|A0A590UJI1|A0A590UJI1_HUMAN,4PO6_A,2.3e-27,243.66,131.43,44.38,125.48
tr|A0A5F9ZGZ4|A0A5F9ZGZ4_HUMAN,7NH5_A,8.8e-09,65.48,65.48,0.00,65.48
tr|A0A669KAY2|A0A669KAY2_HUMAN,6FTO_C,53.0,20.62,nan,nan,nan
tr|A0A6I8PLA6|A0A6I8PLA6_HUMAN,6LQO_L,51.0,23.97,nan,nan,nan
tr|A0A6I8PRH3|A0A6I8PRH3_HUMAN,4OHR_A,40.0,16.74,nan,nan,nan
tr|A0A6I8PRR0|A0A6I8PRR0_HUMAN,4XRU_A,0.32,37.27,nan,nan,nan
tr|A0A6I8PTV4|A0A6I8PTV4_HUMAN,1R42_A,38.0,22.74,nan,nan,nan
tr|A0A6Q8PF64|A0A6Q8PF64_HUMAN,4ICW_A,4.9e-22,147.82,134.69,11.15,134.22
tr|A0A6Q8PF92|A0A6Q8PF92_HUMAN,6OV2_A,3.7e-13,94.59,88.92,3.59,88.85
tr|A0A6Q8PG00|A0A6Q8PG00_HUMAN,1OEY_K,6.4e-16,117.73,66.16,19.93,63.87
tr|A0A6Q8PG78|A0A6Q8PG78_HUMAN,6ZD9_B,1.1,29.68,nan,nan,nan
tr|A0A6Q8PGL4|A0A6Q8PGL4_HUMAN,5UKH_A,110.0,22.83,nan,nan,nan
tr|A0A6Q8PGM3|A0A6Q8PGM3_HUMAN,5U70_A,8.7e-245,2001.84,229.17,303.10,152.36
tr|A0A6Q8PHB1|A0A6Q8PHB1_HUMAN,3SSO_F,8.3,31.43,nan,nan,nan
tr|A0A7I2V367|A0A7I2V367_HUMAN,3PBH_A,1.1e-25,159.61,104.05,18.57,102.25
tr|A0A7I2V3P8|A0A7I2V3P8_HUMAN,3N44_F,0.0024,50.87,nan,nan,nan
tr|A0A7I2V4M3|A0A7I2V4M3_HUMAN,6RWK_z,77.0,20.7,nan,nan,nan
tr|A0A7I2V5F5|A0A7I2V5F5_HUMAN,6QX9_5X,1.5e-43,334.62,174.09,50.92,164.72
tr|A0A7I2YQB8|A0A7I2YQB8_HUMAN,6Z0U_RA,91.0,27.91,nan,nan,nan
tr|A0A7I2YQP6|A0A7I2YQP6_HUMAN,6U3G_A,3.6e-09,76.02,66.45,4.69,66.29
tr|A0A7P0T863|A0A7P0T863_HUMAN,3IHP_B,3.9e-17,126.35,126.35,0.00,126.35
tr|A0A7P0T926|A0A7P0T926_HUMAN,1DEU_A,2.8e-28,173.92,91.84,17.08,90.44
tr|A0A7P0T9C1|A0A7P0T9C1_HUMAN,5DI3_B,1.4e-22,153.43,81.35,9.95,80.80
tr|A0A7P0T9H5|A0A7P0T9H5_HUMAN,6IAK_F,1.4e-08,103.52,103.52,0.00,103.52
tr|A0A7P0TAG4|A0A7P0TAG4_HUMAN,6VFK_A,35.0,28.38,nan,nan,nan
tr|A0A7P0TAM6|A0A7P0TAM6_HUMAN,1EG4_A,1e-29,208.11,208.11,0.00,208.11
tr|A0A7P0TAY0|A0A7P0TAY0_HUMAN,5FTJ_B,2.8e-34,251.03,114.27,37.20,108.70
tr|A0A7P0TAZ7|A0A7P0TAZ7_HUMAN,7ASE_f,4.6e-115,1041.28,155.55,59.02,150.21
tr|A0A7P0TB88|A0A7P0TB88_HUMAN,4X83_B,1.9,27.84,nan,nan,nan
tr|A0A7P0TBL9|A0A7P0TBL9_HUMAN,5MST_B,5e-05,70.31,nan,nan,nan
tr|A0A7P0TBP2|A0A7P0TBP2_HUMAN,6ICI_A,5.8e-06,88.25,77.66,7.62,77.30
tr|A0A7P0Z4H0|A0A7P0Z4H0_HUMAN,5X89_A,4.1e-08,80.51,67.95,5.26,67.75
tr|A0A804HI81|A0A804HI81_HUMAN,7NJ1_A,1.4e-06,107.63,90.68,8.60,90.27
tr|A0A804HJL9|A0A804HJL9_HUMAN,7NRC_A,12.0,47.1,nan,nan,nan
tr|A0A804HKI2|A0A804HKI2_HUMAN,6YXY_Ao,5.1e-13,162.06,116.06,20.54,114.24
tr|A0A804HLD6|A0A804HLD6_HUMAN,6LKZ_D,8.0,40.0,nan,nan,nan
tr|A0A8I5KPW2|A0A8I5KPW2_HUMAN,6GCI_A,6.2e-08,63.11,57.53,3.14,57.45
tr|A0A8I5KQX3|A0A8I5KQX3_HUMAN,6FX0_A,2.2e-31,202.95,74.48,28.85,70.23
tr|A0A8I5KRH2|A0A8I5KRH2_HUMAN,2YUK_A,2.2e-25,188.91,188.91,0.00,188.91
tr|A0A8I5KTT9|A0A8I5KTT9_HUMAN,5CQS_A,4.7e-11,113.24,94.22,11.69,93.48
tr|A0A8I5KWE3|A0A8I5KWE3_HUMAN,7ADO_A,5e-18,143.86,118.68,35.61,112.24
tr|A0A8I5KXL5|A0A8I5KXL5_HUMAN,5YZ0_C,12.0,33.12,nan,nan,nan
tr|A0A8I5QJ67|A0A8I5QJ67_HUMAN,7JTK_k,0.0014,47.89,nan,nan,nan
tr|A0A8I5QJ95|A0A8I5QJ95_HUMAN,7MGP_A,8.3,22.64,nan,nan,nan
tr|A0A8I5QJH7|A0A8I5QJH7_HUMAN,4NN2_B,3.9e-12,76.28,67.05,8.17,66.55
tr|A0A8I5QKV6|A0A8I5QKV6_HUMAN,6QK7_A,4.8e-19,195.46,123.11,12.41,122.54
tr|A0A8Q3WL81|A0A8Q3WL81_HUMAN,7KZT_M,5.3e-55,369.57,252.65,104.28,227.73
tr|A0A8Q3WLE6|A0A8Q3WLE6_HUMAN,6VMK_I,2.6e-05,47.99,nan,nan,nan
tr|A0A8Q3WMD3|A0A8Q3WMD3_HUMAN,7KZT_M,4.1e-16,125.51,104.03,22.74,101.37
tr|A0A8V8TKL8|A0A8V8TKL8_HUMAN,7LHK_B,1.7e-13,104.05,104.05,0.00,104.05
tr|A0A8V8TKM3|A0A8V8TKM3_HUMAN,7SGL_D,1.1e-10,81.26,68.15,13.11,66.88
tr|A0A8V8TKR0|A0A8V8TKR0_HUMAN,1T77_B,9.8e-100,722.82,81.97,34.50,80.32
tr|A0A8V8TKV2|A0A8V8TKV2_HUMAN,4L8T_A,1.1e-86,604.11,401.47,81.89,393.94
tr|A0A8V8TKV9|A0A8V8TKV9_HUMAN,3HUF_C,0.0014,42.12,nan,nan,nan
tr|A0A8V8TL55|A0A8V8TL55_HUMAN,6PBC_A,1.7e-11,101.13,84.44,8.02,84.07
tr|A0A8V8TLX8|A0A8V8TLX8_HUMAN,6XJL_A,2.2e-58,432.92,314.25,64.34,304.31
tr|A0A8V8TNF0|A0A8V8TNF0_HUMAN,6XJL_A,5.7e-48,353.53,267.01,47.62,261.14
tr|A0A8V8TP80|A0A8V8TP80_HUMAN,4G4S_P,1.9e-30,212.27,131.07,35.64,127.13
tr|A0A8V8TQ99|A0A8V8TQ99_HUMAN,6X6A_E,1.5e-28,208.93,158.31,37.13,153.85
tr|A0A994J4J1|A0A994J4J1_HUMAN,7LBG_B,54.0,33.86,nan,nan,nan
tr|A0A994J5D1|A0A994J5D1_HUMAN,7ENA_Dc,170.0,23.75,nan,nan,nan
tr|A0A994J5D8|A0A994J5D8_HUMAN,3ZBQ_A,140.0,21.4,nan,nan,nan
tr|A0A994J5E9|A0A994J5E9_HUMAN,2D68_B,5.2e-13,94.11,94.11,0.00,94.11
tr|A0A994J7C1|A0A994J7C1_HUMAN,3GHG_I,3.8e-35,308.51,140.38,66.26,126.62
tr|A0A9L9PX96|A0A9L9PX96_HUMAN,7NRC_A,160.0,33.38,nan,nan,nan
tr|A0A9L9PY19|A0A9L9PY19_HUMAN,6KN7_a,1.7e-36,239.83,110.83,50.10,102.44
tr|A0A9L9PY35|A0A9L9PY35_HUMAN,5F87_E,3e-45,338.9,287.70,96.54,256.65
tr|A0A9L9PYG2|A0A9L9PYG2_HUMAN,4DUR_A,1.1e-129,907.7,149.56,181.44,102.86
tr|A2ABC7|A2ABC7_HUMAN,6SAZ_D,240.0,19.03,nan,nan,nan
tr|A2ABE9|A2ABE9_HUMAN,1EWR_B,2.6e-16,138.4,129.21,7.97,128.97
tr|A6PVI2|A6PVI2_HUMAN,4DUR_A,6.8e-174,1254.85,176.13,108.01,155.89
tr|A6PVI4|A6PVI4_HUMAN,6QAJ_B,2.7e-21,146.06,98.28,31.62,92.55
tr|A8K382|A8K382_HUMAN,3L01_B,1.5e-06,61.67,61.67,0.00,61.67
tr|A8MTZ4|A8MTZ4_HUMAN,6N2O_D,67.0,23.61,nan,nan,nan
tr|A8MVF3|A8MVF3_HUMAN,1VLH_D,68.0,20.18,nan,nan,nan
tr|A8MW78|A8MW78_HUMAN,3QWY_B,1.7e-18,122.39,65.54,19.21,62.90
tr|A8MZ84|A8MZ84_HUMAN,5OR7_C,7.1e-07,65.13,56.17,6.96,55.74
tr|A8MZH0|A8MZH0_HUMAN,6AED_A,7.9e-41,252.89,91.69,25.97,89.01
tr|B3KN83|B3KN83_HUMAN,6C48_B,1.2e-25,146.06,146.06,0.00,146.06
tr|B3KVL5|B3KVL5_HUMAN,6ZYM_9,0.59,43.84,nan,nan,nan
tr|B3KYB6|B3KYB6_HUMAN,2A1L_A,6.2e-31,194.33,191.72,1.89,191.71
tr|B4DI24|B4DI24_HUMAN,6HG4_B,1e-27,210.3,210.30,0.00,210.30
tr|B4DM24|B4DM24_HUMAN,6T29_AAA,4.1e-36,241.26,165.70,14.06,165.14
tr|B7Z757|B7Z757_HUMAN,4C7N_A,5.2e-10,77.59,69.36,10.55,68.49
tr|B7ZLE8|B7ZLE8_HUMAN,5YUD_A,1.3e-201,1659.87,148.22,176.97,127.77
tr|B8ZZZ9|B8ZZZ9_HUMAN,6Z47_G,5.1e-07,99.61,92.07,6.41,91.84
tr|C9IZG1|C9IZG1_HUMAN,2R1D_H,0.0032,40.18,nan,nan,nan
tr|C9J091|C9J091_HUMAN,6ZXG_k,78.0,25.81,nan,nan,nan
tr|C9J123|C9J123_HUMAN,2XKX_B,0.046,44.5,nan,nan,nan
tr|C9J184|C9J184_HUMAN,5KYM_B,0.58,30.97,nan,nan,nan
tr|C9J2U3|C9J2U3_HUMAN,6F1T_f,1400.0,16.13,nan,nan,nan
tr|C9J2Y4|C9J2Y4_HUMAN,2L9D_A,18.0,26.52,nan,nan,nan
tr|C9J3R7|C9J3R7_HUMAN,5AKO_C,99.0,21.86,nan,nan,nan
tr|C9J4Q7|C9J4Q7_HUMAN,5VBD_A,31.0,26.37,nan,nan,nan
tr|C9J5D1|C9J5D1_HUMAN,2OB0_C,3.9e-09,61.6,49.85,2.77,49.78
tr|C9J6M2|C9J6M2_HUMAN,3F5F_A,1.1e-06,71.99,70.61,1.38,70.60
tr|C9J795|C9J795_HUMAN,4FOM_A,4.9e-14,89.37,52.19,7.17,51.74
tr|C9J7Y7|C9J7Y7_HUMAN,6PA7_P,1.1e-05,67.75,56.41,7.00,55.98
tr|C9J847|C9J847_HUMAN,4OGR_G,2.7e-19,116.58,100.55,16.04,99.26
tr|C9J8C2|C9J8C2_HUMAN,1K8Q_A,1.6e-09,73.84,57.79,4.42,57.63
tr|C9J979|C9J979_HUMAN,7BFP_B,5.7e-63,443.55,93.02,58.50,83.55
tr|C9J9H5|C9J9H5_HUMAN,6TDM_A,63.0,20.14,nan,nan,nan
tr|C9J9Y9|C9J9Y9_HUMAN,3UAI_A,40.0,25.08,nan,nan,nan
tr|C9JBF0|C9JBF0_HUMAN,7LHW_A,5.1e-232,1898.76,1898.76,0.00,1898.76
tr|C9JCE4|C9JCE4_HUMAN,5T1D_C,8.3e-05,46.09,40.67,0.00,40.67
tr|C9JDV1|C9JDV1_HUMAN,6WKO_A,110.0,23.96,nan,nan,nan
tr|C9JGT0|C9JGT0_HUMAN,7SP5_B,9e-14,109.28,75.61,10.00,75.05
tr|C9JI11|C9JI11_HUMAN,6WCQ_C,0.0065,39.07,nan,nan,nan
tr|C9JIY7|C9JIY7_HUMAN,7KNA_C,25.0,27.88,nan,nan,nan
tr|C9JJ18|C9JJ18_HUMAN,6T29_AAA,9e-42,252.57,196.29,12.16,195.92
tr|C9JKG9|C9JKG9_HUMAN,7BMH_A,59.0,27.94,nan,nan,nan
tr|C9JME8|C9JME8_HUMAN,7BL1_CCC,3e-11,102.48,77.74,5.98,77.52
tr|C9JQD0|C9JQD0_HUMAN,3SLK_B,4.2e-07,72.34,56.35,3.11,56.27
tr|C9JQW5|C9JQW5_HUMAN,2HQX_B,7.1e-13,93.01,74.40,11.62,73.43
tr|C9JQZ3|C9JQZ3_HUMAN,5WHG_A,0.018,46.86,nan,nan,nan
tr|C9JRD2|C9JRD2_HUMAN,6U3S_A,1.7e-41,260.53,77.37,30.88,73.13
tr|C9JVC6|C9JVC6_HUMAN,4X82_B,0.014,44.54,nan,nan,nan
tr|C9JVJ0|C9JVJ0_HUMAN,3ICU_A,0.63,31.65,nan,nan,nan
tr|C9JW74|C9JW74_HUMAN,4CCY_A,5.1e-16,121.03,85.78,12.56,84.85
tr|C9JWD6|C9JWD6_HUMAN,5WUA_C,1.3e-19,162.92,126.93,18.44,125.56
tr|C9JYH9|C9JYH9_HUMAN,6YLG_s,3.9e-18,132.06,132.06,0.00,132.06
tr|C9JYW3|C9JYW3_HUMAN,4V6W_CU,7.3,28.59,nan,nan,nan
tr|C9JZA4|C9JZA4_HUMAN,6ZNL_Z,2.1e-16,126.3,51.99,16.54,50.34
tr|C9K0A9|C9K0A9_HUMAN,2WAD_A,45.0,24.55,nan,nan,nan
tr|C9K0U5|C9K0U5_HUMAN,2WVR_B,5.6e-12,90.37,90.37,0.00,90.37
tr|D6R9M7|D6R9M7_HUMAN,7DVQ_4,5.4e-10,95.05,57.71,11.76,56.58
tr|D6R9U6|D6R9U6_HUMAN,6WCQ_C,1.6e-10,83.96,54.32,7.54,53.87
tr|D6R9Z3|D6R9Z3_HUMAN,5D28_A,47.0,28.33,nan,nan,nan
tr|D6RB68|D6RB68_HUMAN,6UD5_B,3.2e-10,78.64,68.17,8.78,67.61
tr|D6RBE8|D6RBE8_HUMAN,5A63_B,490.0,25.03,nan,nan,nan
tr|D6RBX4|D6RBX4_HUMAN,5NV6_A,1.5e-14,102.92,102.92,0.00,102.92
tr|D6RDB2|D6RDB2_HUMAN,1F6B_A,3.1e-16,93.33,59.85,6.98,59.46
tr|D6RDU3|D6RDU3_HUMAN,6DHS_B,2.4e-13,82.37,56.36,8.67,55.78
tr|D6RE08|D6RE08_HUMAN,4I0O_A,120.0,18.08,nan,nan,nan
tr|D6REW7|D6REW7_HUMAN,7NS4_i,5.3e-28,216.91,174.94,57.73,163.16
tr|D6RF15|D6RF15_HUMAN,7JZW_J,17.0,25.16,nan,nan,nan
tr|D6RGZ8|D6RGZ8_HUMAN,3QS7_F,0.0077,39.62,nan,nan,nan
tr|D6RHV7|D6RHV7_HUMAN,7LX2_C,90.0,26.6,nan,nan,nan
tr|D6RHY5|D6RHY5_HUMAN,6H0I_A,14.0,27.52,nan,nan,nan
tr|D6RIG7|D6RIG7_HUMAN,5YZ0_B,1.4e-23,188.23,188.23,0.00,188.23
tr|D6RIV8|D6RIV8_HUMAN,3BRD_A,8.7e-15,106.75,101.30,4.49,101.20
tr|D6RIZ3|D6RIZ3_HUMAN,5A4P_A,1e-18,125.75,77.28,11.93,76.46
tr|D6RJ93|D6RJ93_HUMAN,7AOI_BE,310.0,23.78,nan,nan,nan
tr|E5RFH8|E5RFH8_HUMAN,7O3E_I,4.2e-06,48.54,48.54,0.00,48.54
tr|E5RFK8|E5RFK8_HUMAN,7DL2_D,0.25,51.62,nan,nan,nan
tr|E5RGT2|E5RGT2_HUMAN,1IUQ_A,0.028,43.07,nan,nan,nan
tr|E5RHF9|E5RHF9_HUMAN,4WYK_C,0.015,43.97,nan,nan,nan
tr|E5RI82|E5RI82_HUMAN,2BJI_A,3.5e-23,149.05,127.89,11.05,127.41
tr|E5RJ11|E5RJ11_HUMAN,1QQG_B,9.1e-12,90.81,78.53,13.50,77.29
tr|E5RJN1|E5RJN1_HUMAN,3FAJ_A,150.0,17.13,nan,nan,nan
tr|E7ER64|E7ER64_HUMAN,6S1Y_A,92.0,22.0,nan,nan,nan
tr|E7ERE6|E7ERE6_HUMAN,6QNX_A,0.038,46.34,nan,nan,nan
tr|E7ETT1|E7ETT1_HUMAN,5ING_D,1.6e-92,678.5,454.32,149.21,419.84
tr|E7EWF8|E7EWF8_HUMAN,3OR1_B,3.4,35.86,nan,nan,nan
tr|E9PAL0|E9PAL0_HUMAN,6ULC_L,3.6,29.59,nan,nan,nan
tr|E9PBU7|E9PBU7_HUMAN,4Z33_A,9.7e-18,116.09,75.65,15.80,74.12
tr|E9PCY7|E9PCY7_HUMAN,6ASO_A,2.3e-14,123.24,77.64,16.70,76.04
tr|E9PGY2|E9PGY2_HUMAN,7DVQ_1,0.0028,62.22,nan,nan,nan
tr|E9PI29|E9PI29_HUMAN,6LKN_F,27.0,24.53,nan,nan,nan
tr|E9PI79|E9PI79_HUMAN,1M1C_B,87.0,30.54,nan,nan,nan
tr|E9PIB8|E9PIB8_HUMAN,4HD5_A,15.0,27.09,nan,nan,nan
tr|E9PIH0|E9PIH0_HUMAN,6RKW_B,100.0,25.21,nan,nan,nan
tr|E9PIJ1|E9PIJ1_HUMAN,7A4Y_D,9.7,23.35,nan,nan,nan
tr|E9PJ54|E9PJ54_HUMAN,4QUV_B,7.8e-09,83.54,83.54,0.00,83.54
tr|E9PJB9|E9PJB9_HUMAN,6OIT_B,28.0,26.64,nan,nan,nan
tr|E9PJF1|E9PJF1_HUMAN,6ID1_L,9.3e-24,214.16,124.57,44.46,116.35
tr|E9PJG1|E9PJG1_HUMAN,3DWB_A,1.5e-18,116.75,111.05,3.10,111.01
tr|E9PK16|E9PK16_HUMAN,7F9O_9,19.0,24.27,nan,nan,nan
tr|E9PK37|E9PK37_HUMAN,6WVG_B,8.5e-06,59.12,55.89,3.39,55.79
tr|E9PK75|E9PK75_HUMAN,5EJ3_A,240.0,20.75,nan,nan,nan
tr|E9PK84|E9PK84_HUMAN,2H6H_A,1.8e-17,107.96,104.21,5.30,104.07
tr|E9PKD5|E9PKD5_HUMAN,6FVT_M,3.9e-40,269.55,98.37,27.23,95.25
tr|E9PKL5|E9PKL5_HUMAN,7O2W_B,920.0,24.22,nan,nan,nan
tr|E9PL85|E9PL85_HUMAN,7WAB_A,5e-23,155.92,56.39,16.12,55.19
tr|E9PLA2|E9PLA2_HUMAN,2ZEJ_B,0.0001,50.28,42.74,1.73,42.70
tr|E9PMG9|E9PMG9_HUMAN,5OJ2_B,3.6e-19,145.57,96.47,6.74,96.25
tr|E9PMT9|E9PMT9_HUMAN,4YO2_A,0.011,46.04,nan,nan,nan
tr|E9PMY0|E9PMY0_HUMAN,3UA0_B,54.0,25.41,nan,nan,nan
tr|E9PNN5|E9PNN5_HUMAN,6DEE_A,38.0,28.98,nan,nan,nan
tr|E9PNP0|E9PNP0_HUMAN,7PER_H,0.85,46.23,nan,nan,nan
tr|E9PNX5|E9PNX5_HUMAN,5E33_A,1.1e-23,171.71,133.58,27.21,130.95
tr|E9PP79|E9PP79_HUMAN,4QUV_B,5.1e-08,76.76,76.76,0.00,76.76
tr|E9PQE2|E9PQE2_HUMAN,2XSN_C,34.0,24.96,nan,nan,nan
tr|E9PQJ8|E9PQJ8_HUMAN,1S94_B,0.44,26.81,nan,nan,nan
tr|E9PRX6|E9PRX6_HUMAN,1I8N_B,48.0,23.87,nan,nan,nan
tr|F2Z3J0|F2Z3J0_HUMAN,5N4A_A,120.0,25.77,nan,nan,nan
tr|F2Z3J3|F2Z3J3_HUMAN,7BLX_L,15.0,27.38,nan,nan,nan
tr|F5GWK2|F5GWK2_HUMAN,6QJA_B,9.5e-09,65.55,65.55,0.00,65.55
tr|F5GXP0|F5GXP0_HUMAN,7LAF_B,1.4e-15,139.84,127.78,14.03,126.91
tr|F5GYB3|F5GYB3_HUMAN,6AED_A,4.2e-07,61.09,55.07,3.95,54.92
tr|F5H0P0|F5H0P0_HUMAN,7JPT_A,0.0032,51.92,42.58,2.75,42.49
tr|F5H2F7|F5H2F7_HUMAN,5GUH_A,1.6e-13,120.63,97.88,22.74,95.21
tr|F5H2Z3|F5H2Z3_HUMAN,3V7O_B,3.7e-26,173.34,66.52,19.19,64.41
tr|F5H552|F5H552_HUMAN,2KSN_A,77.0,25.42,nan,nan,nan
tr|F5H5G1|F5H5G1_HUMAN,6U7N_A,6.4e-33,192.26,120.93,19.86,119.36
tr|F5H684|F5H684_HUMAN,5ZLG_A,3.7e-05,49.1,nan,nan,nan
tr|F5H6J5|F5H6J5_HUMAN,7DCO_2,4.3e-10,94.66,87.89,4.27,87.79
tr|F5H7E5|F5H7E5_HUMAN,4BJM_C,78.0,21.75,nan,nan,nan
tr|F5H8G2|F5H8G2_HUMAN,3JT0_A,1.0,28.56,nan,nan,nan
tr|F6QD81|F6QD81_HUMAN,1B9X_C,67.0,20.4,nan,nan,nan
tr|F6S232|F6S232_HUMAN,6U42_5G,5.5e-21,163.19,155.71,7.48,155.53
tr|F8VVA2|F8VVA2_HUMAN,6QX9_5X,1.2e-23,184.6,184.60,0.00,184.60
tr|F8VVZ1|F8VVZ1_HUMAN,1D2Z_D,9e-06,53.95,53.95,0.00,53.95
tr|F8VXI1|F8VXI1_HUMAN,6ZKI_i,0.0017,41.91,nan,nan,nan
tr|F8VXK7|F8VXK7_HUMAN,6GYB_F,110.0,25.27,nan,nan,nan
tr|F8VZC2|F8VZC2_HUMAN,6D80_A,31.0,28.16,nan,nan,nan
tr|F8VZG8|F8VZG8_HUMAN,5OK6_B,3.8e-17,113.77,97.19,14.79,95.95
tr|F8VZR6|F8VZR6_HUMAN,1V18_B,62.0,21.34,nan,nan,nan
tr|F8VZS2|F8VZS2_HUMAN,1ZBD_B,0.00017,41.97,nan,nan,nan
tr|F8W026|F8W026_HUMAN,2CG9_B,1e-06,61.27,57.29,2.39,57.24
tr|F8W0J2|F8W0J2_HUMAN,5UQS_C,1.6e-11,90.65,77.68,12.97,76.59
tr|F8W1H7|F8W1H7_HUMAN,1TUZ_A,4.8e-16,102.46,102.46,0.00,102.46
tr|F8WAU2|F8WAU2_HUMAN,1WVC_A,2.7,24.36,nan,nan,nan
tr|F8WAZ7|F8WAZ7_HUMAN,6QAJ_B,0.00036,43.42,nan,nan,nan
tr|F8WB43|F8WB43_HUMAN,6HG4_B,3.5e-12,103.56,103.56,0.00,103.56
tr|F8WBB7|F8WBB7_HUMAN,3HQI_B,0.00015,44.47,nan,nan,nan
tr|F8WBK6|F8WBK6_HUMAN,3HN3_E,4.7e-16,116.03,72.88,17.05,71.35
tr|F8WBZ6|F8WBZ6_HUMAN,4CV5_D,6.2e-14,104.26,102.73,1.53,102.72
tr|F8WC38|F8WC38_HUMAN,6AHV_A,6.4e-14,106.46,106.46,0.00,106.46
tr|F8WCA5|F8WCA5_HUMAN,4PKD_B,2e-09,91.33,68.99,10.11,68.35
tr|F8WCL8|F8WCL8_HUMAN,4NJH_B,53.0,20.97,nan,nan,nan
tr|F8WCN6|F8WCN6_HUMAN,5M33_A,0.066,35.21,nan,nan,nan
tr|F8WDC0|F8WDC0_HUMAN,7C7Q_A,2.7e-25,184.54,91.85,50.79,80.15
tr|F8WDP4|F8WDP4_HUMAN,5R97_A,5.1e-21,131.03,80.05,8.30,79.67
tr|F8WDY2|F8WDY2_HUMAN,7NSC_D,62.0,25.56,nan,nan,nan
tr|F8WE27|F8WE27_HUMAN,6HG4_B,6.1e-13,104.32,104.32,0.00,104.32
tr|F8WE36|F8WE36_HUMAN,7D3F_D,0.04,45.37,nan,nan,nan
tr|F8WEF2|F8WEF2_HUMAN,4D10_H,6.7e-08,63.31,63.31,0.00,63.31
tr|F8WEN9|F8WEN9_HUMAN,3D87_A,150.0,20.52,nan,nan,nan
tr|F8WF62|F8WF62_HUMAN,2GAH_A,1.1e-05,67.91,64.02,2.87,63.95
tr|G3V190|G3V190_HUMAN,1ZJC_A,150.0,23.98,nan,nan,nan
tr|G3V1A3|G3V1A3_HUMAN,4WJ7_A,0.00055,50.9,nan,nan,nan
tr|G3V1B4|G3V1B4_HUMAN,4JHN_D,1.2e-30,224.5,135.94,30.23,132.62
tr|G3V2F2|G3V2F2_HUMAN,1R6T_A,2.3e-06,60.21,59.44,0.78,59.43
tr|G3V2K3|G3V2K3_HUMAN,6WCQ_C,9.3e-05,52.44,nan,nan,nan
tr|G3V2M3|G3V2M3_HUMAN,6UX2_A,4.5e-08,76.22,65.60,6.72,65.26
tr|G3V3W7|G3V3W7_HUMAN,6TF9_hP1,5.3e-13,92.96,78.67,11.22,77.62
tr|G3V412|G3V412_HUMAN,6TBU_A,83.0,29.07,nan,nan,nan
tr|G3V488|G3V488_HUMAN,7N9F_z,320.0,24.88,nan,nan,nan
tr|G3V4U0|G3V4U0_HUMAN,3M0C_C,6.7e-17,154.82,84.19,26.68,80.27
tr|G3V4X7|G3V4X7_HUMAN,1Q99_B,9.9,27.59,nan,nan,nan
tr|G5E9Y3|G5E9Y3_HUMAN,3LJU_X,6.6e-17,147.51,99.29,19.50,97.43
tr|H0Y300|H0Y300_HUMAN,4F4O_L,5.3e-47,302.31,124.53,31.65,120.63
tr|H0Y486|H0Y486_HUMAN,7VOP_V,41.0,36.53,nan,nan,nan
tr|H0Y4D4|H0Y4D4_HUMAN,2IIK_B,4.2e-23,155.62,94.38,16.04,93.19
tr|H0Y4Z1|H0Y4Z1_HUMAN,2NUN_A,41.0,29.16,nan,nan,nan
tr|H0Y549|H0Y549_HUMAN,6U42_7X,0.00031,50.2,nan,nan,nan
tr|H0Y5V3|H0Y5V3_HUMAN,1NIJ_A,1.5e-37,247.65,99.17,48.19,92.01
tr|H0Y641|H0Y641_HUMAN,6LKN_F,470.0,23.43,nan,nan,nan
tr|H0Y6P3|H0Y6P3_HUMAN,5Z7D_B,3.5e-22,152.95,128.14,20.98,126.10
tr|H0Y7Q3|H0Y7Q3_HUMAN,7D3F_D,0.089,47.74,nan,nan,nan
tr|H0Y8W5|H0Y8W5_HUMAN,1XA6_A,1.5e-20,161.37,127.08,16.16,126.11
tr|H0Y8X7|H0Y8X7_HUMAN,1PZD_A,7.7e-41,274.35,200.37,62.93,189.18
tr|H0YA69|H0YA69_HUMAN,5B5O_B,130.0,19.76,nan,nan,nan
tr|H0YAV7|H0YAV7_HUMAN,6YFA_CA,110.0,27.56,nan,nan,nan
tr|H0YB00|H0YB00_HUMAN,6FOA_A,5.3e-22,167.53,167.53,0.00,167.53
tr|H0YBA8|H0YBA8_HUMAN,6ZNL_Z,3.3e-09,108.89,64.57,17.17,62.74
tr|H0YBD6|H0YBD6_HUMAN,1LS4_A,2.8,27.14,nan,nan,nan
tr|H0YC64|H0YC64_HUMAN,1IUQ_A,0.065,40.75,nan,nan,nan
tr|H0YC69|H0YC69_HUMAN,6Y6E_A,1.8,32.34,nan,nan,nan
tr|H0YCV5|H0YCV5_HUMAN,6Z9U_D,2.3e-27,175.35,147.76,39.02,141.72
tr|H0YD52|H0YD52_HUMAN,6I50_A,87.0,22.04,nan,nan,nan
tr|H0YDZ4|H0YDZ4_HUMAN,6PCV_A,1.9e-182,1505.35,1505.35,0.00,1505.35
tr|H0YEE6|H0YEE6_HUMAN,4JYX_A,9.4e-19,131.17,112.72,9.08,112.34
tr|H0YEY7|H0YEY7_HUMAN,2I9W_A,39.0,26.87,nan,nan,nan
tr|H0YF45|H0YF45_HUMAN,5NZS_P,1.3e-17,133.48,75.33,25.01,72.13
tr|H0YG41|H0YG41_HUMAN,5CXY_A,3.7e-29,195.77,115.19,40.30,109.82
tr|H0YGN9|H0YGN9_HUMAN,5KGQ_A,18.0,23.09,nan,nan,nan
tr|H0YGS3|H0YGS3_HUMAN,1CCD_A,75.0,19.42,nan,nan,nan
tr|H0YGZ9|H0YGZ9_HUMAN,6KTR_D,8.2e-05,44.6,nan,nan,nan
tr|H0YHT0|H0YHT0_HUMAN,4K0R_A,7e-16,124.17,124.17,0.00,124.17
tr|H0YHY5|H0YHY5_HUMAN,5B4X_B,0.0019,48.22,47.92,0.00,47.92
tr|H0YJX7|H0YJX7_HUMAN,3GM8_A,600.0,19.04,nan,nan,nan
tr|H0YJY7|H0YJY7_HUMAN,1Z5X_E,30.0,20.51,nan,nan,nan
tr|H0YKR7|H0YKR7_HUMAN,5B86_A,2.2e-21,166.77,113.19,31.18,109.54
tr|H0YL94|H0YL94_HUMAN,5CK3_B,4.7e-05,50.27,41.63,1.77,41.59
tr|H0YL98|H0YL98_HUMAN,7KEK_E,2.7e-12,113.34,90.24,7.43,89.93
tr|H0YL99|H0YL99_HUMAN,6ZM6_AI,4.6e-27,173.58,99.45,52.53,87.61
tr|H0YMW1|H0YMW1_HUMAN,5RAG_A,54.0,25.24,nan,nan,nan
tr|H0YNB5|H0YNB5_HUMAN,7LCU_A,1.5e-25,174.98,79.52,22.30,77.37
tr|H0YNN1|H0YNN1_HUMAN,5KGQ_A,68.0,25.09,nan,nan,nan
tr|H0YNS8|H0YNS8_HUMAN,6UPL_H,1.5e-06,74.68,54.61,10.01,53.77
tr|H0YNU6|H0YNU6_HUMAN,5WF2_A,54.0,25.87,nan,nan,nan
tr|H0YNV7|H0YNV7_HUMAN,6CX6_B,14.0,19.9,nan,nan,nan
tr|H3BN14|H3BN14_HUMAN,6FIE_B,4.3e-19,123.2,69.00,11.70,68.07
tr|H3BN75|H3BN75_HUMAN,6OWT_A,0.0047,43.01,nan,nan,nan
tr|H3BNS5|H3BNS5_HUMAN,1UF2_H,350.0,22.93,nan,nan,nan
tr|H3BPT3|H3BPT3_HUMAN,4X96_C,3.1e-18,141.18,122.67,11.51,122.15
tr|H3BPX8|H3BPX8_HUMAN,3WW3_B,23.0,29.52,nan,nan,nan
tr|H3BPY5|H3BPY5_HUMAN,3AQQ_B,1.1e-27,159.75,91.49,55.78,75.58
tr|H3BQ49|H3BQ49_HUMAN,2ID5_A,2.1e-19,127.1,73.50,14.35,72.20
tr|H3BQE7|H3BQE7_HUMAN,4V60_I,6.8e-08,78.78,77.97,0.57,77.97
tr|H3BQW7|H3BQW7_HUMAN,7KZT_S,1e-20,170.72,169.28,2.04,169.27
tr|H3BR89|H3BR89_HUMAN,4J8S_A,2.6e-37,241.24,214.53,26.71,212.86
tr|H3BRD6|H3BRD6_HUMAN,6QNX_C,9e-06,78.06,54.69,9.93,53.88
tr|H3BRY1|H3BRY1_HUMAN,7ASV_A,4.6e-20,148.11,119.84,27.64,116.61
tr|H3BS69|H3BS69_HUMAN,6ZS0_BBB,24.0,25.57,nan,nan,nan
tr|H3BSP0|H3BSP0_HUMAN,6Z1P_BO,240.0,21.91,nan,nan,nan
tr|H3BSX6|H3BSX6_HUMAN,6ZJM_G,29.0,26.44,nan,nan,nan
tr|H3BT24|H3BT24_HUMAN,2MH0_A,0.56,29.69,nan,nan,nan
tr|H3BT75|H3BT75_HUMAN,1TDH_A,3.6e-44,300.23,101.85,73.34,87.04
tr|H3BU01|H3BU01_HUMAN,2ZWA_B,0.23,33.43,nan,nan,nan
tr|H3BUD7|H3BUD7_HUMAN,6MP5_B,0.002,43.14,nan,nan,nan
tr|H3BUJ3|H3BUJ3_HUMAN,7D3F_D,260.0,24.48,nan,nan,nan
tr|H3BUQ8|H3BUQ8_HUMAN,6WTH_B,1.1e-45,313.14,158.11,87.80,136.40
tr|H3BV83|H3BV83_HUMAN,2P0G_D,1.2,21.99,nan,nan,nan
tr|H3BVD5|H3BVD5_HUMAN,2WD9_C,6.6e-15,107.47,69.81,15.16,68.45
tr|H7BZ31|H7BZ31_HUMAN,2JU4_A,58.0,26.36,nan,nan,nan
tr|H7BZ52|H7BZ52_HUMAN,5LZT_jj,86.0,36.43,nan,nan,nan
tr|H7BZC6|H7BZC6_HUMAN,5U6Y_J,9.4e-17,121.08,72.16,14.99,70.87
tr|H7C0N6|H7C0N6_HUMAN,6QVC_A,1.5e-28,225.06,113.25,53.25,103.65
tr|H7C1F2|H7C1F2_HUMAN,3OML_A,140.0,27.83,nan,nan,nan
tr|H7C1F3|H7C1F3_HUMAN,4KYC_A,2.5,28.26,nan,nan,nan
tr|H7C1N1|H7C1N1_HUMAN,6YGH_D,2.8,33.82,nan,nan,nan
tr|H7C1Z2|H7C1Z2_HUMAN,5JHO_B,8.2e-29,201.31,190.48,18.55,189.45
tr|H7C2A7|H7C2A7_HUMAN,4HWM_A,16.0,25.91,nan,nan,nan
tr|H7C2P7|H7C2P7_HUMAN,3J6B_P,4.1e-15,118.14,78.49,17.63,76.72
tr|H7C2W2|H7C2W2_HUMAN,6L8O_A,8.9e-18,162.39,94.58,19.73,93.05
tr|H7C348|H7C348_HUMAN,3ZW5_A,7e-16,90.61,63.01,5.94,62.75
tr|H7C361|H7C361_HUMAN,2MUQ_A,7.6e-08,64.43,62.20,2.40,62.16
tr|H7C5D9|H7C5D9_HUMAN,3CVR_A,2.2e-15,145.23,93.97,14.66,92.89
tr|H7C5T6|H7C5T6_HUMAN,5X7Q_B,84.0,20.78,nan,nan,nan
tr|I1E4Y6|I1E4Y6_HUMAN,5NVK_D,1.1e-15,132.03,98.52,20.70,96.48
tr|I3L0I7|I3L0I7_HUMAN,5IM8_A,22.0,25.82,nan,nan,nan
tr|I3L131|I3L131_HUMAN,7NRC_A,4.3,41.49,nan,nan,nan
tr|I3L1F1|I3L1F1_HUMAN,1SVC_P,400.0,21.18,nan,nan,nan
tr|I3L1K8|I3L1K8_HUMAN,5XPD_A,0.3,27.22,nan,nan,nan
tr|I3L1R8|I3L1R8_HUMAN,2J3T_C,0.0012,35.85,nan,nan,nan
tr|I3L1Z4|I3L1Z4_HUMAN,4E6S_A,3.1e-09,56.74,52.14,3.00,52.05
tr|I3L277|I3L277_HUMAN,3OXH_A,0.13,32.42,nan,nan,nan
tr|I3L3U1|I3L3U1_HUMAN,6FSA_D,3.2e-08,58.22,56.46,3.05,56.37
tr|I3L407|I3L407_HUMAN,2ORY_B,0.066,35.91,nan,nan,nan
tr|I3L4R7|I3L4R7_HUMAN,6SG9_CE,290.0,27.36,nan,nan,nan
tr|I3NI36|I3NI36_HUMAN,7MQA_SW,0.0012,56.69,nan,nan,nan
tr|J3KNE7|J3KNE7_HUMAN,4I3H_A,9.7,37.45,nan,nan,nan
tr|J3KNK0|J3KNK0_HUMAN,5IRI_B,2.2e-41,280.93,275.68,5.25,275.63
tr|J3KRF8|J3KRF8_HUMAN,2DDU_A,46.0,26.34,nan,nan,nan
tr|J3KRQ6|J3KRQ6_HUMAN,6ELZ_n,130.0,27.45,nan,nan,nan
tr|J3KRW4|J3KRW4_HUMAN,4X3N_B,50.0,25.97,nan,nan,nan
tr|J3KST2|J3KST2_HUMAN,7C7X_E,3.2e-08,71.55,65.53,2.64,65.48
tr|J3KSW7|J3KSW7_HUMAN,7DVQ_4,2e-09,81.8,47.75,9.43,46.89
tr|J3QL50|J3QL50_HUMAN,2FIY_A,160.0,22.44,nan,nan,nan
tr|J3QL69|J3QL69_HUMAN,2JTN_A,0.00026,39.2,nan,nan,nan
tr|J3QLA2|J3QLA2_HUMAN,6YSN_B,87.0,23.45,nan,nan,nan
tr|J3QLD3|J3QLD3_HUMAN,2MGY_A,1.1e-07,57.53,54.22,1.84,54.19
tr|J3QLG1|J3QLG1_HUMAN,7T7C_H,0.57,36.05,nan,nan,nan
tr|J3QR00|J3QR00_HUMAN,7KMT_B,4.3e-20,167.84,167.84,0.00,167.84
tr|J3QR05|J3QR05_HUMAN,6ELZ_w,3.0,31.3,nan,nan,nan
tr|J3QR33|J3QR33_HUMAN,6T36_A,18.0,30.82,nan,nan,nan
tr|J3QS17|J3QS17_HUMAN,6X9G_A,0.19,33.36,nan,nan,nan
tr|J3QS64|J3QS64_HUMAN,6GMH_M,0.065,46.25,nan,nan,nan
tr|J3QSH7|J3QSH7_HUMAN,2L4Z_A,0.0033,39.38,nan,nan,nan
tr|K4DIA6|K4DIA6_HUMAN,5MFA_A,1.6e-104,773.7,526.58,191.71,452.26
tr|K7EJH3|K7EJH3_HUMAN,7C06_J,0.29,29.59,nan,nan,nan
tr|K7EKM4|K7EKM4_HUMAN,2O07_A,4.2e-07,63.33,63.33,0.00,63.33
tr|K7EKU7|K7EKU7_HUMAN,2H8H_A,1.5e-12,88.71,58.08,9.58,57.33
tr|K7ELP0|K7ELP0_HUMAN,6OTN_C,9.4e-10,60.3,45.17,7.92,44.53
tr|K7ELQ5|K7ELQ5_HUMAN,5JXT_K,18.0,26.55,nan,nan,nan
tr|K7EMJ2|K7EMJ2_HUMAN,4QC8_A,42.0,27.89,nan,nan,nan
tr|K7EMM5|K7EMM5_HUMAN,4E15_B,5.8e-12,90.44,75.48,14.95,73.99
tr|K7EMP5|K7EMP5_HUMAN,6ZBE_A,360.0,23.46,nan,nan,nan
tr|K7ENB0|K7ENB0_HUMAN,3RRU_A,9.4e-16,93.89,84.71,4.71,84.58
tr|K7ENR9|K7ENR9_HUMAN,1UW0_A,4.7e-22,137.11,102.29,10.26,101.85
tr|K7ENY5|K7ENY5_HUMAN,5YZG_i,6.8,25.06,nan,nan,nan
tr|K7EP88|K7EP88_HUMAN,6LK8_D,1e-18,114.98,69.31,22.12,66.38
tr|K7EPF5|K7EPF5_HUMAN,4NFU_B,130.0,26.05,nan,nan,nan
tr|K7EQU1|K7EQU1_HUMAN,6FCX_A,99.0,19.61,nan,nan,nan
tr|K7ER45|K7ER45_HUMAN,4G4S_P,9.2e-12,89.76,68.88,11.09,68.06
tr|K7ERF6|K7ERF6_HUMAN,6P3H_C,15.0,29.31,nan,nan,nan
tr|K7ERL3|K7ERL3_HUMAN,7CNS_A,190.0,22.17,nan,nan,nan
tr|K7ERZ6|K7ERZ6_HUMAN,5ZE3_B,5.5e-15,109.97,71.63,19.29,69.41
tr|K7ES75|K7ES75_HUMAN,5A2E_A,5.6e-12,80.64,54.13,16.67,51.75
tr|K7ESB0|K7ESB0_HUMAN,5KZN_A,160.0,20.19,nan,nan,nan
tr|K7ESB9|K7ESB9_HUMAN,7KSR_A,0.00055,51.77,nan,nan,nan
tr|K7ESN6|K7ESN6_HUMAN,3LHR_B,3.6e-05,36.22,nan,nan,nan
tr|M0QX01|M0QX01_HUMAN,6KN7_a,2.1e-19,132.87,119.65,10.06,119.24
tr|M0QXC9|M0QXC9_HUMAN,7MQA_SD,0.00055,39.58,nan,nan,nan
tr|M0QXE2|M0QXE2_HUMAN,3M1C_B,84.0,25.54,nan,nan,nan
tr|M0QXT4|M0QXT4_HUMAN,2G9E_A,11.0,24.81,nan,nan,nan
tr|M0QYC1|M0QYC1_HUMAN,3ODW_B,1e-65,476.48,161.54,70.97,150.49
tr|M0QYP4|M0QYP4_HUMAN,5VKJ_A,3.2e-08,60.82,60.82,0.00,60.82
tr|M0QYY4|M0QYY4_HUMAN,7ADO_I,3.5e-06,55.71,55.63,0.08,55.63
tr|M0QZ02|M0QZ02_HUMAN,2YB0_E,8.6,31.01,nan,nan,nan
tr|M0QZL4|M0QZL4_HUMAN,5YPS_E,89.0,19.18,nan,nan,nan
tr|M0R027|M0R027_HUMAN,6AU8_A,4.5e-08,69.17,69.17,0.00,69.17
tr|M0R081|M0R081_HUMAN,7N9F_z,100.0,31.68,nan,nan,nan
tr|M0R0U7|M0R0U7_HUMAN,5LY5_A,3.9,28.7,nan,nan,nan
tr|M0R112|M0R112_HUMAN,7JPP_C,18.0,28.84,nan,nan,nan
tr|M0R142|M0R142_HUMAN,5LKT_A,91.0,27.04,nan,nan,nan
tr|M0R148|M0R148_HUMAN,5KHQ_A,0.0029,47.71,nan,nan,nan
tr|M0R1E2|M0R1E2_HUMAN,6TDV_s,48.0,24.42,nan,nan,nan
tr|M0R253|M0R253_HUMAN,6XXJ_B,2e-23,166.91,131.15,21.12,129.49
tr|Q06HB5|Q06HB5_HUMAN,6QNX_C,0.78,39.14,nan,nan,nan
tr|Q3MS88|Q3MS88_HUMAN,4XI2_A,2.8e-18,119.88,64.92,21.65,62.25
tr|Q3SY61|Q3SY61_HUMAN,5U70_A,1.5e-80,613.52,207.69,123.35,186.53
tr|Q5FBW6|Q5FBW6_HUMAN,6UX2_A,5.6e-06,57.61,49.19,4.35,49.01
tr|Q5FC02|Q5FC02_HUMAN,7NKG_C,65.0,26.0,nan,nan,nan
tr|Q5JPA5|Q5JPA5_HUMAN,5DV7_C,1.2e-14,114.98,97.13,17.85,95.48
tr|Q5JX60|Q5JX60_HUMAN,6KXU_C,1.2e-29,206.3,118.89,58.33,106.63
tr|Q5JYW6|Q5JYW6_HUMAN,7DL2_D,2.9,48.81,nan,nan,nan
tr|Q5T0S4|Q5T0S4_HUMAN,3GRO_B,7.6e-28,177.18,145.61,28.67,142.40
tr|Q5T370|Q5T370_HUMAN,2R51_A,5.4e-20,149.38,122.47,18.23,120.94
tr|Q5T4L2|Q5T4L2_HUMAN,6IAK_F,1.4e-09,96.49,96.49,0.00,96.49
tr|Q5T6P2|Q5T6P2_HUMAN,7AEJ_C,190.0,23.44,nan,nan,nan
tr|Q5TBW1|Q5TBW1_HUMAN,5YP4_B,1.1e-09,84.12,67.42,5.19,67.22
tr|Q5TEH7|Q5TEH7_HUMAN,4EBA_C,130.0,26.83,nan,nan,nan
tr|Q5VUC9|Q5VUC9_HUMAN,6AHU_C,6.7e-27,184.68,127.66,57.02,114.23
tr|Q5VUY5|Q5VUY5_HUMAN,7RRO_8,8.6e-31,192.77,159.19,33.58,155.61
tr|Q5VXC0|Q5VXC0_HUMAN,3ODW_B,0.0023,57.01,nan,nan,nan
tr|Q672R2|Q672R2_HUMAN,4OM3_D,0.18,27.34,nan,nan,nan
tr|Q6AI25|Q6AI25_HUMAN,7KS0_C,300.0,23.88,nan,nan,nan
tr|Q6PJI1|Q6PJI1_HUMAN,3NWN_A,2.6e-12,85.13,73.00,12.13,71.98
tr|Q6Y8G5|Q6Y8G5_HUMAN,6QNX_C,5.4e-08,93.89,53.30,10.77,52.32
sp|Q6ZR85|CQ107_HUMAN,6SGA_FJ,40.0,32.81,nan,nan,nan
tr|Q708E6|Q708E6_HUMAN,6ID1_L,9.5e-25,208.84,122.23,43.90,114.03
sp|Q8N3U1|YS014_HUMAN,1Z3V_A,120.0,27.72,nan,nan,nan
tr|Q8WTX0|Q8WTX0_HUMAN,6MAL_A,0.011,42.72,nan,nan,nan
tr|R4GMQ4|R4GMQ4_HUMAN,1N3H_A,0.00066,45.55,nan,nan,nan
tr|R4GMS5|R4GMS5_HUMAN,2F40_A,26.0,23.08,nan,nan,nan
tr|R4GNC0|R4GNC0_HUMAN,6DXW_C,1.3e-21,151.49,97.75,28.52,93.84
tr|U3KPV9|U3KPV9_HUMAN,2QSB_A,49.0,18.72,nan,nan,nan
tr|U3KQ77|U3KQ77_HUMAN,6ZHU_H,6.6e-20,131.63,58.15,13.55,56.93
tr|U3KQM4|U3KQM4_HUMAN,7FDJ_C,74.0,25.34,nan,nan,nan
tr|V9GY03|V9GY03_HUMAN,7EGG_D,1.6e-17,143.7,143.70,0.00,143.70
tr|V9GY29|V9GY29_HUMAN,4KLZ_A,2.1e-10,60.89,49.79,3.64,49.66
tr|V9GY78|V9GY78_HUMAN,6QWJ_v,230.0,24.63,nan,nan,nan
tr|V9GY82|V9GY82_HUMAN,6ZNQ_A,93.0,28.4,nan,nan,nan
tr|V9GYX5|V9GYX5_HUMAN,4CHD_A,120.0,23.88,nan,nan,nan
tr|W4VSQ5|W4VSQ5_HUMAN,6ZDX_B,0.068,36.05,nan,nan,nan
tr|X6R5E5|X6R5E5_HUMAN,7MOP_A,0.062,60.52,nan,nan,nan
tr|X6R6F3|X6R6F3_HUMAN,5LQ7_A,82.0,28.35,nan,nan,nan
tr|X6RA30|X6RA30_HUMAN,4ZGO_A,3.9e-50,345.43,303.43,40.65,300.69